     1 00000000                                 [FORMAT "WCOFF"]
     2 00000000                                 [INSTRSET "i486p"]
     3 00000000                                 [OPTIMIZE 1]
     4 00000000                                 [OPTION 1]
     5 00000000                                 [BITS 32]
     6 00000000                                 	EXTERN	_init_gdtidt
     7 00000000                                 	EXTERN	_init_pic
     8 00000000                                 	EXTERN	_io_sti
     9 00000000                                 	EXTERN	_fifo32_init
    10 00000000                                 	EXTERN	_init_pit
    11 00000000                                 	EXTERN	_init_keyboard
    12 00000000                                 	EXTERN	_enable_mouse
    13 00000000                                 	EXTERN	_io_out8
    14 00000000                                 	EXTERN	_memtest
    15 00000000                                 	EXTERN	_memman_init
    16 00000000                                 	EXTERN	_memman_free
    17 00000000                                 	EXTERN	_init_palette
    18 00000000                                 	EXTERN	_shtctl_init
    19 00000000                                 	EXTERN	_task_init
    20 00000000                                 	EXTERN	_task_run
    21 00000000                                 	EXTERN	_sheet_alloc
    22 00000000                                 	EXTERN	_memman_alloc_4k
    23 00000000                                 	EXTERN	_sheet_setbuf
    24 00000000                                 	EXTERN	_init_screen8
    25 00000000                                 	EXTERN	_task_alloc
    26 00000000                                 	EXTERN	_timer_alloc
    27 00000000                                 	EXTERN	_timer_init
    28 00000000                                 	EXTERN	_timer_settime
    29 00000000                                 	EXTERN	_init_mouse_cursor8
    30 00000000                                 	EXTERN	_sheet_slide
    31 00000000                                 	EXTERN	_sheet_updown
    32 00000000                                 	EXTERN	_sprintf
    33 00000000                                 	EXTERN	_memman_total
    34 00000000                                 	EXTERN	_io_cli
    35 00000000                                 	EXTERN	_fifo32_status
    36 00000000                                 	EXTERN	_fifo32_get
    37 00000000                                 	EXTERN	_boxfill8
    38 00000000                                 	EXTERN	_sheet_refresh
    39 00000000                                 	EXTERN	_mouse_decode
    40 00000000                                 	EXTERN	_keytable0.0
    41 00000000                                 	EXTERN	_wait_KBC_sendready
    42 00000000                                 	EXTERN	_fifo32_put
    43 00000000                                 	EXTERN	_keytable1.1
    44 00000000                                 	EXTERN	_task_sleep
    45 00000000                                 	EXTERN	_putfonts8_asc
    46 00000000                                 	EXTERN	_task_now
    47 00000000                                 [FILE "bootpack.c"]
    48                                          [SECTION .data]
    49 00000000                                 _keytable0.0:
    50 00000000 00                              	DB	0
    51 00000001 00                              	DB	0
    52 00000002 31                              	DB	49
    53 00000003 32                              	DB	50
    54 00000004 33                              	DB	51
    55 00000005 34                              	DB	52
    56 00000006 35                              	DB	53
    57 00000007 36                              	DB	54
    58 00000008 37                              	DB	55
    59 00000009 38                              	DB	56
    60 0000000A 39                              	DB	57
    61 0000000B 30                              	DB	48
    62 0000000C 2D                              	DB	45
    63 0000000D 5E                              	DB	94
    64 0000000E 00                              	DB	0
    65 0000000F 00                              	DB	0
    66 00000010 51                              	DB	81
    67 00000011 57                              	DB	87
    68 00000012 45                              	DB	69
    69 00000013 52                              	DB	82
    70 00000014 54                              	DB	84
    71 00000015 59                              	DB	89
    72 00000016 55                              	DB	85
    73 00000017 49                              	DB	73
    74 00000018 4F                              	DB	79
    75 00000019 50                              	DB	80
    76 0000001A 40                              	DB	64
    77 0000001B 5B                              	DB	91
    78 0000001C 00                              	DB	0
    79 0000001D 00                              	DB	0
    80 0000001E 41                              	DB	65
    81 0000001F 53                              	DB	83
    82 00000020 44                              	DB	68
    83 00000021 46                              	DB	70
    84 00000022 47                              	DB	71
    85 00000023 48                              	DB	72
    86 00000024 4A                              	DB	74
    87 00000025 4B                              	DB	75
    88 00000026 4C                              	DB	76
    89 00000027 3B                              	DB	59
    90 00000028 3A                              	DB	58
    91 00000029 00                              	DB	0
    92 0000002A 00                              	DB	0
    93 0000002B 5D                              	DB	93
    94 0000002C 5A                              	DB	90
    95 0000002D 58                              	DB	88
    96 0000002E 43                              	DB	67
    97 0000002F 56                              	DB	86
    98 00000030 42                              	DB	66
    99 00000031 4E                              	DB	78
   100 00000032 4D                              	DB	77
   101 00000033 2C                              	DB	44
   102 00000034 2E                              	DB	46
   103 00000035 2F                              	DB	47
   104 00000036 00                              	DB	0
   105 00000037 2A                              	DB	42
   106 00000038 00                              	DB	0
   107 00000039 20                              	DB	32
   108 0000003A 00                              	DB	0
   109 0000003B 00                              	DB	0
   110 0000003C 00                              	DB	0
   111 0000003D 00                              	DB	0
   112 0000003E 00                              	DB	0
   113 0000003F 00                              	DB	0
   114 00000040 00                              	DB	0
   115 00000041 00                              	DB	0
   116 00000042 00                              	DB	0
   117 00000043 00                              	DB	0
   118 00000044 00                              	DB	0
   119 00000045 00                              	DB	0
   120 00000046 00                              	DB	0
   121 00000047 37                              	DB	55
   122 00000048 38                              	DB	56
   123 00000049 39                              	DB	57
   124 0000004A 2D                              	DB	45
   125 0000004B 34                              	DB	52
   126 0000004C 35                              	DB	53
   127 0000004D 36                              	DB	54
   128 0000004E 2B                              	DB	43
   129 0000004F 31                              	DB	49
   130 00000050 32                              	DB	50
   131 00000051 33                              	DB	51
   132 00000052 30                              	DB	48
   133 00000053 2E                              	DB	46
   134 00000054 00                              	DB	0
   135 00000055 00                              	DB	0
   136 00000056 00                              	DB	0
   137 00000057 00                              	DB	0
   138 00000058 00                              	DB	0
   139 00000059 00                              	DB	0
   140 0000005A 00                              	DB	0
   141 0000005B 00                              	DB	0
   142 0000005C 00                              	DB	0
   143 0000005D 00                              	DB	0
   144 0000005E 00                              	DB	0
   145 0000005F 00                              	DB	0
   146 00000060 00                              	DB	0
   147 00000061 00                              	DB	0
   148 00000062 00                              	DB	0
   149 00000063 00                              	DB	0
   150 00000064 00                              	DB	0
   151 00000065 00                              	DB	0
   152 00000066 00                              	DB	0
   153 00000067 00                              	DB	0
   154 00000068 00                              	DB	0
   155 00000069 00                              	DB	0
   156 0000006A 00                              	DB	0
   157 0000006B 00                              	DB	0
   158 0000006C 00                              	DB	0
   159 0000006D 00                              	DB	0
   160 0000006E 00                              	DB	0
   161 0000006F 00                              	DB	0
   162 00000070 00                              	DB	0
   163 00000071 00                              	DB	0
   164 00000072 00                              	DB	0
   165 00000073 5C                              	DB	92
   166 00000074 00                              	DB	0
   167 00000075 00                              	DB	0
   168 00000076 00                              	DB	0
   169 00000077 00                              	DB	0
   170 00000078 00                              	DB	0
   171 00000079 00                              	DB	0
   172 0000007A 00                              	DB	0
   173 0000007B 00                              	DB	0
   174 0000007C 00                              	DB	0
   175 0000007D 5C                              	DB	92
   176 0000007E 00                              	DB	0
   177 0000007F 00                              	DB	0
   178 00000080                                 _keytable1.1:
   179 00000080 00                              	DB	0
   180 00000081 00                              	DB	0
   181 00000082 21                              	DB	33
   182 00000083 22                              	DB	34
   183 00000084 23                              	DB	35
   184 00000085 24                              	DB	36
   185 00000086 25                              	DB	37
   186 00000087 26                              	DB	38
   187 00000088 27                              	DB	39
   188 00000089 28                              	DB	40
   189 0000008A 29                              	DB	41
   190 0000008B 7E                              	DB	126
   191 0000008C 3D                              	DB	61
   192 0000008D 7E                              	DB	126
   193 0000008E 00                              	DB	0
   194 0000008F 00                              	DB	0
   195 00000090 51                              	DB	81
   196 00000091 57                              	DB	87
   197 00000092 45                              	DB	69
   198 00000093 52                              	DB	82
   199 00000094 54                              	DB	84
   200 00000095 59                              	DB	89
   201 00000096 55                              	DB	85
   202 00000097 49                              	DB	73
   203 00000098 4F                              	DB	79
   204 00000099 50                              	DB	80
   205 0000009A 60                              	DB	96
   206 0000009B 7B                              	DB	123
   207 0000009C 00                              	DB	0
   208 0000009D 00                              	DB	0
   209 0000009E 41                              	DB	65
   210 0000009F 53                              	DB	83
   211 000000A0 44                              	DB	68
   212 000000A1 46                              	DB	70
   213 000000A2 47                              	DB	71
   214 000000A3 48                              	DB	72
   215 000000A4 4A                              	DB	74
   216 000000A5 4B                              	DB	75
   217 000000A6 4C                              	DB	76
   218 000000A7 2B                              	DB	43
   219 000000A8 2A                              	DB	42
   220 000000A9 00                              	DB	0
   221 000000AA 00                              	DB	0
   222 000000AB 7D                              	DB	125
   223 000000AC 5A                              	DB	90
   224 000000AD 58                              	DB	88
   225 000000AE 43                              	DB	67
   226 000000AF 56                              	DB	86
   227 000000B0 42                              	DB	66
   228 000000B1 4E                              	DB	78
   229 000000B2 4D                              	DB	77
   230 000000B3 3C                              	DB	60
   231 000000B4 3E                              	DB	62
   232 000000B5 3F                              	DB	63
   233 000000B6 00                              	DB	0
   234 000000B7 2A                              	DB	42
   235 000000B8 00                              	DB	0
   236 000000B9 20                              	DB	32
   237 000000BA 00                              	DB	0
   238 000000BB 00                              	DB	0
   239 000000BC 00                              	DB	0
   240 000000BD 00                              	DB	0
   241 000000BE 00                              	DB	0
   242 000000BF 00                              	DB	0
   243 000000C0 00                              	DB	0
   244 000000C1 00                              	DB	0
   245 000000C2 00                              	DB	0
   246 000000C3 00                              	DB	0
   247 000000C4 00                              	DB	0
   248 000000C5 00                              	DB	0
   249 000000C6 00                              	DB	0
   250 000000C7 37                              	DB	55
   251 000000C8 38                              	DB	56
   252 000000C9 39                              	DB	57
   253 000000CA 2D                              	DB	45
   254 000000CB 34                              	DB	52
   255 000000CC 35                              	DB	53
   256 000000CD 36                              	DB	54
   257 000000CE 2B                              	DB	43
   258 000000CF 31                              	DB	49
   259 000000D0 32                              	DB	50
   260 000000D1 33                              	DB	51
   261 000000D2 30                              	DB	48
   262 000000D3 2E                              	DB	46
   263 000000D4 00                              	DB	0
   264 000000D5 00                              	DB	0
   265 000000D6 00                              	DB	0
   266 000000D7 00                              	DB	0
   267 000000D8 00                              	DB	0
   268 000000D9 00                              	DB	0
   269 000000DA 00                              	DB	0
   270 000000DB 00                              	DB	0
   271 000000DC 00                              	DB	0
   272 000000DD 00                              	DB	0
   273 000000DE 00                              	DB	0
   274 000000DF 00                              	DB	0
   275 000000E0 00                              	DB	0
   276 000000E1 00                              	DB	0
   277 000000E2 00                              	DB	0
   278 000000E3 00                              	DB	0
   279 000000E4 00                              	DB	0
   280 000000E5 00                              	DB	0
   281 000000E6 00                              	DB	0
   282 000000E7 00                              	DB	0
   283 000000E8 00                              	DB	0
   284 000000E9 00                              	DB	0
   285 000000EA 00                              	DB	0
   286 000000EB 00                              	DB	0
   287 000000EC 00                              	DB	0
   288 000000ED 00                              	DB	0
   289 000000EE 00                              	DB	0
   290 000000EF 00                              	DB	0
   291 000000F0 00                              	DB	0
   292 000000F1 00                              	DB	0
   293 000000F2 00                              	DB	0
   294 000000F3 5F                              	DB	95
   295 000000F4 00                              	DB	0
   296 000000F5 00                              	DB	0
   297 000000F6 00                              	DB	0
   298 000000F7 00                              	DB	0
   299 000000F8 00                              	DB	0
   300 000000F9 00                              	DB	0
   301 000000FA 00                              	DB	0
   302 000000FB 00                              	DB	0
   303 000000FC 00                              	DB	0
   304 000000FD 7C                              	DB	124
   305 000000FE 00                              	DB	0
   306 000000FF 00                              	DB	0
   307 00000100                                 LC0:
   308 00000100 63 6F 6E 73 6F 6C 65 00         	DB	"console",0x00
   309 00000108                                 LC1:
   310 00000108 74 61 73 6B 5F 61 00            	DB	"task_a",0x00
   311 0000010F                                 LC2:
   312 0000010F 28 25 33 64 2C 20 25 33 64 29   	DB	"(%3d, %3d)",0x00
       00000119 00 
   313 0000011A                                 LC3:
   314 0000011A 6D 65 6D 6F 72 79 20 25 64 4D   	DB	"memory %dMB   free : %dKB",0x00
       00000124 42 20 20 20 66 72 65 65 20 3A 
       0000012E 20 25 64 4B 42 00 
   315 00000134                                 LC6:
   316 00000134 5B 6C 63 72 20 25 34 64 20 25   	DB	"[lcr %4d %4d]",0x00
       0000013E 34 64 5D 00 
   317 00000142                                 LC4:
   318 00000142 25 30 32 58 00                  	DB	"%02X",0x00
   319 00000147                                 LC5:
   320 00000147 20 00                           	DB	" ",0x00
   321                                          [SECTION .text]
   322 00000000                                 	GLOBAL	_HariMain
   323 00000000                                 _HariMain:
   324 00000000 55                              	PUSH	EBP
   325 00000001 89 E5                           	MOV	EBP,ESP
   326 00000003 57                              	PUSH	EDI
   327 00000004 56                              	PUSH	ESI
   328 00000005 53                              	PUSH	EBX
   329 00000006 81 EC 00000444                  	SUB	ESP,1092
   330 0000000C C7 85 FFFFFBBC 00000000         	MOV	DWORD [-1092+EBP],0
   331 00000016 C7 85 FFFFFBB8 00000000         	MOV	DWORD [-1096+EBP],0
   332 00000020 A0 00000FF1                     	MOV	AL,BYTE [4081]
   333 00000025 C0 F8 04                        	SAR	AL,4
   334 00000028 89 C2                           	MOV	EDX,EAX
   335 0000002A 83 E2 07                        	AND	EDX,7
   336 0000002D 89 95 FFFFFBB4                  	MOV	DWORD [-1100+EBP],EDX
   337 00000033 E8 [00000000]                   	CALL	_init_gdtidt
   338 00000038 E8 [00000000]                   	CALL	_init_pic
   339 0000003D E8 [00000000]                   	CALL	_io_sti
   340 00000042 8D 85 FFFFFD84                  	LEA	EAX,DWORD [-636+EBP]
   341 00000048 6A 00                           	PUSH	0
   342 0000004A 50                              	PUSH	EAX
   343 0000004B 8D 45 A4                        	LEA	EAX,DWORD [-92+EBP]
   344 0000004E 68 00000080                     	PUSH	128
   345 00000053 50                              	PUSH	EAX
   346 00000054 E8 [00000000]                   	CALL	_fifo32_init
   347 00000059 E8 [00000000]                   	CALL	_init_pit
   348 0000005E 8D 55 A4                        	LEA	EDX,DWORD [-92+EBP]
   349 00000061 68 00000100                     	PUSH	256
   350 00000066 52                              	PUSH	EDX
   351 00000067 E8 [00000000]                   	CALL	_init_keyboard
   352 0000006C 8D 85 FFFFFCF4                  	LEA	EAX,DWORD [-780+EBP]
   353 00000072 50                              	PUSH	EAX
   354 00000073 8D 45 A4                        	LEA	EAX,DWORD [-92+EBP]
   355 00000076 68 00000200                     	PUSH	512
   356 0000007B 50                              	PUSH	EAX
   357 0000007C E8 [00000000]                   	CALL	_enable_mouse
   358 00000081 83 C4 24                        	ADD	ESP,36
   359 00000084 68 000000F8                     	PUSH	248
   360 00000089 6A 21                           	PUSH	33
   361 0000008B E8 [00000000]                   	CALL	_io_out8
   362 00000090 68 000000EF                     	PUSH	239
   363 00000095 68 000000A1                     	PUSH	161
   364 0000009A E8 [00000000]                   	CALL	_io_out8
   365 0000009F 68 BFFFFFFF                     	PUSH	-1073741825
   366 000000A4 68 00400000                     	PUSH	4194304
   367 000000A9 E8 [00000000]                   	CALL	_memtest
   368 000000AE 68 003C0000                     	PUSH	3932160
   369 000000B3 89 85 FFFFFBE0                  	MOV	DWORD [-1056+EBP],EAX
   370 000000B9 E8 [00000000]                   	CALL	_memman_init
   371 000000BE 68 0009E000                     	PUSH	647168
   372 000000C3 68 00001000                     	PUSH	4096
   373 000000C8 68 003C0000                     	PUSH	3932160
   374 000000CD E8 [00000000]                   	CALL	_memman_free
   375 000000D2 8B 85 FFFFFBE0                  	MOV	EAX,DWORD [-1056+EBP]
   376 000000D8 83 C4 28                        	ADD	ESP,40
   377 000000DB 2D 00400000                     	SUB	EAX,4194304
   378 000000E0 50                              	PUSH	EAX
   379 000000E1 68 00400000                     	PUSH	4194304
   380 000000E6 68 003C0000                     	PUSH	3932160
   381 000000EB E8 [00000000]                   	CALL	_memman_free
   382 000000F0 E8 [00000000]                   	CALL	_init_palette
   383 000000F5 0F BF 05 00000FF6               	MOVSX	EAX,WORD [4086]
   384 000000FC 50                              	PUSH	EAX
   385 000000FD 0F BF 05 00000FF4               	MOVSX	EAX,WORD [4084]
   386 00000104 50                              	PUSH	EAX
   387 00000105 FF 35 00000FF8                  	PUSH	DWORD [4088]
   388 0000010B 68 003C0000                     	PUSH	3932160
   389 00000110 E8 [00000000]                   	CALL	_shtctl_init
   390 00000115 68 003C0000                     	PUSH	3932160
   391 0000011A 89 C6                           	MOV	ESI,EAX
   392 0000011C E8 [00000000]                   	CALL	_task_init
   393 00000121 83 C4 20                        	ADD	ESP,32
   394 00000124 89 85 FFFFFBC8                  	MOV	DWORD [-1080+EBP],EAX
   395 0000012A 89 45 BC                        	MOV	DWORD [-68+EBP],EAX
   396 0000012D 6A 02                           	PUSH	2
   397 0000012F 6A 01                           	PUSH	1
   398 00000131 50                              	PUSH	EAX
   399 00000132 E8 [00000000]                   	CALL	_task_run
   400 00000137 56                              	PUSH	ESI
   401 00000138 E8 [00000000]                   	CALL	_sheet_alloc
   402 0000013D 0F BF 15 00000FF6               	MOVSX	EDX,WORD [4086]
   403 00000144 89 85 FFFFFBD4                  	MOV	DWORD [-1068+EBP],EAX
   404 0000014A 0F BF 05 00000FF4               	MOVSX	EAX,WORD [4084]
   405 00000151 0F AF C2                        	IMUL	EAX,EDX
   406 00000154 50                              	PUSH	EAX
   407 00000155 68 003C0000                     	PUSH	3932160
   408 0000015A E8 [00000000]                   	CALL	_memman_alloc_4k
   409 0000015F 6A FF                           	PUSH	-1
   410 00000161 89 C3                           	MOV	EBX,EAX
   411 00000163 0F BF 05 00000FF6               	MOVSX	EAX,WORD [4086]
   412 0000016A 50                              	PUSH	EAX
   413 0000016B 0F BF 05 00000FF4               	MOVSX	EAX,WORD [4084]
   414 00000172 50                              	PUSH	EAX
   415 00000173 53                              	PUSH	EBX
   416 00000174 FF B5 FFFFFBD4                  	PUSH	DWORD [-1068+EBP]
   417 0000017A E8 [00000000]                   	CALL	_sheet_setbuf
   418 0000017F 83 C4 2C                        	ADD	ESP,44
   419 00000182 0F BF 05 00000FF6               	MOVSX	EAX,WORD [4086]
   420 00000189 50                              	PUSH	EAX
   421 0000018A 0F BF 05 00000FF4               	MOVSX	EAX,WORD [4084]
   422 00000191 50                              	PUSH	EAX
   423 00000192 53                              	PUSH	EBX
   424 00000193 8D 9D FFFFFBF4                  	LEA	EBX,DWORD [-1036+EBP]
   425 00000199 E8 [00000000]                   	CALL	_init_screen8
   426 0000019E 56                              	PUSH	ESI
   427 0000019F E8 [00000000]                   	CALL	_sheet_alloc
   428 000001A4 68 0000A500                     	PUSH	42240
   429 000001A9 68 003C0000                     	PUSH	3932160
   430 000001AE 89 85 FFFFFBCC                  	MOV	DWORD [-1076+EBP],EAX
   431 000001B4 E8 [00000000]                   	CALL	_memman_alloc_4k
   432 000001B9 6A FF                           	PUSH	-1
   433 000001BB 68 000000A5                     	PUSH	165
   434 000001C0 89 85 FFFFFBD8                  	MOV	DWORD [-1064+EBP],EAX
   435 000001C6 68 00000100                     	PUSH	256
   436 000001CB 50                              	PUSH	EAX
   437 000001CC FF B5 FFFFFBCC                  	PUSH	DWORD [-1076+EBP]
   438 000001D2 E8 [00000000]                   	CALL	_sheet_setbuf
   439 000001D7 83 C4 2C                        	ADD	ESP,44
   440 000001DA 6A 00                           	PUSH	0
   441 000001DC 68 [00000100]                   	PUSH	LC0
   442 000001E1 68 000000A5                     	PUSH	165
   443 000001E6 68 00000100                     	PUSH	256
   444 000001EB FF B5 FFFFFBD8                  	PUSH	DWORD [-1064+EBP]
   445 000001F1 E8 0000083E                     	CALL	_make_window8
   446 000001F6 6A 00                           	PUSH	0
   447 000001F8 68 00000080                     	PUSH	128
   448 000001FD 68 000000F0                     	PUSH	240
   449 00000202 6A 1C                           	PUSH	28
   450 00000204 6A 08                           	PUSH	8
   451 00000206 FF B5 FFFFFBCC                  	PUSH	DWORD [-1076+EBP]
   452 0000020C E8 00000A62                     	CALL	_make_textbox8
   453 00000211 83 C4 2C                        	ADD	ESP,44
   454 00000214 E8 [00000000]                   	CALL	_task_alloc
   455 00000219 68 00010000                     	PUSH	65536
   456 0000021E 68 003C0000                     	PUSH	3932160
   457 00000223 89 85 FFFFFBC4                  	MOV	DWORD [-1084+EBP],EAX
   458 00000229 E8 [00000000]                   	CALL	_memman_alloc_4k
   459 0000022E 8B 95 FFFFFBC4                  	MOV	EDX,DWORD [-1084+EBP]
   460 00000234 05 0000FFF8                     	ADD	EAX,65528
   461 00000239 89 42 64                        	MOV	DWORD [100+EDX],EAX
   462 0000023C C7 42 4C [00000DA9]             	MOV	DWORD [76+EDX],_console_task
   463 00000243 C7 42 74 00000008               	MOV	DWORD [116+EDX],8
   464 0000024A C7 42 78 00000010               	MOV	DWORD [120+EDX],16
   465 00000251 C7 42 7C 00000008               	MOV	DWORD [124+EDX],8
   466 00000258 C7 82 00000080 00000008         	MOV	DWORD [128+EDX],8
   467 00000262 C7 82 00000084 00000008         	MOV	DWORD [132+EDX],8
   468 0000026C C7 82 00000088 00000008         	MOV	DWORD [136+EDX],8
   469 00000276 8B 95 FFFFFBCC                  	MOV	EDX,DWORD [-1076+EBP]
   470 0000027C 89 50 04                        	MOV	DWORD [4+EAX],EDX
   471 0000027F 6A 02                           	PUSH	2
   472 00000281 6A 02                           	PUSH	2
   473 00000283 FF B5 FFFFFBC4                  	PUSH	DWORD [-1084+EBP]
   474 00000289 E8 [00000000]                   	CALL	_task_run
   475 0000028E 56                              	PUSH	ESI
   476 0000028F E8 [00000000]                   	CALL	_sheet_alloc
   477 00000294 68 00002080                     	PUSH	8320
   478 00000299 68 003C0000                     	PUSH	3932160
   479 0000029E 89 C7                           	MOV	EDI,EAX
   480 000002A0 E8 [00000000]                   	CALL	_memman_alloc_4k
   481 000002A5 83 C4 20                        	ADD	ESP,32
   482 000002A8 6A FF                           	PUSH	-1
   483 000002AA 89 85 FFFFFBDC                  	MOV	DWORD [-1060+EBP],EAX
   484 000002B0 6A 34                           	PUSH	52
   485 000002B2 68 00000090                     	PUSH	144
   486 000002B7 50                              	PUSH	EAX
   487 000002B8 57                              	PUSH	EDI
   488 000002B9 E8 [00000000]                   	CALL	_sheet_setbuf
   489 000002BE 6A 01                           	PUSH	1
   490 000002C0 68 [00000108]                   	PUSH	LC1
   491 000002C5 6A 34                           	PUSH	52
   492 000002C7 68 00000090                     	PUSH	144
   493 000002CC FF B5 FFFFFBDC                  	PUSH	DWORD [-1060+EBP]
   494 000002D2 E8 0000075D                     	CALL	_make_window8
   495 000002D7 83 C4 28                        	ADD	ESP,40
   496 000002DA 6A 07                           	PUSH	7
   497 000002DC 6A 10                           	PUSH	16
   498 000002DE 68 00000080                     	PUSH	128
   499 000002E3 6A 1C                           	PUSH	28
   500 000002E5 6A 08                           	PUSH	8
   501 000002E7 57                              	PUSH	EDI
   502 000002E8 E8 00000986                     	CALL	_make_textbox8
   503 000002ED C7 85 FFFFFBE8 00000008         	MOV	DWORD [-1048+EBP],8
   504 000002F7 C7 85 FFFFFBE4 00000007         	MOV	DWORD [-1052+EBP],7
   505 00000301 E8 [00000000]                   	CALL	_timer_alloc
   506 00000306 6A 01                           	PUSH	1
   507 00000308 89 85 FFFFFBC0                  	MOV	DWORD [-1088+EBP],EAX
   508 0000030E 8D 45 A4                        	LEA	EAX,DWORD [-92+EBP]
   509 00000311 50                              	PUSH	EAX
   510 00000312 FF B5 FFFFFBC0                  	PUSH	DWORD [-1088+EBP]
   511 00000318 E8 [00000000]                   	CALL	_timer_init
   512 0000031D 83 C4 24                        	ADD	ESP,36
   513 00000320 6A 32                           	PUSH	50
   514 00000322 FF B5 FFFFFBC0                  	PUSH	DWORD [-1088+EBP]
   515 00000328 E8 [00000000]                   	CALL	_timer_settime
   516 0000032D 56                              	PUSH	ESI
   517 0000032E E8 [00000000]                   	CALL	_sheet_alloc
   518 00000333 6A 63                           	PUSH	99
   519 00000335 6A 10                           	PUSH	16
   520 00000337 6A 10                           	PUSH	16
   521 00000339 89 85 FFFFFBD0                  	MOV	DWORD [-1072+EBP],EAX
   522 0000033F 53                              	PUSH	EBX
   523 00000340 50                              	PUSH	EAX
   524 00000341 E8 [00000000]                   	CALL	_sheet_setbuf
   525 00000346 83 C4 20                        	ADD	ESP,32
   526 00000349 6A 63                           	PUSH	99
   527 0000034B 53                              	PUSH	EBX
   528 0000034C BB 00000002                     	MOV	EBX,2
   529 00000351 E8 [00000000]                   	CALL	_init_mouse_cursor8
   530 00000356 0F BF 05 00000FF4               	MOVSX	EAX,WORD [4084]
   531 0000035D 8D 48 F0                        	LEA	ECX,DWORD [-16+EAX]
   532 00000360 89 C8                           	MOV	EAX,ECX
   533 00000362 99                              	CDQ
   534 00000363 F7 FB                           	IDIV	EBX
   535 00000365 89 85 FFFFFBF0                  	MOV	DWORD [-1040+EBP],EAX
   536 0000036B 0F BF 05 00000FF6               	MOVSX	EAX,WORD [4086]
   537 00000372 6A 00                           	PUSH	0
   538 00000374 8D 48 D4                        	LEA	ECX,DWORD [-44+EAX]
   539 00000377 6A 00                           	PUSH	0
   540 00000379 89 C8                           	MOV	EAX,ECX
   541 0000037B 99                              	CDQ
   542 0000037C F7 FB                           	IDIV	EBX
   543 0000037E FF B5 FFFFFBD4                  	PUSH	DWORD [-1068+EBP]
   544 00000384 89 85 FFFFFBEC                  	MOV	DWORD [-1044+EBP],EAX
   545 0000038A 8D 5D C4                        	LEA	EBX,DWORD [-60+EBP]
   546 0000038D E8 [00000000]                   	CALL	_sheet_slide
   547 00000392 6A 04                           	PUSH	4
   548 00000394 6A 20                           	PUSH	32
   549 00000396 FF B5 FFFFFBCC                  	PUSH	DWORD [-1076+EBP]
   550 0000039C E8 [00000000]                   	CALL	_sheet_slide
   551 000003A1 83 C4 20                        	ADD	ESP,32
   552 000003A4 6A 38                           	PUSH	56
   553 000003A6 6A 40                           	PUSH	64
   554 000003A8 57                              	PUSH	EDI
   555 000003A9 E8 [00000000]                   	CALL	_sheet_slide
   556 000003AE FF B5 FFFFFBEC                  	PUSH	DWORD [-1044+EBP]
   557 000003B4 FF B5 FFFFFBF0                  	PUSH	DWORD [-1040+EBP]
   558 000003BA FF B5 FFFFFBD0                  	PUSH	DWORD [-1072+EBP]
   559 000003C0 E8 [00000000]                   	CALL	_sheet_slide
   560 000003C5 6A 00                           	PUSH	0
   561 000003C7 FF B5 FFFFFBD4                  	PUSH	DWORD [-1068+EBP]
   562 000003CD E8 [00000000]                   	CALL	_sheet_updown
   563 000003D2 83 C4 20                        	ADD	ESP,32
   564 000003D5 6A 01                           	PUSH	1
   565 000003D7 FF B5 FFFFFBCC                  	PUSH	DWORD [-1076+EBP]
   566 000003DD E8 [00000000]                   	CALL	_sheet_updown
   567 000003E2 6A 02                           	PUSH	2
   568 000003E4 57                              	PUSH	EDI
   569 000003E5 E8 [00000000]                   	CALL	_sheet_updown
   570 000003EA 6A 03                           	PUSH	3
   571 000003EC FF B5 FFFFFBD0                  	PUSH	DWORD [-1072+EBP]
   572 000003F2 E8 [00000000]                   	CALL	_sheet_updown
   573 000003F7 FF B5 FFFFFBEC                  	PUSH	DWORD [-1044+EBP]
   574 000003FD FF B5 FFFFFBF0                  	PUSH	DWORD [-1040+EBP]
   575 00000403 68 [0000010F]                   	PUSH	LC2
   576 00000408 53                              	PUSH	EBX
   577 00000409 E8 [00000000]                   	CALL	_sprintf
   578 0000040E 83 C4 28                        	ADD	ESP,40
   579 00000411 6A 0A                           	PUSH	10
   580 00000413 53                              	PUSH	EBX
   581 00000414 6A 0E                           	PUSH	14
   582 00000416 6A 07                           	PUSH	7
   583 00000418 6A 00                           	PUSH	0
   584 0000041A 6A 00                           	PUSH	0
   585 0000041C FF B5 FFFFFBD4                  	PUSH	DWORD [-1068+EBP]
   586 00000422 E8 000007C5                     	CALL	_putfonts8_asc_sht
   587 00000427 68 003C0000                     	PUSH	3932160
   588 0000042C E8 [00000000]                   	CALL	_memman_total
   589 00000431 C1 AD FFFFFBE0 14               	SHR	DWORD [-1056+EBP],20
   590 00000438 C1 E8 0A                        	SHR	EAX,10
   591 0000043B 89 04 24                        	MOV	DWORD [ESP],EAX
   592 0000043E FF B5 FFFFFBE0                  	PUSH	DWORD [-1056+EBP]
   593 00000444 68 [0000011A]                   	PUSH	LC3
   594 00000449 53                              	PUSH	EBX
   595 0000044A E8 [00000000]                   	CALL	_sprintf
   596 0000044F 83 C4 2C                        	ADD	ESP,44
   597 00000452 6A 28                           	PUSH	40
   598 00000454 53                              	PUSH	EBX
   599 00000455 6A 0E                           	PUSH	14
   600 00000457 6A 07                           	PUSH	7
   601 00000459 6A 20                           	PUSH	32
   602 0000045B 6A 00                           	PUSH	0
   603 0000045D FF B5 FFFFFBD4                  	PUSH	DWORD [-1068+EBP]
   604 00000463 E8 00000784                     	CALL	_putfonts8_asc_sht
   605 00000468 83 C4 1C                        	ADD	ESP,28
   606 0000046B                                 L2:
   607 0000046B 8D 5D A4                        	LEA	EBX,DWORD [-92+EBP]
   608 0000046E E8 [00000000]                   	CALL	_io_cli
   609 00000473 53                              	PUSH	EBX
   610 00000474 E8 [00000000]                   	CALL	_fifo32_status
   611 00000479 5E                              	POP	ESI
   612 0000047A 85 C0                           	TEST	EAX,EAX
   613 0000047C 0F 84 0000059C                  	JE	L55
   614 00000482 53                              	PUSH	EBX
   615 00000483 E8 [00000000]                   	CALL	_fifo32_get
   616 00000488 89 C6                           	MOV	ESI,EAX
   617 0000048A E8 [00000000]                   	CALL	_io_sti
   618 0000048F 5A                              	POP	EDX
   619 00000490 8D 86 FFFFFF00                  	LEA	EAX,DWORD [-256+ESI]
   620 00000496 3D 000000FF                     	CMP	EAX,255
   621 0000049B 0F 86 0000020D                  	JBE	L56
   622 000004A1 8D 86 FFFFFE00                  	LEA	EAX,DWORD [-512+ESI]
   623 000004A7 3D 000000FF                     	CMP	EAX,255
   624 000004AC 0F 86 00000094                  	JBE	L57
   625 000004B2 83 FE 01                        	CMP	ESI,1
   626 000004B5 7F B4                           	JG	L2
   627 000004B7 85 F6                           	TEST	ESI,ESI
   628 000004B9 74 71                           	JE	L49
   629 000004BB 6A 00                           	PUSH	0
   630 000004BD 53                              	PUSH	EBX
   631 000004BE FF B5 FFFFFBC0                  	PUSH	DWORD [-1088+EBP]
   632 000004C4 E8 [00000000]                   	CALL	_timer_init
   633 000004C9 C7 85 FFFFFBE4 00000000         	MOV	DWORD [-1052+EBP],0
   634 000004D3                                 L54:
   635 000004D3 83 C4 0C                        	ADD	ESP,12
   636 000004D6 6A 32                           	PUSH	50
   637 000004D8 FF B5 FFFFFBC0                  	PUSH	DWORD [-1088+EBP]
   638 000004DE E8 [00000000]                   	CALL	_timer_settime
   639 000004E3 8B 85 FFFFFBE8                  	MOV	EAX,DWORD [-1048+EBP]
   640 000004E9 6A 2B                           	PUSH	43
   641 000004EB 83 C0 07                        	ADD	EAX,7
   642 000004EE 50                              	PUSH	EAX
   643 000004EF 6A 1C                           	PUSH	28
   644 000004F1 FF B5 FFFFFBE8                  	PUSH	DWORD [-1048+EBP]
   645 000004F7 FF B5 FFFFFBE4                  	PUSH	DWORD [-1052+EBP]
   646 000004FD FF 77 04                        	PUSH	DWORD [4+EDI]
   647 00000500 FF 37                           	PUSH	DWORD [EDI]
   648 00000502 E8 [00000000]                   	CALL	_boxfill8
   649 00000507 8B 85 FFFFFBE8                  	MOV	EAX,DWORD [-1048+EBP]
   650 0000050D 83 C4 24                        	ADD	ESP,36
   651 00000510 83 C0 08                        	ADD	EAX,8
   652 00000513 6A 2C                           	PUSH	44
   653 00000515 50                              	PUSH	EAX
   654 00000516 6A 1C                           	PUSH	28
   655 00000518 FF B5 FFFFFBE8                  	PUSH	DWORD [-1048+EBP]
   656 0000051E 57                              	PUSH	EDI
   657 0000051F E8 [00000000]                   	CALL	_sheet_refresh
   658 00000524 83 C4 14                        	ADD	ESP,20
   659 00000527 E9 FFFFFF3F                     	JMP	L2
   660 0000052C                                 L49:
   661 0000052C 6A 01                           	PUSH	1
   662 0000052E 53                              	PUSH	EBX
   663 0000052F FF B5 FFFFFBC0                  	PUSH	DWORD [-1088+EBP]
   664 00000535 E8 [00000000]                   	CALL	_timer_init
   665 0000053A C7 85 FFFFFBE4 00000007         	MOV	DWORD [-1052+EBP],7
   666 00000544 EB 8D                           	JMP	L54
   667 00000546                                 L57:
   668 00000546 89 F2                           	MOV	EDX,ESI
   669 00000548 0F B6 C2                        	MOVZX	EAX,DL
   670 0000054B 50                              	PUSH	EAX
   671 0000054C 8D 85 FFFFFCF4                  	LEA	EAX,DWORD [-780+EBP]
   672 00000552 50                              	PUSH	EAX
   673 00000553 E8 [00000000]                   	CALL	_mouse_decode
   674 00000558 5A                              	POP	EDX
   675 00000559 59                              	POP	ECX
   676 0000055A 85 C0                           	TEST	EAX,EAX
   677 0000055C 0F 84 FFFFFF09                  	JE	L2
   678 00000562 FF B5 FFFFFCFC                  	PUSH	DWORD [-772+EBP]
   679 00000568 FF B5 FFFFFCF8                  	PUSH	DWORD [-776+EBP]
   680 0000056E 68 [00000134]                   	PUSH	LC6
   681 00000573 8D 5D C4                        	LEA	EBX,DWORD [-60+EBP]
   682 00000576 53                              	PUSH	EBX
   683 00000577 E8 [00000000]                   	CALL	_sprintf
   684 0000057C 83 C4 10                        	ADD	ESP,16
   685 0000057F 8B 85 FFFFFD00                  	MOV	EAX,DWORD [-768+EBP]
   686 00000585 A9 00000001                     	TEST	EAX,1
   687 0000058A 74 04                           	JE	L39
   688 0000058C C6 45 C5 4C                     	MOV	BYTE [-59+EBP],76
   689 00000590                                 L39:
   690 00000590 A9 00000002                     	TEST	EAX,2
   691 00000595 74 04                           	JE	L40
   692 00000597 C6 45 C7 52                     	MOV	BYTE [-57+EBP],82
   693 0000059B                                 L40:
   694 0000059B 83 E0 04                        	AND	EAX,4
   695 0000059E 74 04                           	JE	L41
   696 000005A0 C6 45 C6 43                     	MOV	BYTE [-58+EBP],67
   697 000005A4                                 L41:
   698 000005A4 6A 0F                           	PUSH	15
   699 000005A6 53                              	PUSH	EBX
   700 000005A7 6A 0E                           	PUSH	14
   701 000005A9 6A 07                           	PUSH	7
   702 000005AB 6A 10                           	PUSH	16
   703 000005AD 6A 20                           	PUSH	32
   704 000005AF FF B5 FFFFFBD4                  	PUSH	DWORD [-1068+EBP]
   705 000005B5 E8 00000632                     	CALL	_putfonts8_asc_sht
   706 000005BA 8B 95 FFFFFCF8                  	MOV	EDX,DWORD [-776+EBP]
   707 000005C0 8B 85 FFFFFCFC                  	MOV	EAX,DWORD [-772+EBP]
   708 000005C6 83 C4 1C                        	ADD	ESP,28
   709 000005C9 01 85 FFFFFBEC                  	ADD	DWORD [-1044+EBP],EAX
   710 000005CF 01 95 FFFFFBF0                  	ADD	DWORD [-1040+EBP],EDX
   711 000005D5 0F 88 000000C4                  	JS	L58
   712 000005DB                                 L42:
   713 000005DB 83 BD FFFFFBEC 00               	CMP	DWORD [-1044+EBP],0
   714 000005E2 0F 88 000000A8                  	JS	L59
   715 000005E8                                 L43:
   716 000005E8 0F BF 05 00000FF4               	MOVSX	EAX,WORD [4084]
   717 000005EF 48                              	DEC	EAX
   718 000005F0 39 85 FFFFFBF0                  	CMP	DWORD [-1040+EBP],EAX
   719 000005F6 7E 06                           	JLE	L44
   720 000005F8 89 85 FFFFFBF0                  	MOV	DWORD [-1040+EBP],EAX
   721 000005FE                                 L44:
   722 000005FE 0F BF 05 00000FF6               	MOVSX	EAX,WORD [4086]
   723 00000605 48                              	DEC	EAX
   724 00000606 39 85 FFFFFBEC                  	CMP	DWORD [-1044+EBP],EAX
   725 0000060C 7E 06                           	JLE	L45
   726 0000060E 89 85 FFFFFBEC                  	MOV	DWORD [-1044+EBP],EAX
   727 00000614                                 L45:
   728 00000614 FF B5 FFFFFBEC                  	PUSH	DWORD [-1044+EBP]
   729 0000061A FF B5 FFFFFBF0                  	PUSH	DWORD [-1040+EBP]
   730 00000620 68 [0000010F]                   	PUSH	LC2
   731 00000625 53                              	PUSH	EBX
   732 00000626 E8 [00000000]                   	CALL	_sprintf
   733 0000062B 6A 0A                           	PUSH	10
   734 0000062D 53                              	PUSH	EBX
   735 0000062E 6A 0E                           	PUSH	14
   736 00000630 6A 07                           	PUSH	7
   737 00000632 6A 00                           	PUSH	0
   738 00000634 6A 00                           	PUSH	0
   739 00000636 FF B5 FFFFFBD4                  	PUSH	DWORD [-1068+EBP]
   740 0000063C E8 000005AB                     	CALL	_putfonts8_asc_sht
   741 00000641 83 C4 2C                        	ADD	ESP,44
   742 00000644 FF B5 FFFFFBEC                  	PUSH	DWORD [-1044+EBP]
   743 0000064A FF B5 FFFFFBF0                  	PUSH	DWORD [-1040+EBP]
   744 00000650 FF B5 FFFFFBD0                  	PUSH	DWORD [-1072+EBP]
   745 00000656 E8 [00000000]                   	CALL	_sheet_slide
   746 0000065B 83 C4 0C                        	ADD	ESP,12
   747 0000065E F7 85 FFFFFD00 00000001         	TEST	DWORD [-768+EBP],1
   748 00000668 0F 84 FFFFFDFD                  	JE	L2
   749 0000066E 8B 85 FFFFFBEC                  	MOV	EAX,DWORD [-1044+EBP]
   750 00000674 83 E8 08                        	SUB	EAX,8
   751 00000677 50                              	PUSH	EAX
   752 00000678 8B 85 FFFFFBF0                  	MOV	EAX,DWORD [-1040+EBP]
   753 0000067E 83 E8 50                        	SUB	EAX,80
   754 00000681 50                              	PUSH	EAX
   755 00000682 57                              	PUSH	EDI
   756 00000683 E8 [00000000]                   	CALL	_sheet_slide
   757 00000688 83 C4 0C                        	ADD	ESP,12
   758 0000068B E9 FFFFFDDB                     	JMP	L2
   759 00000690                                 L59:
   760 00000690 C7 85 FFFFFBEC 00000000         	MOV	DWORD [-1044+EBP],0
   761 0000069A E9 FFFFFF49                     	JMP	L43
   762 0000069F                                 L58:
   763 0000069F C7 85 FFFFFBF0 00000000         	MOV	DWORD [-1040+EBP],0
   764 000006A9 E9 FFFFFF2D                     	JMP	L42
   765 000006AE                                 L56:
   766 000006AE 50                              	PUSH	EAX
   767 000006AF 8D 5D C4                        	LEA	EBX,DWORD [-60+EBP]
   768 000006B2 68 [00000142]                   	PUSH	LC4
   769 000006B7 53                              	PUSH	EBX
   770 000006B8 E8 [00000000]                   	CALL	_sprintf
   771 000006BD 6A 02                           	PUSH	2
   772 000006BF 53                              	PUSH	EBX
   773 000006C0 6A 0E                           	PUSH	14
   774 000006C2 6A 07                           	PUSH	7
   775 000006C4 6A 10                           	PUSH	16
   776 000006C6 6A 00                           	PUSH	0
   777 000006C8 FF B5 FFFFFBD4                  	PUSH	DWORD [-1068+EBP]
   778 000006CE E8 00000519                     	CALL	_putfonts8_asc_sht
   779 000006D3 83 C4 28                        	ADD	ESP,40
   780 000006D6 81 FE 0000017F                  	CMP	ESI,383
   781 000006DC 0F 8F 00000333                  	JG	L8
   782 000006E2 83 BD FFFFFBB8 00               	CMP	DWORD [-1096+EBP],0
   783 000006E9 0F 85 0000031B                  	JNE	L9
   784 000006EF 8A 86 [FFFFFF00]                	MOV	AL,BYTE [_keytable0.0-256+ESI]
   785 000006F5                                 L52:
   786 000006F5 88 45 C4                        	MOV	BYTE [-60+EBP],AL
   787 000006F8                                 L11:
   788 000006F8 8A 55 C4                        	MOV	DL,BYTE [-60+EBP]
   789 000006FB 8D 42 BF                        	LEA	EAX,DWORD [-65+EDX]
   790 000006FE 3C 19                           	CMP	AL,25
   791 00000700 77 1D                           	JA	L12
   792 00000702 F7 85 FFFFFBB4 00000004         	TEST	DWORD [-1100+EBP],4
   793 0000070C 0F 85 000002E9                  	JNE	L51
   794 00000712 83 BD FFFFFBB8 00               	CMP	DWORD [-1096+EBP],0
   795 00000719 0F 84 000002D1                  	JE	L14
   796 0000071F                                 L12:
   797 0000071F 8A 45 C4                        	MOV	AL,BYTE [-60+EBP]
   798 00000722 84 C0                           	TEST	AL,AL
   799 00000724 74 3C                           	JE	L16
   800 00000726 83 BD FFFFFBBC 00               	CMP	DWORD [-1092+EBP],0
   801 0000072D 0F 85 0000029E                  	JNE	L17
   802 00000733 83 BD FFFFFBE8 7F               	CMP	DWORD [-1048+EBP],127
   803 0000073A 7F 26                           	JG	L16
   804 0000073C 6A 01                           	PUSH	1
   805 0000073E 8D 45 C4                        	LEA	EAX,DWORD [-60+EBP]
   806 00000741 50                              	PUSH	EAX
   807 00000742 6A 07                           	PUSH	7
   808 00000744 6A 00                           	PUSH	0
   809 00000746 6A 1C                           	PUSH	28
   810 00000748 FF B5 FFFFFBE8                  	PUSH	DWORD [-1048+EBP]
   811 0000074E 57                              	PUSH	EDI
   812 0000074F C6 45 C5 00                     	MOV	BYTE [-59+EBP],0
   813 00000753 E8 00000494                     	CALL	_putfonts8_asc_sht
   814 00000758 83 C4 1C                        	ADD	ESP,28
   815 0000075B 83 85 FFFFFBE8 08               	ADD	DWORD [-1048+EBP],8
   816 00000762                                 L16:
   817 00000762 81 FE 0000010E                  	CMP	ESI,270
   818 00000768 0F 84 0000020A                  	JE	L60
   819 0000076E                                 L20:
   820 0000076E 81 FE 0000010F                  	CMP	ESI,271
   821 00000774 0F 84 0000015B                  	JE	L61
   822 0000077A                                 L24:
   823 0000077A 81 FE 0000012A                  	CMP	ESI,298
   824 00000780 0F 84 00000143                  	JE	L62
   825 00000786                                 L27:
   826 00000786 81 FE 00000136                  	CMP	ESI,310
   827 0000078C 0F 84 0000012B                  	JE	L63
   828 00000792                                 L28:
   829 00000792 81 FE 000001AA                  	CMP	ESI,426
   830 00000798 0F 84 00000113                  	JE	L64
   831 0000079E                                 L29:
   832 0000079E 81 FE 000001B6                  	CMP	ESI,438
   833 000007A4 0F 84 000000FB                  	JE	L65
   834 000007AA                                 L30:
   835 000007AA 81 FE 0000013A                  	CMP	ESI,314
   836 000007B0 0F 84 000000C6                  	JE	L66
   837 000007B6                                 L31:
   838 000007B6 81 FE 00000145                  	CMP	ESI,325
   839 000007BC 0F 84 00000091                  	JE	L67
   840 000007C2                                 L32:
   841 000007C2 81 FE 00000146                  	CMP	ESI,326
   842 000007C8 74 60                           	JE	L68
   843 000007CA                                 L33:
   844 000007CA 81 FE 000001FE                  	CMP	ESI,510
   845 000007D0 74 46                           	JE	L69
   846 000007D2                                 L35:
   847 000007D2 8B 85 FFFFFBE8                  	MOV	EAX,DWORD [-1048+EBP]
   848 000007D8 6A 2B                           	PUSH	43
   849 000007DA 83 C0 07                        	ADD	EAX,7
   850 000007DD 50                              	PUSH	EAX
   851 000007DE 6A 1C                           	PUSH	28
   852 000007E0 FF B5 FFFFFBE8                  	PUSH	DWORD [-1048+EBP]
   853 000007E6 FF B5 FFFFFBE4                  	PUSH	DWORD [-1052+EBP]
   854 000007EC FF 77 04                        	PUSH	DWORD [4+EDI]
   855 000007EF FF 37                           	PUSH	DWORD [EDI]
   856 000007F1 E8 [00000000]                   	CALL	_boxfill8
   857 000007F6 8B 85 FFFFFBE8                  	MOV	EAX,DWORD [-1048+EBP]
   858 000007FC 6A 2C                           	PUSH	44
   859 000007FE 83 C0 08                        	ADD	EAX,8
   860 00000801 50                              	PUSH	EAX
   861 00000802 6A 1C                           	PUSH	28
   862 00000804 FF B5 FFFFFBE8                  	PUSH	DWORD [-1048+EBP]
   863 0000080A 57                              	PUSH	EDI
   864 0000080B E8 [00000000]                   	CALL	_sheet_refresh
   865 00000810 83 C4 30                        	ADD	ESP,48
   866 00000813 E9 FFFFFC53                     	JMP	L2
   867 00000818                                 L69:
   868 00000818 E8 [00000000]                   	CALL	_wait_KBC_sendready
   869 0000081D 6A FF                           	PUSH	-1
   870 0000081F 6A 60                           	PUSH	96
   871 00000821 E8 [00000000]                   	CALL	_io_out8
   872 00000826 5B                              	POP	EBX
   873 00000827 5E                              	POP	ESI
   874 00000828 EB A8                           	JMP	L35
   875 0000082A                                 L68:
   876 0000082A 68 000000ED                     	PUSH	237
   877 0000082F 8D 5D 84                        	LEA	EBX,DWORD [-124+EBP]
   878 00000832 53                              	PUSH	EBX
   879 00000833 83 B5 FFFFFBB4 01               	XOR	DWORD [-1100+EBP],1
   880 0000083A E8 [00000000]                   	CALL	_fifo32_put
   881 0000083F FF B5 FFFFFBB4                  	PUSH	DWORD [-1100+EBP]
   882 00000845 53                              	PUSH	EBX
   883 00000846 E8 [00000000]                   	CALL	_fifo32_put
   884 0000084B 83 C4 10                        	ADD	ESP,16
   885 0000084E E9 FFFFFF77                     	JMP	L33
   886 00000853                                 L67:
   887 00000853 68 000000ED                     	PUSH	237
   888 00000858 8D 5D 84                        	LEA	EBX,DWORD [-124+EBP]
   889 0000085B 53                              	PUSH	EBX
   890 0000085C 83 B5 FFFFFBB4 02               	XOR	DWORD [-1100+EBP],2
   891 00000863 E8 [00000000]                   	CALL	_fifo32_put
   892 00000868 FF B5 FFFFFBB4                  	PUSH	DWORD [-1100+EBP]
   893 0000086E 53                              	PUSH	EBX
   894 0000086F E8 [00000000]                   	CALL	_fifo32_put
   895 00000874 83 C4 10                        	ADD	ESP,16
   896 00000877 E9 FFFFFF46                     	JMP	L32
   897 0000087C                                 L66:
   898 0000087C 68 000000ED                     	PUSH	237
   899 00000881 8D 5D 84                        	LEA	EBX,DWORD [-124+EBP]
   900 00000884 53                              	PUSH	EBX
   901 00000885 83 B5 FFFFFBB4 04               	XOR	DWORD [-1100+EBP],4
   902 0000088C E8 [00000000]                   	CALL	_fifo32_put
   903 00000891 FF B5 FFFFFBB4                  	PUSH	DWORD [-1100+EBP]
   904 00000897 53                              	PUSH	EBX
   905 00000898 E8 [00000000]                   	CALL	_fifo32_put
   906 0000089D 83 C4 10                        	ADD	ESP,16
   907 000008A0 E9 FFFFFF11                     	JMP	L31
   908 000008A5                                 L65:
   909 000008A5 83 A5 FFFFFBB8 FD               	AND	DWORD [-1096+EBP],-3
   910 000008AC E9 FFFFFEF9                     	JMP	L30
   911 000008B1                                 L64:
   912 000008B1 83 A5 FFFFFBB8 FE               	AND	DWORD [-1096+EBP],-2
   913 000008B8 E9 FFFFFEE1                     	JMP	L29
   914 000008BD                                 L63:
   915 000008BD 83 8D FFFFFBB8 02               	OR	DWORD [-1096+EBP],2
   916 000008C4 E9 FFFFFEC9                     	JMP	L28
   917 000008C9                                 L62:
   918 000008C9 83 8D FFFFFBB8 01               	OR	DWORD [-1096+EBP],1
   919 000008D0 E9 FFFFFEB1                     	JMP	L27
   920 000008D5                                 L61:
   921 000008D5 83 BD FFFFFBBC 00               	CMP	DWORD [-1092+EBP],0
   922 000008DC 75 69                           	JNE	L25
   923 000008DE 6A 00                           	PUSH	0
   924 000008E0 68 [00000108]                   	PUSH	LC1
   925 000008E5 FF 77 04                        	PUSH	DWORD [4+EDI]
   926 000008E8 FF B5 FFFFFBDC                  	PUSH	DWORD [-1060+EBP]
   927 000008EE C7 85 FFFFFBBC 00000001         	MOV	DWORD [-1092+EBP],1
   928 000008F8 E8 0000023E                     	CALL	_make_wtitle8
   929 000008FD 8B 95 FFFFFBCC                  	MOV	EDX,DWORD [-1076+EBP]
   930 00000903 6A 01                           	PUSH	1
   931 00000905 68 [00000100]                   	PUSH	LC0
   932 0000090A FF 72 04                        	PUSH	DWORD [4+EDX]
   933 0000090D                                 L53:
   934 0000090D FF B5 FFFFFBD8                  	PUSH	DWORD [-1064+EBP]
   935 00000913 E8 00000223                     	CALL	_make_wtitle8
   936 00000918 83 C4 20                        	ADD	ESP,32
   937 0000091B 6A 15                           	PUSH	21
   938 0000091D FF 77 04                        	PUSH	DWORD [4+EDI]
   939 00000920 6A 00                           	PUSH	0
   940 00000922 6A 00                           	PUSH	0
   941 00000924 57                              	PUSH	EDI
   942 00000925 E8 [00000000]                   	CALL	_sheet_refresh
   943 0000092A 8B 95 FFFFFBCC                  	MOV	EDX,DWORD [-1076+EBP]
   944 00000930 6A 15                           	PUSH	21
   945 00000932 FF 72 04                        	PUSH	DWORD [4+EDX]
   946 00000935 6A 00                           	PUSH	0
   947 00000937 6A 00                           	PUSH	0
   948 00000939 52                              	PUSH	EDX
   949 0000093A E8 [00000000]                   	CALL	_sheet_refresh
   950 0000093F 83 C4 28                        	ADD	ESP,40
   951 00000942 E9 FFFFFE33                     	JMP	L24
   952 00000947                                 L25:
   953 00000947 6A 01                           	PUSH	1
   954 00000949 68 [00000108]                   	PUSH	LC1
   955 0000094E FF 77 04                        	PUSH	DWORD [4+EDI]
   956 00000951 FF B5 FFFFFBDC                  	PUSH	DWORD [-1060+EBP]
   957 00000957 C7 85 FFFFFBBC 00000000         	MOV	DWORD [-1092+EBP],0
   958 00000961 E8 000001D5                     	CALL	_make_wtitle8
   959 00000966 8B 85 FFFFFBCC                  	MOV	EAX,DWORD [-1076+EBP]
   960 0000096C 6A 00                           	PUSH	0
   961 0000096E 68 [00000100]                   	PUSH	LC0
   962 00000973 FF 70 04                        	PUSH	DWORD [4+EAX]
   963 00000976 EB 95                           	JMP	L53
   964 00000978                                 L60:
   965 00000978 83 BD FFFFFBBC 00               	CMP	DWORD [-1092+EBP],0
   966 0000097F 75 35                           	JNE	L21
   967 00000981 83 BD FFFFFBE8 08               	CMP	DWORD [-1048+EBP],8
   968 00000988 0F 8E FFFFFDE0                  	JLE	L20
   969 0000098E 6A 01                           	PUSH	1
   970 00000990 68 [00000147]                   	PUSH	LC5
   971 00000995 6A 07                           	PUSH	7
   972 00000997 6A 00                           	PUSH	0
   973 00000999 6A 1C                           	PUSH	28
   974 0000099B FF B5 FFFFFBE8                  	PUSH	DWORD [-1048+EBP]
   975 000009A1 57                              	PUSH	EDI
   976 000009A2 E8 00000245                     	CALL	_putfonts8_asc_sht
   977 000009A7 83 C4 1C                        	ADD	ESP,28
   978 000009AA 83 AD FFFFFBE8 08               	SUB	DWORD [-1048+EBP],8
   979 000009B1 E9 FFFFFDB8                     	JMP	L20
   980 000009B6                                 L21:
   981 000009B6 8B 85 FFFFFBC4                  	MOV	EAX,DWORD [-1084+EBP]
   982 000009BC 68 00000108                     	PUSH	264
   983 000009C1 83 C0 10                        	ADD	EAX,16
   984 000009C4 50                              	PUSH	EAX
   985 000009C5 E8 [00000000]                   	CALL	_fifo32_put
   986 000009CA 58                              	POP	EAX
   987 000009CB 5A                              	POP	EDX
   988 000009CC E9 FFFFFD9D                     	JMP	L20
   989 000009D1                                 L17:
   990 000009D1 0F BE C0                        	MOVSX	EAX,AL
   991 000009D4 05 00000100                     	ADD	EAX,256
   992 000009D9 50                              	PUSH	EAX
   993 000009DA 8B 85 FFFFFBC4                  	MOV	EAX,DWORD [-1084+EBP]
   994 000009E0 83 C0 10                        	ADD	EAX,16
   995 000009E3 50                              	PUSH	EAX
   996 000009E4 E8 [00000000]                   	CALL	_fifo32_put
   997 000009E9 59                              	POP	ECX
   998 000009EA 5B                              	POP	EBX
   999 000009EB E9 FFFFFD72                     	JMP	L16
  1000 000009F0                                 L14:
  1001 000009F0 8D 42 20                        	LEA	EAX,DWORD [32+EDX]
  1002 000009F3 88 45 C4                        	MOV	BYTE [-60+EBP],AL
  1003 000009F6 E9 FFFFFD24                     	JMP	L12
  1004 000009FB                                 L51:
  1005 000009FB 83 BD FFFFFBB8 00               	CMP	DWORD [-1096+EBP],0
  1006 00000A02 0F 84 FFFFFD17                  	JE	L12
  1007 00000A08 EB E6                           	JMP	L14
  1008 00000A0A                                 L9:
  1009 00000A0A 8A 86 [FFFFFF80]                	MOV	AL,BYTE [_keytable1.1-256+ESI]
  1010 00000A10 E9 FFFFFCE0                     	JMP	L52
  1011 00000A15                                 L8:
  1012 00000A15 C6 45 C4 00                     	MOV	BYTE [-60+EBP],0
  1013 00000A19 E9 FFFFFCDA                     	JMP	L11
  1014 00000A1E                                 L55:
  1015 00000A1E FF B5 FFFFFBC8                  	PUSH	DWORD [-1080+EBP]
  1016 00000A24 E8 [00000000]                   	CALL	_task_sleep
  1017 00000A29 E8 [00000000]                   	CALL	_io_sti
  1018 00000A2E 59                              	POP	ECX
  1019 00000A2F E9 FFFFFA37                     	JMP	L2
  1020 00000A34                                 	GLOBAL	_make_window8
  1021 00000A34                                 _make_window8:
  1022 00000A34 55                              	PUSH	EBP
  1023 00000A35 89 E5                           	MOV	EBP,ESP
  1024 00000A37 57                              	PUSH	EDI
  1025 00000A38 56                              	PUSH	ESI
  1026 00000A39 53                              	PUSH	EBX
  1027 00000A3A 83 EC 18                        	SUB	ESP,24
  1028 00000A3D 8B 45 10                        	MOV	EAX,DWORD [16+EBP]
  1029 00000A40 8B 5D 0C                        	MOV	EBX,DWORD [12+EBP]
  1030 00000A43 89 45 F0                        	MOV	DWORD [-16+EBP],EAX
  1031 00000A46 8B 75 08                        	MOV	ESI,DWORD [8+EBP]
  1032 00000A49 8B 45 14                        	MOV	EAX,DWORD [20+EBP]
  1033 00000A4C 89 45 EC                        	MOV	DWORD [-20+EBP],EAX
  1034 00000A4F 0F BE 45 18                     	MOVSX	EAX,BYTE [24+EBP]
  1035 00000A53 89 45 E8                        	MOV	DWORD [-24+EBP],EAX
  1036 00000A56 8D 43 FF                        	LEA	EAX,DWORD [-1+EBX]
  1037 00000A59 6A 00                           	PUSH	0
  1038 00000A5B 89 45 E4                        	MOV	DWORD [-28+EBP],EAX
  1039 00000A5E 50                              	PUSH	EAX
  1040 00000A5F 6A 00                           	PUSH	0
  1041 00000A61 6A 00                           	PUSH	0
  1042 00000A63 6A 08                           	PUSH	8
  1043 00000A65 53                              	PUSH	EBX
  1044 00000A66 56                              	PUSH	ESI
  1045 00000A67 E8 [00000000]                   	CALL	_boxfill8
  1046 00000A6C 8D 43 FE                        	LEA	EAX,DWORD [-2+EBX]
  1047 00000A6F 6A 01                           	PUSH	1
  1048 00000A71 89 45 E0                        	MOV	DWORD [-32+EBP],EAX
  1049 00000A74 50                              	PUSH	EAX
  1050 00000A75 6A 01                           	PUSH	1
  1051 00000A77 6A 01                           	PUSH	1
  1052 00000A79 6A 07                           	PUSH	7
  1053 00000A7B 53                              	PUSH	EBX
  1054 00000A7C 56                              	PUSH	ESI
  1055 00000A7D E8 [00000000]                   	CALL	_boxfill8
  1056 00000A82 8B 45 F0                        	MOV	EAX,DWORD [-16+EBP]
  1057 00000A85 83 C4 38                        	ADD	ESP,56
  1058 00000A88 48                              	DEC	EAX
  1059 00000A89 89 45 DC                        	MOV	DWORD [-36+EBP],EAX
  1060 00000A8C 50                              	PUSH	EAX
  1061 00000A8D 6A 00                           	PUSH	0
  1062 00000A8F 6A 00                           	PUSH	0
  1063 00000A91 6A 00                           	PUSH	0
  1064 00000A93 6A 08                           	PUSH	8
  1065 00000A95 53                              	PUSH	EBX
  1066 00000A96 56                              	PUSH	ESI
  1067 00000A97 E8 [00000000]                   	CALL	_boxfill8
  1068 00000A9C 8B 7D F0                        	MOV	EDI,DWORD [-16+EBP]
  1069 00000A9F 83 EF 02                        	SUB	EDI,2
  1070 00000AA2 57                              	PUSH	EDI
  1071 00000AA3 6A 01                           	PUSH	1
  1072 00000AA5 6A 01                           	PUSH	1
  1073 00000AA7 6A 01                           	PUSH	1
  1074 00000AA9 6A 07                           	PUSH	7
  1075 00000AAB 53                              	PUSH	EBX
  1076 00000AAC 56                              	PUSH	ESI
  1077 00000AAD E8 [00000000]                   	CALL	_boxfill8
  1078 00000AB2 83 C4 38                        	ADD	ESP,56
  1079 00000AB5 57                              	PUSH	EDI
  1080 00000AB6 FF 75 E0                        	PUSH	DWORD [-32+EBP]
  1081 00000AB9 6A 01                           	PUSH	1
  1082 00000ABB FF 75 E0                        	PUSH	DWORD [-32+EBP]
  1083 00000ABE 6A 0F                           	PUSH	15
  1084 00000AC0 53                              	PUSH	EBX
  1085 00000AC1 56                              	PUSH	ESI
  1086 00000AC2 E8 [00000000]                   	CALL	_boxfill8
  1087 00000AC7 FF 75 DC                        	PUSH	DWORD [-36+EBP]
  1088 00000ACA FF 75 E4                        	PUSH	DWORD [-28+EBP]
  1089 00000ACD 6A 00                           	PUSH	0
  1090 00000ACF FF 75 E4                        	PUSH	DWORD [-28+EBP]
  1091 00000AD2 6A 00                           	PUSH	0
  1092 00000AD4 53                              	PUSH	EBX
  1093 00000AD5 56                              	PUSH	ESI
  1094 00000AD6 E8 [00000000]                   	CALL	_boxfill8
  1095 00000ADB 8B 45 F0                        	MOV	EAX,DWORD [-16+EBP]
  1096 00000ADE 83 C4 38                        	ADD	ESP,56
  1097 00000AE1 83 E8 03                        	SUB	EAX,3
  1098 00000AE4 50                              	PUSH	EAX
  1099 00000AE5 8D 43 FD                        	LEA	EAX,DWORD [-3+EBX]
  1100 00000AE8 50                              	PUSH	EAX
  1101 00000AE9 6A 02                           	PUSH	2
  1102 00000AEB 6A 02                           	PUSH	2
  1103 00000AED 6A 08                           	PUSH	8
  1104 00000AEF 53                              	PUSH	EBX
  1105 00000AF0 56                              	PUSH	ESI
  1106 00000AF1 E8 [00000000]                   	CALL	_boxfill8
  1107 00000AF6 57                              	PUSH	EDI
  1108 00000AF7 FF 75 E0                        	PUSH	DWORD [-32+EBP]
  1109 00000AFA 57                              	PUSH	EDI
  1110 00000AFB 6A 01                           	PUSH	1
  1111 00000AFD 6A 0F                           	PUSH	15
  1112 00000AFF 53                              	PUSH	EBX
  1113 00000B00 56                              	PUSH	ESI
  1114 00000B01 E8 [00000000]                   	CALL	_boxfill8
  1115 00000B06 83 C4 38                        	ADD	ESP,56
  1116 00000B09 FF 75 DC                        	PUSH	DWORD [-36+EBP]
  1117 00000B0C FF 75 E4                        	PUSH	DWORD [-28+EBP]
  1118 00000B0F FF 75 DC                        	PUSH	DWORD [-36+EBP]
  1119 00000B12 6A 00                           	PUSH	0
  1120 00000B14 6A 00                           	PUSH	0
  1121 00000B16 53                              	PUSH	EBX
  1122 00000B17 56                              	PUSH	ESI
  1123 00000B18 E8 [00000000]                   	CALL	_boxfill8
  1124 00000B1D 89 75 08                        	MOV	DWORD [8+EBP],ESI
  1125 00000B20 8B 45 E8                        	MOV	EAX,DWORD [-24+EBP]
  1126 00000B23 89 5D 0C                        	MOV	DWORD [12+EBP],EBX
  1127 00000B26 89 45 14                        	MOV	DWORD [20+EBP],EAX
  1128 00000B29 83 C4 1C                        	ADD	ESP,28
  1129 00000B2C 8B 45 EC                        	MOV	EAX,DWORD [-20+EBP]
  1130 00000B2F 89 45 10                        	MOV	DWORD [16+EBP],EAX
  1131 00000B32 8D 65 F4                        	LEA	ESP,DWORD [-12+EBP]
  1132 00000B35 5B                              	POP	EBX
  1133 00000B36 5E                              	POP	ESI
  1134 00000B37 5F                              	POP	EDI
  1135 00000B38 5D                              	POP	EBP
  1136 00000B39 EB 00                           	JMP	_make_wtitle8
  1137                                          [SECTION .data]
  1138 00000149                                 _closebtn.2:
  1139 00000149 4F 4F 4F 4F 4F 4F 4F 4F 4F 4F   	DB	"OOOOOOOOOOOOOOO@"
       00000153 4F 4F 4F 4F 4F 40 
  1140 00000159 4F 51 51 51 51 51 51 51 51 51   	DB	"OQQQQQQQQQQQQQ$@"
       00000163 51 51 51 51 24 40 
  1141 00000169 4F 51 51 51 51 51 51 51 51 51   	DB	"OQQQQQQQQQQQQQ$@"
       00000173 51 51 51 51 24 40 
  1142 00000179 4F 51 51 51 40 40 51 51 51 51   	DB	"OQQQ@@QQQQ@@QQ$@"
       00000183 40 40 51 51 24 40 
  1143 00000189 4F 51 51 51 51 40 40 51 51 40   	DB	"OQQQQ@@QQ@@QQQ$@"
       00000193 40 51 51 51 24 40 
  1144 00000199 4F 51 51 51 51 51 40 40 40 40   	DB	"OQQQQQ@@@@QQQQ$@"
       000001A3 51 51 51 51 24 40 
  1145 000001A9 4F 51 51 51 51 51 51 40 40 51   	DB	"OQQQQQQ@@QQQQQ$@"
       000001B3 51 51 51 51 24 40 
  1146 000001B9 4F 51 51 51 51 51 40 40 40 40   	DB	"OQQQQQ@@@@QQQQ$@"
       000001C3 51 51 51 51 24 40 
  1147 000001C9 4F 51 51 51 51 40 40 51 51 40   	DB	"OQQQQ@@QQ@@QQQ$@"
       000001D3 40 51 51 51 24 40 
  1148 000001D9 4F 51 51 51 40 40 51 51 51 51   	DB	"OQQQ@@QQQQ@@QQ$@"
       000001E3 40 40 51 51 24 40 
  1149 000001E9 4F 51 51 51 51 51 51 51 51 51   	DB	"OQQQQQQQQQQQQQ$@"
       000001F3 51 51 51 51 24 40 
  1150 000001F9 4F 51 51 51 51 51 51 51 51 51   	DB	"OQQQQQQQQQQQQQ$@"
       00000203 51 51 51 51 24 40 
  1151 00000209 4F 24 24 24 24 24 24 24 24 24   	DB	"O$$$$$$$$$$$$$$@"
       00000213 24 24 24 24 24 40 
  1152 00000219 40 40 40 40 40 40 40 40 40 40   	DB	"@@@@@@@@@@@@@@@@"
       00000223 40 40 40 40 40 40 
  1153                                          [SECTION .text]
  1154 00000B3B                                 	GLOBAL	_make_wtitle8
  1155 00000B3B                                 _make_wtitle8:
  1156 00000B3B 55                              	PUSH	EBP
  1157 00000B3C 89 E5                           	MOV	EBP,ESP
  1158 00000B3E 57                              	PUSH	EDI
  1159 00000B3F 56                              	PUSH	ESI
  1160 00000B40 53                              	PUSH	EBX
  1161 00000B41 57                              	PUSH	EDI
  1162 00000B42 80 7D 14 00                     	CMP	BYTE [20+EBP],0
  1163 00000B46 0F 84 00000097                  	JE	L72
  1164 00000B4C B3 07                           	MOV	BL,7
  1165 00000B4E B2 0C                           	MOV	DL,12
  1166 00000B50                                 L73:
  1167 00000B50 8B 45 0C                        	MOV	EAX,DWORD [12+EBP]
  1168 00000B53 6A 14                           	PUSH	20
  1169 00000B55 83 E8 04                        	SUB	EAX,4
  1170 00000B58 31 FF                           	XOR	EDI,EDI
  1171 00000B5A 50                              	PUSH	EAX
  1172 00000B5B 6A 03                           	PUSH	3
  1173 00000B5D 6A 03                           	PUSH	3
  1174 00000B5F 0F B6 C2                        	MOVZX	EAX,DL
  1175 00000B62 50                              	PUSH	EAX
  1176 00000B63 FF 75 0C                        	PUSH	DWORD [12+EBP]
  1177 00000B66 FF 75 08                        	PUSH	DWORD [8+EBP]
  1178 00000B69 E8 [00000000]                   	CALL	_boxfill8
  1179 00000B6E FF 75 10                        	PUSH	DWORD [16+EBP]
  1180 00000B71 0F BE C3                        	MOVSX	EAX,BL
  1181 00000B74 50                              	PUSH	EAX
  1182 00000B75 6A 04                           	PUSH	4
  1183 00000B77 6A 18                           	PUSH	24
  1184 00000B79 FF 75 0C                        	PUSH	DWORD [12+EBP]
  1185 00000B7C FF 75 08                        	PUSH	DWORD [8+EBP]
  1186 00000B7F E8 [00000000]                   	CALL	_putfonts8_asc
  1187 00000B84 83 C4 34                        	ADD	ESP,52
  1188 00000B87 6B 5D 0C 05                     	IMUL	EBX,DWORD [12+EBP],5
  1189 00000B8B C7 45 F0 00000000               	MOV	DWORD [-16+EBP],0
  1190 00000B92                                 L89:
  1191 00000B92 8B 45 0C                        	MOV	EAX,DWORD [12+EBP]
  1192 00000B95 8B 55 08                        	MOV	EDX,DWORD [8+EBP]
  1193 00000B98 01 D8                           	ADD	EAX,EBX
  1194 00000B9A 31 F6                           	XOR	ESI,ESI
  1195 00000B9C 8D 4C 02 EB                     	LEA	ECX,DWORD [-21+EDX+EAX*1]
  1196 00000BA0                                 L88:
  1197 00000BA0 8A 94 3E [00000149]             	MOV	DL,BYTE [_closebtn.2+ESI+EDI*1]
  1198 00000BA7 80 FA 40                        	CMP	DL,64
  1199 00000BAA 74 33                           	JE	L94
  1200 00000BAC 80 FA 24                        	CMP	DL,36
  1201 00000BAF 74 2A                           	JE	L95
  1202 00000BB1 80 FA 51                        	CMP	DL,81
  1203 00000BB4 B2 08                           	MOV	DL,8
  1204 00000BB6 0F 95 C0                        	SETNE	AL
  1205 00000BB9 28 C2                           	SUB	DL,AL
  1206 00000BBB                                 L83:
  1207 00000BBB 46                              	INC	ESI
  1208 00000BBC 88 11                           	MOV	BYTE [ECX],DL
  1209 00000BBE 41                              	INC	ECX
  1210 00000BBF 83 FE 0F                        	CMP	ESI,15
  1211 00000BC2 7E DC                           	JLE	L88
  1212 00000BC4 FF 45 F0                        	INC	DWORD [-16+EBP]
  1213 00000BC7 83 C7 10                        	ADD	EDI,16
  1214 00000BCA 03 5D 0C                        	ADD	EBX,DWORD [12+EBP]
  1215 00000BCD 83 7D F0 0D                     	CMP	DWORD [-16+EBP],13
  1216 00000BD1 7E BF                           	JLE	L89
  1217 00000BD3 8D 65 F4                        	LEA	ESP,DWORD [-12+EBP]
  1218 00000BD6 5B                              	POP	EBX
  1219 00000BD7 5E                              	POP	ESI
  1220 00000BD8 5F                              	POP	EDI
  1221 00000BD9 5D                              	POP	EBP
  1222 00000BDA C3                              	RET
  1223 00000BDB                                 L95:
  1224 00000BDB B2 0F                           	MOV	DL,15
  1225 00000BDD EB DC                           	JMP	L83
  1226 00000BDF                                 L94:
  1227 00000BDF 31 D2                           	XOR	EDX,EDX
  1228 00000BE1 EB D8                           	JMP	L83
  1229 00000BE3                                 L72:
  1230 00000BE3 B3 08                           	MOV	BL,8
  1231 00000BE5 B2 0F                           	MOV	DL,15
  1232 00000BE7 E9 FFFFFF64                     	JMP	L73
  1233 00000BEC                                 	GLOBAL	_putfonts8_asc_sht
  1234 00000BEC                                 _putfonts8_asc_sht:
  1235 00000BEC 55                              	PUSH	EBP
  1236 00000BED 89 E5                           	MOV	EBP,ESP
  1237 00000BEF 57                              	PUSH	EDI
  1238 00000BF0 56                              	PUSH	ESI
  1239 00000BF1 53                              	PUSH	EBX
  1240 00000BF2 83 EC 0C                        	SUB	ESP,12
  1241 00000BF5 8B 45 08                        	MOV	EAX,DWORD [8+EBP]
  1242 00000BF8 8B 7D 10                        	MOV	EDI,DWORD [16+EBP]
  1243 00000BFB 89 45 F0                        	MOV	DWORD [-16+EBP],EAX
  1244 00000BFE 8B 5D 14                        	MOV	EBX,DWORD [20+EBP]
  1245 00000C01 8B 45 0C                        	MOV	EAX,DWORD [12+EBP]
  1246 00000C04 89 45 EC                        	MOV	DWORD [-20+EBP],EAX
  1247 00000C07 8B 45 1C                        	MOV	EAX,DWORD [28+EBP]
  1248 00000C0A 89 45 E8                        	MOV	DWORD [-24+EBP],EAX
  1249 00000C0D 8D 47 0F                        	LEA	EAX,DWORD [15+EDI]
  1250 00000C10 50                              	PUSH	EAX
  1251 00000C11 8B 45 EC                        	MOV	EAX,DWORD [-20+EBP]
  1252 00000C14 8B 75 20                        	MOV	ESI,DWORD [32+EBP]
  1253 00000C17 0F BE DB                        	MOVSX	EBX,BL
  1254 00000C1A 8D 34 F0                        	LEA	ESI,DWORD [EAX+ESI*8]
  1255 00000C1D 8D 46 FF                        	LEA	EAX,DWORD [-1+ESI]
  1256 00000C20 50                              	PUSH	EAX
  1257 00000C21 57                              	PUSH	EDI
  1258 00000C22 FF 75 EC                        	PUSH	DWORD [-20+EBP]
  1259 00000C25 0F B6 45 18                     	MOVZX	EAX,BYTE [24+EBP]
  1260 00000C29 50                              	PUSH	EAX
  1261 00000C2A 8B 45 F0                        	MOV	EAX,DWORD [-16+EBP]
  1262 00000C2D FF 70 04                        	PUSH	DWORD [4+EAX]
  1263 00000C30 FF 30                           	PUSH	DWORD [EAX]
  1264 00000C32 E8 [00000000]                   	CALL	_boxfill8
  1265 00000C37 FF 75 E8                        	PUSH	DWORD [-24+EBP]
  1266 00000C3A 53                              	PUSH	EBX
  1267 00000C3B 57                              	PUSH	EDI
  1268 00000C3C FF 75 EC                        	PUSH	DWORD [-20+EBP]
  1269 00000C3F 8B 45 F0                        	MOV	EAX,DWORD [-16+EBP]
  1270 00000C42 FF 70 04                        	PUSH	DWORD [4+EAX]
  1271 00000C45 FF 30                           	PUSH	DWORD [EAX]
  1272 00000C47 E8 [00000000]                   	CALL	_putfonts8_asc
  1273 00000C4C 89 7D 10                        	MOV	DWORD [16+EBP],EDI
  1274 00000C4F 8D 47 10                        	LEA	EAX,DWORD [16+EDI]
  1275 00000C52 89 75 14                        	MOV	DWORD [20+EBP],ESI
  1276 00000C55 89 45 18                        	MOV	DWORD [24+EBP],EAX
  1277 00000C58 83 C4 34                        	ADD	ESP,52
  1278 00000C5B 8B 45 EC                        	MOV	EAX,DWORD [-20+EBP]
  1279 00000C5E 89 45 0C                        	MOV	DWORD [12+EBP],EAX
  1280 00000C61 8B 45 F0                        	MOV	EAX,DWORD [-16+EBP]
  1281 00000C64 89 45 08                        	MOV	DWORD [8+EBP],EAX
  1282 00000C67 8D 65 F4                        	LEA	ESP,DWORD [-12+EBP]
  1283 00000C6A 5B                              	POP	EBX
  1284 00000C6B 5E                              	POP	ESI
  1285 00000C6C 5F                              	POP	EDI
  1286 00000C6D 5D                              	POP	EBP
  1287 00000C6E E9 [00000000]                   	JMP	_sheet_refresh
  1288 00000C73                                 	GLOBAL	_make_textbox8
  1289 00000C73                                 _make_textbox8:
  1290 00000C73 55                              	PUSH	EBP
  1291 00000C74 89 E5                           	MOV	EBP,ESP
  1292 00000C76 57                              	PUSH	EDI
  1293 00000C77 56                              	PUSH	ESI
  1294 00000C78 53                              	PUSH	EBX
  1295 00000C79 83 EC 14                        	SUB	ESP,20
  1296 00000C7C 8B 45 0C                        	MOV	EAX,DWORD [12+EBP]
  1297 00000C7F 8B 75 10                        	MOV	ESI,DWORD [16+EBP]
  1298 00000C82 03 45 14                        	ADD	EAX,DWORD [20+EBP]
  1299 00000C85 83 EE 03                        	SUB	ESI,3
  1300 00000C88 56                              	PUSH	ESI
  1301 00000C89 89 45 F0                        	MOV	DWORD [-16+EBP],EAX
  1302 00000C8C 8B 45 10                        	MOV	EAX,DWORD [16+EBP]
  1303 00000C8F 03 45 18                        	ADD	EAX,DWORD [24+EBP]
  1304 00000C92 89 45 EC                        	MOV	DWORD [-20+EBP],EAX
  1305 00000C95 8B 45 F0                        	MOV	EAX,DWORD [-16+EBP]
  1306 00000C98 40                              	INC	EAX
  1307 00000C99 50                              	PUSH	EAX
  1308 00000C9A 89 45 E8                        	MOV	DWORD [-24+EBP],EAX
  1309 00000C9D 8B 45 0C                        	MOV	EAX,DWORD [12+EBP]
  1310 00000CA0 56                              	PUSH	ESI
  1311 00000CA1 83 E8 02                        	SUB	EAX,2
  1312 00000CA4 50                              	PUSH	EAX
  1313 00000CA5 89 45 E4                        	MOV	DWORD [-28+EBP],EAX
  1314 00000CA8 8B 45 08                        	MOV	EAX,DWORD [8+EBP]
  1315 00000CAB 6A 0F                           	PUSH	15
  1316 00000CAD FF 70 04                        	PUSH	DWORD [4+EAX]
  1317 00000CB0 FF 30                           	PUSH	DWORD [EAX]
  1318 00000CB2 E8 [00000000]                   	CALL	_boxfill8
  1319 00000CB7 8B 7D 0C                        	MOV	EDI,DWORD [12+EBP]
  1320 00000CBA 8B 45 EC                        	MOV	EAX,DWORD [-20+EBP]
  1321 00000CBD 83 EF 03                        	SUB	EDI,3
  1322 00000CC0 40                              	INC	EAX
  1323 00000CC1 50                              	PUSH	EAX
  1324 00000CC2 89 45 E0                        	MOV	DWORD [-32+EBP],EAX
  1325 00000CC5 57                              	PUSH	EDI
  1326 00000CC6 8B 45 08                        	MOV	EAX,DWORD [8+EBP]
  1327 00000CC9 56                              	PUSH	ESI
  1328 00000CCA 57                              	PUSH	EDI
  1329 00000CCB 6A 0F                           	PUSH	15
  1330 00000CCD FF 70 04                        	PUSH	DWORD [4+EAX]
  1331 00000CD0 FF 30                           	PUSH	DWORD [EAX]
  1332 00000CD2 E8 [00000000]                   	CALL	_boxfill8
  1333 00000CD7 8B 45 08                        	MOV	EAX,DWORD [8+EBP]
  1334 00000CDA 83 C4 38                        	ADD	ESP,56
  1335 00000CDD 8B 5D EC                        	MOV	EBX,DWORD [-20+EBP]
  1336 00000CE0 83 C3 02                        	ADD	EBX,2
  1337 00000CE3 53                              	PUSH	EBX
  1338 00000CE4 FF 75 E8                        	PUSH	DWORD [-24+EBP]
  1339 00000CE7 53                              	PUSH	EBX
  1340 00000CE8 57                              	PUSH	EDI
  1341 00000CE9 6A 07                           	PUSH	7
  1342 00000CEB FF 70 04                        	PUSH	DWORD [4+EAX]
  1343 00000CEE FF 30                           	PUSH	DWORD [EAX]
  1344 00000CF0 E8 [00000000]                   	CALL	_boxfill8
  1345 00000CF5 8B 45 F0                        	MOV	EAX,DWORD [-16+EBP]
  1346 00000CF8 53                              	PUSH	EBX
  1347 00000CF9 83 C0 02                        	ADD	EAX,2
  1348 00000CFC 50                              	PUSH	EAX
  1349 00000CFD 56                              	PUSH	ESI
  1350 00000CFE 50                              	PUSH	EAX
  1351 00000CFF 8B 45 08                        	MOV	EAX,DWORD [8+EBP]
  1352 00000D02 6A 07                           	PUSH	7
  1353 00000D04 FF 70 04                        	PUSH	DWORD [4+EAX]
  1354 00000D07 FF 30                           	PUSH	DWORD [EAX]
  1355 00000D09 E8 [00000000]                   	CALL	_boxfill8
  1356 00000D0E 8B 45 08                        	MOV	EAX,DWORD [8+EBP]
  1357 00000D11 83 C4 38                        	ADD	ESP,56
  1358 00000D14 8B 5D 10                        	MOV	EBX,DWORD [16+EBP]
  1359 00000D17 83 EB 02                        	SUB	EBX,2
  1360 00000D1A 8B 7D 0C                        	MOV	EDI,DWORD [12+EBP]
  1361 00000D1D 53                              	PUSH	EBX
  1362 00000D1E 4F                              	DEC	EDI
  1363 00000D1F FF 75 F0                        	PUSH	DWORD [-16+EBP]
  1364 00000D22 53                              	PUSH	EBX
  1365 00000D23 57                              	PUSH	EDI
  1366 00000D24 6A 00                           	PUSH	0
  1367 00000D26 FF 70 04                        	PUSH	DWORD [4+EAX]
  1368 00000D29 FF 30                           	PUSH	DWORD [EAX]
  1369 00000D2B E8 [00000000]                   	CALL	_boxfill8
  1370 00000D30 8B 45 08                        	MOV	EAX,DWORD [8+EBP]
  1371 00000D33 FF 75 EC                        	PUSH	DWORD [-20+EBP]
  1372 00000D36 FF 75 E4                        	PUSH	DWORD [-28+EBP]
  1373 00000D39 53                              	PUSH	EBX
  1374 00000D3A FF 75 E4                        	PUSH	DWORD [-28+EBP]
  1375 00000D3D 6A 00                           	PUSH	0
  1376 00000D3F FF 70 04                        	PUSH	DWORD [4+EAX]
  1377 00000D42 FF 30                           	PUSH	DWORD [EAX]
  1378 00000D44 E8 [00000000]                   	CALL	_boxfill8
  1379 00000D49 8B 45 08                        	MOV	EAX,DWORD [8+EBP]
  1380 00000D4C 83 C4 38                        	ADD	ESP,56
  1381 00000D4F FF 75 E0                        	PUSH	DWORD [-32+EBP]
  1382 00000D52 FF 75 F0                        	PUSH	DWORD [-16+EBP]
  1383 00000D55 FF 75 E0                        	PUSH	DWORD [-32+EBP]
  1384 00000D58 FF 75 E4                        	PUSH	DWORD [-28+EBP]
  1385 00000D5B 6A 08                           	PUSH	8
  1386 00000D5D FF 70 04                        	PUSH	DWORD [4+EAX]
  1387 00000D60 FF 30                           	PUSH	DWORD [EAX]
  1388 00000D62 E8 [00000000]                   	CALL	_boxfill8
  1389 00000D67 8B 45 08                        	MOV	EAX,DWORD [8+EBP]
  1390 00000D6A FF 75 E0                        	PUSH	DWORD [-32+EBP]
  1391 00000D6D FF 75 E8                        	PUSH	DWORD [-24+EBP]
  1392 00000D70 53                              	PUSH	EBX
  1393 00000D71 FF 75 E8                        	PUSH	DWORD [-24+EBP]
  1394 00000D74 6A 08                           	PUSH	8
  1395 00000D76 FF 70 04                        	PUSH	DWORD [4+EAX]
  1396 00000D79 FF 30                           	PUSH	DWORD [EAX]
  1397 00000D7B E8 [00000000]                   	CALL	_boxfill8
  1398 00000D80 8B 45 10                        	MOV	EAX,DWORD [16+EBP]
  1399 00000D83 83 C4 38                        	ADD	ESP,56
  1400 00000D86 48                              	DEC	EAX
  1401 00000D87 FF 75 EC                        	PUSH	DWORD [-20+EBP]
  1402 00000D8A FF 75 F0                        	PUSH	DWORD [-16+EBP]
  1403 00000D8D 50                              	PUSH	EAX
  1404 00000D8E 57                              	PUSH	EDI
  1405 00000D8F 0F B6 45 1C                     	MOVZX	EAX,BYTE [28+EBP]
  1406 00000D93 50                              	PUSH	EAX
  1407 00000D94 8B 45 08                        	MOV	EAX,DWORD [8+EBP]
  1408 00000D97 FF 70 04                        	PUSH	DWORD [4+EAX]
  1409 00000D9A FF 30                           	PUSH	DWORD [EAX]
  1410 00000D9C E8 [00000000]                   	CALL	_boxfill8
  1411 00000DA1 8D 65 F4                        	LEA	ESP,DWORD [-12+EBP]
  1412 00000DA4 5B                              	POP	EBX
  1413 00000DA5 5E                              	POP	ESI
  1414 00000DA6 5F                              	POP	EDI
  1415 00000DA7 5D                              	POP	EBP
  1416 00000DA8 C3                              	RET
  1417                                          [SECTION .data]
  1418 00000229                                 LC7:
  1419 00000229 3E 00                           	DB	">",0x00
  1420                                          [SECTION .text]
  1421 00000DA9                                 	GLOBAL	_console_task
  1422 00000DA9                                 _console_task:
  1423 00000DA9 55                              	PUSH	EBP
  1424 00000DAA 89 E5                           	MOV	EBP,ESP
  1425 00000DAC 57                              	PUSH	EDI
  1426 00000DAD 56                              	PUSH	ESI
  1427 00000DAE BF 00000010                     	MOV	EDI,16
  1428 00000DB3 53                              	PUSH	EBX
  1429 00000DB4 81 EC 00000210                  	SUB	ESP,528
  1430 00000DBA E8 [00000000]                   	CALL	_task_now
  1431 00000DBF C7 85 FFFFFDE4 00000000         	MOV	DWORD [-540+EBP],0
  1432 00000DC9 50                              	PUSH	EAX
  1433 00000DCA 89 85 FFFFFDE8                  	MOV	DWORD [-536+EBP],EAX
  1434 00000DD0 8D 85 FFFFFDF4                  	LEA	EAX,DWORD [-524+EBP]
  1435 00000DD6 8B 9D FFFFFDE8                  	MOV	EBX,DWORD [-536+EBP]
  1436 00000DDC 50                              	PUSH	EAX
  1437 00000DDD 83 C3 10                        	ADD	EBX,16
  1438 00000DE0 68 00000080                     	PUSH	128
  1439 00000DE5 53                              	PUSH	EBX
  1440 00000DE6 E8 [00000000]                   	CALL	_fifo32_init
  1441 00000DEB E8 [00000000]                   	CALL	_timer_alloc
  1442 00000DF0 6A 01                           	PUSH	1
  1443 00000DF2 53                              	PUSH	EBX
  1444 00000DF3 50                              	PUSH	EAX
  1445 00000DF4 89 85 FFFFFDEC                  	MOV	DWORD [-532+EBP],EAX
  1446 00000DFA E8 [00000000]                   	CALL	_timer_init
  1447 00000DFF 6A 32                           	PUSH	50
  1448 00000E01 FF B5 FFFFFDEC                  	PUSH	DWORD [-532+EBP]
  1449 00000E07 E8 [00000000]                   	CALL	_timer_settime
  1450 00000E0C 83 C4 24                        	ADD	ESP,36
  1451 00000E0F 6A 01                           	PUSH	1
  1452 00000E11 68 [00000229]                   	PUSH	LC7
  1453 00000E16 6A 00                           	PUSH	0
  1454 00000E18 6A 07                           	PUSH	7
  1455 00000E1A 6A 1C                           	PUSH	28
  1456 00000E1C 6A 08                           	PUSH	8
  1457 00000E1E FF 75 08                        	PUSH	DWORD [8+EBP]
  1458 00000E21 E8 FFFFFDC6                     	CALL	_putfonts8_asc_sht
  1459 00000E26 83 C4 1C                        	ADD	ESP,28
  1460 00000E29                                 L99:
  1461 00000E29 E8 [00000000]                   	CALL	_io_cli
  1462 00000E2E 8B 9D FFFFFDE8                  	MOV	EBX,DWORD [-536+EBP]
  1463 00000E34 83 C3 10                        	ADD	EBX,16
  1464 00000E37 53                              	PUSH	EBX
  1465 00000E38 E8 [00000000]                   	CALL	_fifo32_status
  1466 00000E3D 5E                              	POP	ESI
  1467 00000E3E 85 C0                           	TEST	EAX,EAX
  1468 00000E40 0F 84 00000103                  	JE	L114
  1469 00000E46 53                              	PUSH	EBX
  1470 00000E47 E8 [00000000]                   	CALL	_fifo32_get
  1471 00000E4C 89 C6                           	MOV	ESI,EAX
  1472 00000E4E E8 [00000000]                   	CALL	_io_sti
  1473 00000E53 59                              	POP	ECX
  1474 00000E54 83 FE 01                        	CMP	ESI,1
  1475 00000E57 0F 8E 0000009F                  	JLE	L115
  1476 00000E5D                                 L104:
  1477 00000E5D 8D 86 FFFFFF00                  	LEA	EAX,DWORD [-256+ESI]
  1478 00000E63 3D 000000FF                     	CMP	EAX,255
  1479 00000E68 77 3D                           	JA	L107
  1480 00000E6A 81 FE 00000108                  	CMP	ESI,264
  1481 00000E70 74 6A                           	JE	L116
  1482 00000E72 81 FF 000000EF                  	CMP	EDI,239
  1483 00000E78 7F 2D                           	JG	L107
  1484 00000E7A 89 F0                           	MOV	EAX,ESI
  1485 00000E7C 6A 01                           	PUSH	1
  1486 00000E7E 88 85 FFFFFDF2                  	MOV	BYTE [-526+EBP],AL
  1487 00000E84 8D 85 FFFFFDF2                  	LEA	EAX,DWORD [-526+EBP]
  1488 00000E8A 50                              	PUSH	EAX
  1489 00000E8B 6A 00                           	PUSH	0
  1490 00000E8D 6A 07                           	PUSH	7
  1491 00000E8F 6A 1C                           	PUSH	28
  1492 00000E91 57                              	PUSH	EDI
  1493 00000E92 83 C7 08                        	ADD	EDI,8
  1494 00000E95 FF 75 08                        	PUSH	DWORD [8+EBP]
  1495 00000E98 C6 85 FFFFFDF3 00               	MOV	BYTE [-525+EBP],0
  1496 00000E9F E8 FFFFFD48                     	CALL	_putfonts8_asc_sht
  1497 00000EA4                                 L113:
  1498 00000EA4 83 C4 1C                        	ADD	ESP,28
  1499 00000EA7                                 L107:
  1500 00000EA7 6A 2B                           	PUSH	43
  1501 00000EA9 8D 47 07                        	LEA	EAX,DWORD [7+EDI]
  1502 00000EAC 50                              	PUSH	EAX
  1503 00000EAD 8B 45 08                        	MOV	EAX,DWORD [8+EBP]
  1504 00000EB0 6A 1C                           	PUSH	28
  1505 00000EB2 57                              	PUSH	EDI
  1506 00000EB3 FF B5 FFFFFDE4                  	PUSH	DWORD [-540+EBP]
  1507 00000EB9 FF 70 04                        	PUSH	DWORD [4+EAX]
  1508 00000EBC FF 30                           	PUSH	DWORD [EAX]
  1509 00000EBE E8 [00000000]                   	CALL	_boxfill8
  1510 00000EC3 8D 47 08                        	LEA	EAX,DWORD [8+EDI]
  1511 00000EC6 6A 2C                           	PUSH	44
  1512 00000EC8 50                              	PUSH	EAX
  1513 00000EC9 6A 1C                           	PUSH	28
  1514 00000ECB 57                              	PUSH	EDI
  1515 00000ECC FF 75 08                        	PUSH	DWORD [8+EBP]
  1516 00000ECF E8 [00000000]                   	CALL	_sheet_refresh
  1517 00000ED4 83 C4 30                        	ADD	ESP,48
  1518 00000ED7 E9 FFFFFF4D                     	JMP	L99
  1519 00000EDC                                 L116:
  1520 00000EDC 83 FF 10                        	CMP	EDI,16
  1521 00000EDF 7E C6                           	JLE	L107
  1522 00000EE1 6A 01                           	PUSH	1
  1523 00000EE3 68 [00000147]                   	PUSH	LC5
  1524 00000EE8 6A 00                           	PUSH	0
  1525 00000EEA 6A 07                           	PUSH	7
  1526 00000EEC 6A 1C                           	PUSH	28
  1527 00000EEE 57                              	PUSH	EDI
  1528 00000EEF 83 EF 08                        	SUB	EDI,8
  1529 00000EF2 FF 75 08                        	PUSH	DWORD [8+EBP]
  1530 00000EF5 E8 FFFFFCF2                     	CALL	_putfonts8_asc_sht
  1531 00000EFA EB A8                           	JMP	L113
  1532 00000EFC                                 L115:
  1533 00000EFC 85 F6                           	TEST	ESI,ESI
  1534 00000EFE 74 2F                           	JE	L105
  1535 00000F00 6A 00                           	PUSH	0
  1536 00000F02 53                              	PUSH	EBX
  1537 00000F03 FF B5 FFFFFDEC                  	PUSH	DWORD [-532+EBP]
  1538 00000F09 E8 [00000000]                   	CALL	_timer_init
  1539 00000F0E C7 85 FFFFFDE4 00000007         	MOV	DWORD [-540+EBP],7
  1540 00000F18                                 L112:
  1541 00000F18 83 C4 0C                        	ADD	ESP,12
  1542 00000F1B 6A 32                           	PUSH	50
  1543 00000F1D FF B5 FFFFFDEC                  	PUSH	DWORD [-532+EBP]
  1544 00000F23 E8 [00000000]                   	CALL	_timer_settime
  1545 00000F28 58                              	POP	EAX
  1546 00000F29 5A                              	POP	EDX
  1547 00000F2A E9 FFFFFF2E                     	JMP	L104
  1548 00000F2F                                 L105:
  1549 00000F2F 6A 01                           	PUSH	1
  1550 00000F31 53                              	PUSH	EBX
  1551 00000F32 FF B5 FFFFFDEC                  	PUSH	DWORD [-532+EBP]
  1552 00000F38 E8 [00000000]                   	CALL	_timer_init
  1553 00000F3D C7 85 FFFFFDE4 00000000         	MOV	DWORD [-540+EBP],0
  1554 00000F47 EB CF                           	JMP	L112
  1555 00000F49                                 L114:
  1556 00000F49 FF B5 FFFFFDE8                  	PUSH	DWORD [-536+EBP]
  1557 00000F4F E8 [00000000]                   	CALL	_task_sleep
  1558 00000F54 E8 [00000000]                   	CALL	_io_sti
  1559 00000F59 5B                              	POP	EBX
  1560 00000F5A E9 FFFFFECA                     	JMP	L99
