     1 00000000                                 [FORMAT "WCOFF"]
     2 00000000                                 [INSTRSET "i486p"]
     3 00000000                                 [OPTIMIZE 1]
     4 00000000                                 [OPTION 1]
     5 00000000                                 [BITS 32]
     6 00000000                                 	EXTERN	_init_gdtidt
     7 00000000                                 	EXTERN	_init_pic
     8 00000000                                 	EXTERN	_io_sti
     9 00000000                                 	EXTERN	_fifo32_init
    10 00000000                                 	EXTERN	_init_pit
    11 00000000                                 	EXTERN	_init_keyboard
    12 00000000                                 	EXTERN	_enable_mouse
    13 00000000                                 	EXTERN	_io_out8
    14 00000000                                 	EXTERN	_memtest
    15 00000000                                 	EXTERN	_memman_init
    16 00000000                                 	EXTERN	_memman_free
    17 00000000                                 	EXTERN	_init_palette
    18 00000000                                 	EXTERN	_shtctl_init
    19 00000000                                 	EXTERN	_task_init
    20 00000000                                 	EXTERN	_task_run
    21 00000000                                 	EXTERN	_sheet_alloc
    22 00000000                                 	EXTERN	_memman_alloc_4k
    23 00000000                                 	EXTERN	_sheet_setbuf
    24 00000000                                 	EXTERN	_init_screen8
    25 00000000                                 	EXTERN	_task_alloc
    26 00000000                                 	EXTERN	_timer_alloc
    27 00000000                                 	EXTERN	_timer_init
    28 00000000                                 	EXTERN	_timer_settime
    29 00000000                                 	EXTERN	_init_mouse_cursor8
    30 00000000                                 	EXTERN	_sheet_slide
    31 00000000                                 	EXTERN	_sheet_updown
    32 00000000                                 	EXTERN	_sprintf
    33 00000000                                 	EXTERN	_memman_total
    34 00000000                                 	EXTERN	_io_cli
    35 00000000                                 	EXTERN	_fifo32_status
    36 00000000                                 	EXTERN	_fifo32_get
    37 00000000                                 	EXTERN	_boxfill8
    38 00000000                                 	EXTERN	_sheet_refresh
    39 00000000                                 	EXTERN	_mouse_decode
    40 00000000                                 	EXTERN	_keytable0.0
    41 00000000                                 	EXTERN	_wait_KBC_sendready
    42 00000000                                 	EXTERN	_fifo32_put
    43 00000000                                 	EXTERN	_keytable1.1
    44 00000000                                 	EXTERN	_task_sleep
    45 00000000                                 	EXTERN	_putfonts8_asc
    46 00000000                                 	EXTERN	_task_now
    47 00000000                                 [FILE "bootpack.c"]
    48                                          [SECTION .data]
    49 00000000                                 _keytable0.0:
    50 00000000 00                              	DB	0
    51 00000001 00                              	DB	0
    52 00000002 31                              	DB	49
    53 00000003 32                              	DB	50
    54 00000004 33                              	DB	51
    55 00000005 34                              	DB	52
    56 00000006 35                              	DB	53
    57 00000007 36                              	DB	54
    58 00000008 37                              	DB	55
    59 00000009 38                              	DB	56
    60 0000000A 39                              	DB	57
    61 0000000B 30                              	DB	48
    62 0000000C 2D                              	DB	45
    63 0000000D 5E                              	DB	94
    64 0000000E 00                              	DB	0
    65 0000000F 00                              	DB	0
    66 00000010 51                              	DB	81
    67 00000011 57                              	DB	87
    68 00000012 45                              	DB	69
    69 00000013 52                              	DB	82
    70 00000014 54                              	DB	84
    71 00000015 59                              	DB	89
    72 00000016 55                              	DB	85
    73 00000017 49                              	DB	73
    74 00000018 4F                              	DB	79
    75 00000019 50                              	DB	80
    76 0000001A 40                              	DB	64
    77 0000001B 5B                              	DB	91
    78 0000001C 00                              	DB	0
    79 0000001D 00                              	DB	0
    80 0000001E 41                              	DB	65
    81 0000001F 53                              	DB	83
    82 00000020 44                              	DB	68
    83 00000021 46                              	DB	70
    84 00000022 47                              	DB	71
    85 00000023 48                              	DB	72
    86 00000024 4A                              	DB	74
    87 00000025 4B                              	DB	75
    88 00000026 4C                              	DB	76
    89 00000027 3B                              	DB	59
    90 00000028 3A                              	DB	58
    91 00000029 00                              	DB	0
    92 0000002A 00                              	DB	0
    93 0000002B 5D                              	DB	93
    94 0000002C 5A                              	DB	90
    95 0000002D 58                              	DB	88
    96 0000002E 43                              	DB	67
    97 0000002F 56                              	DB	86
    98 00000030 42                              	DB	66
    99 00000031 4E                              	DB	78
   100 00000032 4D                              	DB	77
   101 00000033 2C                              	DB	44
   102 00000034 2E                              	DB	46
   103 00000035 2F                              	DB	47
   104 00000036 00                              	DB	0
   105 00000037 2A                              	DB	42
   106 00000038 00                              	DB	0
   107 00000039 20                              	DB	32
   108 0000003A 00                              	DB	0
   109 0000003B 00                              	DB	0
   110 0000003C 00                              	DB	0
   111 0000003D 00                              	DB	0
   112 0000003E 00                              	DB	0
   113 0000003F 00                              	DB	0
   114 00000040 00                              	DB	0
   115 00000041 00                              	DB	0
   116 00000042 00                              	DB	0
   117 00000043 00                              	DB	0
   118 00000044 00                              	DB	0
   119 00000045 00                              	DB	0
   120 00000046 00                              	DB	0
   121 00000047 37                              	DB	55
   122 00000048 38                              	DB	56
   123 00000049 39                              	DB	57
   124 0000004A 2D                              	DB	45
   125 0000004B 34                              	DB	52
   126 0000004C 35                              	DB	53
   127 0000004D 36                              	DB	54
   128 0000004E 2B                              	DB	43
   129 0000004F 31                              	DB	49
   130 00000050 32                              	DB	50
   131 00000051 33                              	DB	51
   132 00000052 30                              	DB	48
   133 00000053 2E                              	DB	46
   134 00000054 00                              	DB	0
   135 00000055 00                              	DB	0
   136 00000056 00                              	DB	0
   137 00000057 00                              	DB	0
   138 00000058 00                              	DB	0
   139 00000059 00                              	DB	0
   140 0000005A 00                              	DB	0
   141 0000005B 00                              	DB	0
   142 0000005C 00                              	DB	0
   143 0000005D 00                              	DB	0
   144 0000005E 00                              	DB	0
   145 0000005F 00                              	DB	0
   146 00000060 00                              	DB	0
   147 00000061 00                              	DB	0
   148 00000062 00                              	DB	0
   149 00000063 00                              	DB	0
   150 00000064 00                              	DB	0
   151 00000065 00                              	DB	0
   152 00000066 00                              	DB	0
   153 00000067 00                              	DB	0
   154 00000068 00                              	DB	0
   155 00000069 00                              	DB	0
   156 0000006A 00                              	DB	0
   157 0000006B 00                              	DB	0
   158 0000006C 00                              	DB	0
   159 0000006D 00                              	DB	0
   160 0000006E 00                              	DB	0
   161 0000006F 00                              	DB	0
   162 00000070 00                              	DB	0
   163 00000071 00                              	DB	0
   164 00000072 00                              	DB	0
   165 00000073 5C                              	DB	92
   166 00000074 00                              	DB	0
   167 00000075 00                              	DB	0
   168 00000076 00                              	DB	0
   169 00000077 00                              	DB	0
   170 00000078 00                              	DB	0
   171 00000079 00                              	DB	0
   172 0000007A 00                              	DB	0
   173 0000007B 00                              	DB	0
   174 0000007C 00                              	DB	0
   175 0000007D 5C                              	DB	92
   176 0000007E 00                              	DB	0
   177 0000007F 00                              	DB	0
   178 00000080                                 _keytable1.1:
   179 00000080 00                              	DB	0
   180 00000081 00                              	DB	0
   181 00000082 21                              	DB	33
   182 00000083 22                              	DB	34
   183 00000084 23                              	DB	35
   184 00000085 24                              	DB	36
   185 00000086 25                              	DB	37
   186 00000087 26                              	DB	38
   187 00000088 27                              	DB	39
   188 00000089 28                              	DB	40
   189 0000008A 29                              	DB	41
   190 0000008B 7E                              	DB	126
   191 0000008C 3D                              	DB	61
   192 0000008D 7E                              	DB	126
   193 0000008E 00                              	DB	0
   194 0000008F 00                              	DB	0
   195 00000090 51                              	DB	81
   196 00000091 57                              	DB	87
   197 00000092 45                              	DB	69
   198 00000093 52                              	DB	82
   199 00000094 54                              	DB	84
   200 00000095 59                              	DB	89
   201 00000096 55                              	DB	85
   202 00000097 49                              	DB	73
   203 00000098 4F                              	DB	79
   204 00000099 50                              	DB	80
   205 0000009A 60                              	DB	96
   206 0000009B 7B                              	DB	123
   207 0000009C 00                              	DB	0
   208 0000009D 00                              	DB	0
   209 0000009E 41                              	DB	65
   210 0000009F 53                              	DB	83
   211 000000A0 44                              	DB	68
   212 000000A1 46                              	DB	70
   213 000000A2 47                              	DB	71
   214 000000A3 48                              	DB	72
   215 000000A4 4A                              	DB	74
   216 000000A5 4B                              	DB	75
   217 000000A6 4C                              	DB	76
   218 000000A7 2B                              	DB	43
   219 000000A8 2A                              	DB	42
   220 000000A9 00                              	DB	0
   221 000000AA 00                              	DB	0
   222 000000AB 7D                              	DB	125
   223 000000AC 5A                              	DB	90
   224 000000AD 58                              	DB	88
   225 000000AE 43                              	DB	67
   226 000000AF 56                              	DB	86
   227 000000B0 42                              	DB	66
   228 000000B1 4E                              	DB	78
   229 000000B2 4D                              	DB	77
   230 000000B3 3C                              	DB	60
   231 000000B4 3E                              	DB	62
   232 000000B5 3F                              	DB	63
   233 000000B6 00                              	DB	0
   234 000000B7 2A                              	DB	42
   235 000000B8 00                              	DB	0
   236 000000B9 20                              	DB	32
   237 000000BA 00                              	DB	0
   238 000000BB 00                              	DB	0
   239 000000BC 00                              	DB	0
   240 000000BD 00                              	DB	0
   241 000000BE 00                              	DB	0
   242 000000BF 00                              	DB	0
   243 000000C0 00                              	DB	0
   244 000000C1 00                              	DB	0
   245 000000C2 00                              	DB	0
   246 000000C3 00                              	DB	0
   247 000000C4 00                              	DB	0
   248 000000C5 00                              	DB	0
   249 000000C6 00                              	DB	0
   250 000000C7 37                              	DB	55
   251 000000C8 38                              	DB	56
   252 000000C9 39                              	DB	57
   253 000000CA 2D                              	DB	45
   254 000000CB 34                              	DB	52
   255 000000CC 35                              	DB	53
   256 000000CD 36                              	DB	54
   257 000000CE 2B                              	DB	43
   258 000000CF 31                              	DB	49
   259 000000D0 32                              	DB	50
   260 000000D1 33                              	DB	51
   261 000000D2 30                              	DB	48
   262 000000D3 2E                              	DB	46
   263 000000D4 00                              	DB	0
   264 000000D5 00                              	DB	0
   265 000000D6 00                              	DB	0
   266 000000D7 00                              	DB	0
   267 000000D8 00                              	DB	0
   268 000000D9 00                              	DB	0
   269 000000DA 00                              	DB	0
   270 000000DB 00                              	DB	0
   271 000000DC 00                              	DB	0
   272 000000DD 00                              	DB	0
   273 000000DE 00                              	DB	0
   274 000000DF 00                              	DB	0
   275 000000E0 00                              	DB	0
   276 000000E1 00                              	DB	0
   277 000000E2 00                              	DB	0
   278 000000E3 00                              	DB	0
   279 000000E4 00                              	DB	0
   280 000000E5 00                              	DB	0
   281 000000E6 00                              	DB	0
   282 000000E7 00                              	DB	0
   283 000000E8 00                              	DB	0
   284 000000E9 00                              	DB	0
   285 000000EA 00                              	DB	0
   286 000000EB 00                              	DB	0
   287 000000EC 00                              	DB	0
   288 000000ED 00                              	DB	0
   289 000000EE 00                              	DB	0
   290 000000EF 00                              	DB	0
   291 000000F0 00                              	DB	0
   292 000000F1 00                              	DB	0
   293 000000F2 00                              	DB	0
   294 000000F3 5F                              	DB	95
   295 000000F4 00                              	DB	0
   296 000000F5 00                              	DB	0
   297 000000F6 00                              	DB	0
   298 000000F7 00                              	DB	0
   299 000000F8 00                              	DB	0
   300 000000F9 00                              	DB	0
   301 000000FA 00                              	DB	0
   302 000000FB 00                              	DB	0
   303 000000FC 00                              	DB	0
   304 000000FD 7C                              	DB	124
   305 000000FE 00                              	DB	0
   306 000000FF 00                              	DB	0
   307 00000100                                 LC0:
   308 00000100 63 6F 6E 73 6F 6C 65 00         	DB	"console",0x00
   309 00000108                                 LC1:
   310 00000108 74 61 73 6B 5F 61 00            	DB	"task_a",0x00
   311 0000010F                                 LC2:
   312 0000010F 28 25 33 64 2C 20 25 33 64 29   	DB	"(%3d, %3d)",0x00
       00000119 00 
   313 0000011A                                 LC3:
   314 0000011A 6D 65 6D 6F 72 79 20 25 64 4D   	DB	"memory %dMB   free : %dKB",0x00
       00000124 42 20 20 20 66 72 65 65 20 3A 
       0000012E 20 25 64 4B 42 00 
   315 00000134                                 LC6:
   316 00000134 5B 6C 63 72 20 25 34 64 20 25   	DB	"[lcr %4d %4d]",0x00
       0000013E 34 64 5D 00 
   317 00000142                                 LC4:
   318 00000142 25 30 32 58 00                  	DB	"%02X",0x00
   319 00000147                                 LC5:
   320 00000147 20 00                           	DB	" ",0x00
   321                                          [SECTION .text]
   322 00000000                                 	GLOBAL	_HariMain
   323 00000000                                 _HariMain:
   324 00000000 55                              	PUSH	EBP
   325 00000001 89 E5                           	MOV	EBP,ESP
   326 00000003 57                              	PUSH	EDI
   327 00000004 56                              	PUSH	ESI
   328 00000005 53                              	PUSH	EBX
   329 00000006 81 EC 00000444                  	SUB	ESP,1092
   330 0000000C C7 85 FFFFFBBC 00000000         	MOV	DWORD [-1092+EBP],0
   331 00000016 C7 85 FFFFFBB8 00000000         	MOV	DWORD [-1096+EBP],0
   332 00000020 A0 00000FF1                     	MOV	AL,BYTE [4081]
   333 00000025 C0 F8 04                        	SAR	AL,4
   334 00000028 89 C2                           	MOV	EDX,EAX
   335 0000002A 83 E2 07                        	AND	EDX,7
   336 0000002D 89 95 FFFFFBB4                  	MOV	DWORD [-1100+EBP],EDX
   337 00000033 E8 [00000000]                   	CALL	_init_gdtidt
   338 00000038 E8 [00000000]                   	CALL	_init_pic
   339 0000003D E8 [00000000]                   	CALL	_io_sti
   340 00000042 8D 85 FFFFFD84                  	LEA	EAX,DWORD [-636+EBP]
   341 00000048 6A 00                           	PUSH	0
   342 0000004A 50                              	PUSH	EAX
   343 0000004B 8D 45 A4                        	LEA	EAX,DWORD [-92+EBP]
   344 0000004E 68 00000080                     	PUSH	128
   345 00000053 50                              	PUSH	EAX
   346 00000054 E8 [00000000]                   	CALL	_fifo32_init
   347 00000059 E8 [00000000]                   	CALL	_init_pit
   348 0000005E 8D 55 A4                        	LEA	EDX,DWORD [-92+EBP]
   349 00000061 68 00000100                     	PUSH	256
   350 00000066 52                              	PUSH	EDX
   351 00000067 E8 [00000000]                   	CALL	_init_keyboard
   352 0000006C 8D 85 FFFFFCF4                  	LEA	EAX,DWORD [-780+EBP]
   353 00000072 50                              	PUSH	EAX
   354 00000073 8D 45 A4                        	LEA	EAX,DWORD [-92+EBP]
   355 00000076 68 00000200                     	PUSH	512
   356 0000007B 50                              	PUSH	EAX
   357 0000007C E8 [00000000]                   	CALL	_enable_mouse
   358 00000081 83 C4 24                        	ADD	ESP,36
   359 00000084 68 000000F8                     	PUSH	248
   360 00000089 6A 21                           	PUSH	33
   361 0000008B E8 [00000000]                   	CALL	_io_out8
   362 00000090 68 000000EF                     	PUSH	239
   363 00000095 68 000000A1                     	PUSH	161
   364 0000009A E8 [00000000]                   	CALL	_io_out8
   365 0000009F 68 BFFFFFFF                     	PUSH	-1073741825
   366 000000A4 68 00400000                     	PUSH	4194304
   367 000000A9 E8 [00000000]                   	CALL	_memtest
   368 000000AE 68 003C0000                     	PUSH	3932160
   369 000000B3 89 85 FFFFFBE0                  	MOV	DWORD [-1056+EBP],EAX
   370 000000B9 E8 [00000000]                   	CALL	_memman_init
   371 000000BE 68 0009E000                     	PUSH	647168
   372 000000C3 68 00001000                     	PUSH	4096
   373 000000C8 68 003C0000                     	PUSH	3932160
   374 000000CD E8 [00000000]                   	CALL	_memman_free
   375 000000D2 8B 85 FFFFFBE0                  	MOV	EAX,DWORD [-1056+EBP]
   376 000000D8 83 C4 28                        	ADD	ESP,40
   377 000000DB 2D 00400000                     	SUB	EAX,4194304
   378 000000E0 50                              	PUSH	EAX
   379 000000E1 68 00400000                     	PUSH	4194304
   380 000000E6 68 003C0000                     	PUSH	3932160
   381 000000EB E8 [00000000]                   	CALL	_memman_free
   382 000000F0 E8 [00000000]                   	CALL	_init_palette
   383 000000F5 0F BF 05 00000FF6               	MOVSX	EAX,WORD [4086]
   384 000000FC 50                              	PUSH	EAX
   385 000000FD 0F BF 05 00000FF4               	MOVSX	EAX,WORD [4084]
   386 00000104 50                              	PUSH	EAX
   387 00000105 FF 35 00000FF8                  	PUSH	DWORD [4088]
   388 0000010B 68 003C0000                     	PUSH	3932160
   389 00000110 E8 [00000000]                   	CALL	_shtctl_init
   390 00000115 68 003C0000                     	PUSH	3932160
   391 0000011A 89 C6                           	MOV	ESI,EAX
   392 0000011C E8 [00000000]                   	CALL	_task_init
   393 00000121 83 C4 20                        	ADD	ESP,32
   394 00000124 89 85 FFFFFBC8                  	MOV	DWORD [-1080+EBP],EAX
   395 0000012A 89 45 BC                        	MOV	DWORD [-68+EBP],EAX
   396 0000012D 6A 02                           	PUSH	2
   397 0000012F 6A 01                           	PUSH	1
   398 00000131 50                              	PUSH	EAX
   399 00000132 E8 [00000000]                   	CALL	_task_run
   400 00000137 56                              	PUSH	ESI
   401 00000138 E8 [00000000]                   	CALL	_sheet_alloc
   402 0000013D 0F BF 15 00000FF6               	MOVSX	EDX,WORD [4086]
   403 00000144 89 85 FFFFFBD4                  	MOV	DWORD [-1068+EBP],EAX
   404 0000014A 0F BF 05 00000FF4               	MOVSX	EAX,WORD [4084]
   405 00000151 0F AF C2                        	IMUL	EAX,EDX
   406 00000154 50                              	PUSH	EAX
   407 00000155 68 003C0000                     	PUSH	3932160
   408 0000015A E8 [00000000]                   	CALL	_memman_alloc_4k
   409 0000015F 6A FF                           	PUSH	-1
   410 00000161 89 C3                           	MOV	EBX,EAX
   411 00000163 0F BF 05 00000FF6               	MOVSX	EAX,WORD [4086]
   412 0000016A 50                              	PUSH	EAX
   413 0000016B 0F BF 05 00000FF4               	MOVSX	EAX,WORD [4084]
   414 00000172 50                              	PUSH	EAX
   415 00000173 53                              	PUSH	EBX
   416 00000174 FF B5 FFFFFBD4                  	PUSH	DWORD [-1068+EBP]
   417 0000017A E8 [00000000]                   	CALL	_sheet_setbuf
   418 0000017F 83 C4 2C                        	ADD	ESP,44
   419 00000182 0F BF 05 00000FF6               	MOVSX	EAX,WORD [4086]
   420 00000189 50                              	PUSH	EAX
   421 0000018A 0F BF 05 00000FF4               	MOVSX	EAX,WORD [4084]
   422 00000191 50                              	PUSH	EAX
   423 00000192 53                              	PUSH	EBX
   424 00000193 8D 9D FFFFFBF4                  	LEA	EBX,DWORD [-1036+EBP]
   425 00000199 E8 [00000000]                   	CALL	_init_screen8
   426 0000019E 56                              	PUSH	ESI
   427 0000019F E8 [00000000]                   	CALL	_sheet_alloc
   428 000001A4 68 0000A500                     	PUSH	42240
   429 000001A9 68 003C0000                     	PUSH	3932160
   430 000001AE 89 85 FFFFFBCC                  	MOV	DWORD [-1076+EBP],EAX
   431 000001B4 E8 [00000000]                   	CALL	_memman_alloc_4k
   432 000001B9 6A FF                           	PUSH	-1
   433 000001BB 68 000000A5                     	PUSH	165
   434 000001C0 89 85 FFFFFBD8                  	MOV	DWORD [-1064+EBP],EAX
   435 000001C6 68 00000100                     	PUSH	256
   436 000001CB 50                              	PUSH	EAX
   437 000001CC FF B5 FFFFFBCC                  	PUSH	DWORD [-1076+EBP]
   438 000001D2 E8 [00000000]                   	CALL	_sheet_setbuf
   439 000001D7 83 C4 2C                        	ADD	ESP,44
   440 000001DA 6A 00                           	PUSH	0
   441 000001DC 68 [00000100]                   	PUSH	LC0
   442 000001E1 68 000000A5                     	PUSH	165
   443 000001E6 68 00000100                     	PUSH	256
   444 000001EB FF B5 FFFFFBD8                  	PUSH	DWORD [-1064+EBP]
   445 000001F1 E8 000008C3                     	CALL	_make_window8
   446 000001F6 6A 00                           	PUSH	0
   447 000001F8 68 00000080                     	PUSH	128
   448 000001FD 68 000000F0                     	PUSH	240
   449 00000202 6A 1C                           	PUSH	28
   450 00000204 6A 08                           	PUSH	8
   451 00000206 FF B5 FFFFFBCC                  	PUSH	DWORD [-1076+EBP]
   452 0000020C E8 00000AE7                     	CALL	_make_textbox8
   453 00000211 83 C4 2C                        	ADD	ESP,44
   454 00000214 E8 [00000000]                   	CALL	_task_alloc
   455 00000219 68 00010000                     	PUSH	65536
   456 0000021E 68 003C0000                     	PUSH	3932160
   457 00000223 89 85 FFFFFBC4                  	MOV	DWORD [-1084+EBP],EAX
   458 00000229 E8 [00000000]                   	CALL	_memman_alloc_4k
   459 0000022E 8B 95 FFFFFBC4                  	MOV	EDX,DWORD [-1084+EBP]
   460 00000234 05 0000FFF8                     	ADD	EAX,65528
   461 00000239 89 42 64                        	MOV	DWORD [100+EDX],EAX
   462 0000023C C7 42 4C [00000E2E]             	MOV	DWORD [76+EDX],_console_task
   463 00000243 C7 42 74 00000008               	MOV	DWORD [116+EDX],8
   464 0000024A C7 42 78 00000010               	MOV	DWORD [120+EDX],16
   465 00000251 C7 42 7C 00000008               	MOV	DWORD [124+EDX],8
   466 00000258 C7 82 00000080 00000008         	MOV	DWORD [128+EDX],8
   467 00000262 C7 82 00000084 00000008         	MOV	DWORD [132+EDX],8
   468 0000026C C7 82 00000088 00000008         	MOV	DWORD [136+EDX],8
   469 00000276 8B 95 FFFFFBCC                  	MOV	EDX,DWORD [-1076+EBP]
   470 0000027C 89 50 04                        	MOV	DWORD [4+EAX],EDX
   471 0000027F 6A 02                           	PUSH	2
   472 00000281 6A 02                           	PUSH	2
   473 00000283 FF B5 FFFFFBC4                  	PUSH	DWORD [-1084+EBP]
   474 00000289 E8 [00000000]                   	CALL	_task_run
   475 0000028E 56                              	PUSH	ESI
   476 0000028F E8 [00000000]                   	CALL	_sheet_alloc
   477 00000294 68 00002080                     	PUSH	8320
   478 00000299 68 003C0000                     	PUSH	3932160
   479 0000029E 89 C7                           	MOV	EDI,EAX
   480 000002A0 E8 [00000000]                   	CALL	_memman_alloc_4k
   481 000002A5 83 C4 20                        	ADD	ESP,32
   482 000002A8 6A FF                           	PUSH	-1
   483 000002AA 89 85 FFFFFBDC                  	MOV	DWORD [-1060+EBP],EAX
   484 000002B0 6A 34                           	PUSH	52
   485 000002B2 68 00000090                     	PUSH	144
   486 000002B7 50                              	PUSH	EAX
   487 000002B8 57                              	PUSH	EDI
   488 000002B9 E8 [00000000]                   	CALL	_sheet_setbuf
   489 000002BE 6A 01                           	PUSH	1
   490 000002C0 68 [00000108]                   	PUSH	LC1
   491 000002C5 6A 34                           	PUSH	52
   492 000002C7 68 00000090                     	PUSH	144
   493 000002CC FF B5 FFFFFBDC                  	PUSH	DWORD [-1060+EBP]
   494 000002D2 E8 000007E2                     	CALL	_make_window8
   495 000002D7 83 C4 28                        	ADD	ESP,40
   496 000002DA 6A 07                           	PUSH	7
   497 000002DC 6A 10                           	PUSH	16
   498 000002DE 68 00000080                     	PUSH	128
   499 000002E3 6A 1C                           	PUSH	28
   500 000002E5 6A 08                           	PUSH	8
   501 000002E7 57                              	PUSH	EDI
   502 000002E8 E8 00000A0B                     	CALL	_make_textbox8
   503 000002ED C7 85 FFFFFBE8 00000008         	MOV	DWORD [-1048+EBP],8
   504 000002F7 C7 85 FFFFFBE4 00000007         	MOV	DWORD [-1052+EBP],7
   505 00000301 E8 [00000000]                   	CALL	_timer_alloc
   506 00000306 6A 01                           	PUSH	1
   507 00000308 89 85 FFFFFBC0                  	MOV	DWORD [-1088+EBP],EAX
   508 0000030E 8D 45 A4                        	LEA	EAX,DWORD [-92+EBP]
   509 00000311 50                              	PUSH	EAX
   510 00000312 FF B5 FFFFFBC0                  	PUSH	DWORD [-1088+EBP]
   511 00000318 E8 [00000000]                   	CALL	_timer_init
   512 0000031D 83 C4 24                        	ADD	ESP,36
   513 00000320 6A 32                           	PUSH	50
   514 00000322 FF B5 FFFFFBC0                  	PUSH	DWORD [-1088+EBP]
   515 00000328 E8 [00000000]                   	CALL	_timer_settime
   516 0000032D 56                              	PUSH	ESI
   517 0000032E E8 [00000000]                   	CALL	_sheet_alloc
   518 00000333 6A 63                           	PUSH	99
   519 00000335 6A 10                           	PUSH	16
   520 00000337 6A 10                           	PUSH	16
   521 00000339 89 85 FFFFFBD0                  	MOV	DWORD [-1072+EBP],EAX
   522 0000033F 53                              	PUSH	EBX
   523 00000340 50                              	PUSH	EAX
   524 00000341 E8 [00000000]                   	CALL	_sheet_setbuf
   525 00000346 83 C4 20                        	ADD	ESP,32
   526 00000349 6A 63                           	PUSH	99
   527 0000034B 53                              	PUSH	EBX
   528 0000034C BB 00000002                     	MOV	EBX,2
   529 00000351 E8 [00000000]                   	CALL	_init_mouse_cursor8
   530 00000356 0F BF 05 00000FF4               	MOVSX	EAX,WORD [4084]
   531 0000035D 8D 48 F0                        	LEA	ECX,DWORD [-16+EAX]
   532 00000360 89 C8                           	MOV	EAX,ECX
   533 00000362 99                              	CDQ
   534 00000363 F7 FB                           	IDIV	EBX
   535 00000365 89 85 FFFFFBF0                  	MOV	DWORD [-1040+EBP],EAX
   536 0000036B 0F BF 05 00000FF6               	MOVSX	EAX,WORD [4086]
   537 00000372 6A 00                           	PUSH	0
   538 00000374 8D 48 D4                        	LEA	ECX,DWORD [-44+EAX]
   539 00000377 6A 00                           	PUSH	0
   540 00000379 89 C8                           	MOV	EAX,ECX
   541 0000037B 99                              	CDQ
   542 0000037C F7 FB                           	IDIV	EBX
   543 0000037E FF B5 FFFFFBD4                  	PUSH	DWORD [-1068+EBP]
   544 00000384 89 85 FFFFFBEC                  	MOV	DWORD [-1044+EBP],EAX
   545 0000038A 8D 5D C4                        	LEA	EBX,DWORD [-60+EBP]
   546 0000038D E8 [00000000]                   	CALL	_sheet_slide
   547 00000392 6A 04                           	PUSH	4
   548 00000394 6A 20                           	PUSH	32
   549 00000396 FF B5 FFFFFBCC                  	PUSH	DWORD [-1076+EBP]
   550 0000039C E8 [00000000]                   	CALL	_sheet_slide
   551 000003A1 83 C4 20                        	ADD	ESP,32
   552 000003A4 6A 38                           	PUSH	56
   553 000003A6 6A 40                           	PUSH	64
   554 000003A8 57                              	PUSH	EDI
   555 000003A9 E8 [00000000]                   	CALL	_sheet_slide
   556 000003AE FF B5 FFFFFBEC                  	PUSH	DWORD [-1044+EBP]
   557 000003B4 FF B5 FFFFFBF0                  	PUSH	DWORD [-1040+EBP]
   558 000003BA FF B5 FFFFFBD0                  	PUSH	DWORD [-1072+EBP]
   559 000003C0 E8 [00000000]                   	CALL	_sheet_slide
   560 000003C5 6A 00                           	PUSH	0
   561 000003C7 FF B5 FFFFFBD4                  	PUSH	DWORD [-1068+EBP]
   562 000003CD E8 [00000000]                   	CALL	_sheet_updown
   563 000003D2 83 C4 20                        	ADD	ESP,32
   564 000003D5 6A 01                           	PUSH	1
   565 000003D7 FF B5 FFFFFBCC                  	PUSH	DWORD [-1076+EBP]
   566 000003DD E8 [00000000]                   	CALL	_sheet_updown
   567 000003E2 6A 02                           	PUSH	2
   568 000003E4 57                              	PUSH	EDI
   569 000003E5 E8 [00000000]                   	CALL	_sheet_updown
   570 000003EA 6A 03                           	PUSH	3
   571 000003EC FF B5 FFFFFBD0                  	PUSH	DWORD [-1072+EBP]
   572 000003F2 E8 [00000000]                   	CALL	_sheet_updown
   573 000003F7 FF B5 FFFFFBEC                  	PUSH	DWORD [-1044+EBP]
   574 000003FD FF B5 FFFFFBF0                  	PUSH	DWORD [-1040+EBP]
   575 00000403 68 [0000010F]                   	PUSH	LC2
   576 00000408 53                              	PUSH	EBX
   577 00000409 E8 [00000000]                   	CALL	_sprintf
   578 0000040E 83 C4 28                        	ADD	ESP,40
   579 00000411 6A 0A                           	PUSH	10
   580 00000413 53                              	PUSH	EBX
   581 00000414 6A 0E                           	PUSH	14
   582 00000416 6A 07                           	PUSH	7
   583 00000418 6A 00                           	PUSH	0
   584 0000041A 6A 00                           	PUSH	0
   585 0000041C FF B5 FFFFFBD4                  	PUSH	DWORD [-1068+EBP]
   586 00000422 E8 0000084A                     	CALL	_putfonts8_asc_sht
   587 00000427 68 003C0000                     	PUSH	3932160
   588 0000042C E8 [00000000]                   	CALL	_memman_total
   589 00000431 C1 AD FFFFFBE0 14               	SHR	DWORD [-1056+EBP],20
   590 00000438 C1 E8 0A                        	SHR	EAX,10
   591 0000043B 89 04 24                        	MOV	DWORD [ESP],EAX
   592 0000043E FF B5 FFFFFBE0                  	PUSH	DWORD [-1056+EBP]
   593 00000444 68 [0000011A]                   	PUSH	LC3
   594 00000449 53                              	PUSH	EBX
   595 0000044A E8 [00000000]                   	CALL	_sprintf
   596 0000044F 83 C4 2C                        	ADD	ESP,44
   597 00000452 6A 28                           	PUSH	40
   598 00000454 53                              	PUSH	EBX
   599 00000455 6A 0E                           	PUSH	14
   600 00000457 6A 07                           	PUSH	7
   601 00000459 6A 20                           	PUSH	32
   602 0000045B 6A 00                           	PUSH	0
   603 0000045D FF B5 FFFFFBD4                  	PUSH	DWORD [-1068+EBP]
   604 00000463 E8 00000809                     	CALL	_putfonts8_asc_sht
   605 00000468 83 C4 1C                        	ADD	ESP,28
   606 0000046B                                 L2:
   607 0000046B 8D 5D A4                        	LEA	EBX,DWORD [-92+EBP]
   608 0000046E E8 [00000000]                   	CALL	_io_cli
   609 00000473 53                              	PUSH	EBX
   610 00000474 E8 [00000000]                   	CALL	_fifo32_status
   611 00000479 5E                              	POP	ESI
   612 0000047A 85 C0                           	TEST	EAX,EAX
   613 0000047C 0F 84 00000621                  	JE	L57
   614 00000482 53                              	PUSH	EBX
   615 00000483 E8 [00000000]                   	CALL	_fifo32_get
   616 00000488 89 C6                           	MOV	ESI,EAX
   617 0000048A E8 [00000000]                   	CALL	_io_sti
   618 0000048F 5A                              	POP	EDX
   619 00000490 8D 86 FFFFFF00                  	LEA	EAX,DWORD [-256+ESI]
   620 00000496 3D 000000FF                     	CMP	EAX,255
   621 0000049B 0F 86 0000023B                  	JBE	L58
   622 000004A1 8D 86 FFFFFE00                  	LEA	EAX,DWORD [-512+ESI]
   623 000004A7 3D 000000FF                     	CMP	EAX,255
   624 000004AC 0F 86 000000C2                  	JBE	L59
   625 000004B2 83 FE 01                        	CMP	ESI,1
   626 000004B5 7F B4                           	JG	L2
   627 000004B7 85 F6                           	TEST	ESI,ESI
   628 000004B9 0F 84 00000088                  	JE	L50
   629 000004BF 6A 00                           	PUSH	0
   630 000004C1 53                              	PUSH	EBX
   631 000004C2 FF B5 FFFFFBC0                  	PUSH	DWORD [-1088+EBP]
   632 000004C8 E8 [00000000]                   	CALL	_timer_init
   633 000004CD 83 C4 0C                        	ADD	ESP,12
   634 000004D0 83 BD FFFFFBE4 00               	CMP	DWORD [-1052+EBP],0
   635 000004D7 78 0A                           	JS	L52
   636 000004D9 C7 85 FFFFFBE4 00000000         	MOV	DWORD [-1052+EBP],0
   637 000004E3                                 L52:
   638 000004E3 6A 32                           	PUSH	50
   639 000004E5 FF B5 FFFFFBC0                  	PUSH	DWORD [-1088+EBP]
   640 000004EB E8 [00000000]                   	CALL	_timer_settime
   641 000004F0 58                              	POP	EAX
   642 000004F1 5A                              	POP	EDX
   643 000004F2 83 BD FFFFFBE4 00               	CMP	DWORD [-1052+EBP],0
   644 000004F9 0F 88 FFFFFF6C                  	JS	L2
   645 000004FF 8B 85 FFFFFBE8                  	MOV	EAX,DWORD [-1048+EBP]
   646 00000505 6A 2B                           	PUSH	43
   647 00000507 83 C0 07                        	ADD	EAX,7
   648 0000050A 50                              	PUSH	EAX
   649 0000050B 6A 1C                           	PUSH	28
   650 0000050D FF B5 FFFFFBE8                  	PUSH	DWORD [-1048+EBP]
   651 00000513 0F B6 85 FFFFFBE4               	MOVZX	EAX,BYTE [-1052+EBP]
   652 0000051A 50                              	PUSH	EAX
   653 0000051B FF 77 04                        	PUSH	DWORD [4+EDI]
   654 0000051E FF 37                           	PUSH	DWORD [EDI]
   655 00000520 E8 [00000000]                   	CALL	_boxfill8
   656 00000525 8B 85 FFFFFBE8                  	MOV	EAX,DWORD [-1048+EBP]
   657 0000052B 6A 2C                           	PUSH	44
   658 0000052D 83 C0 08                        	ADD	EAX,8
   659 00000530 50                              	PUSH	EAX
   660 00000531 6A 1C                           	PUSH	28
   661 00000533 FF B5 FFFFFBE8                  	PUSH	DWORD [-1048+EBP]
   662 00000539 57                              	PUSH	EDI
   663 0000053A E8 [00000000]                   	CALL	_sheet_refresh
   664 0000053F 83 C4 30                        	ADD	ESP,48
   665 00000542 E9 FFFFFF24                     	JMP	L2
   666 00000547                                 L50:
   667 00000547 6A 01                           	PUSH	1
   668 00000549 53                              	PUSH	EBX
   669 0000054A FF B5 FFFFFBC0                  	PUSH	DWORD [-1088+EBP]
   670 00000550 E8 [00000000]                   	CALL	_timer_init
   671 00000555 83 C4 0C                        	ADD	ESP,12
   672 00000558 83 BD FFFFFBE4 00               	CMP	DWORD [-1052+EBP],0
   673 0000055F 0F 88 FFFFFF7E                  	JS	L52
   674 00000565 C7 85 FFFFFBE4 00000007         	MOV	DWORD [-1052+EBP],7
   675 0000056F E9 FFFFFF6F                     	JMP	L52
   676 00000574                                 L59:
   677 00000574 89 F2                           	MOV	EDX,ESI
   678 00000576 0F B6 C2                        	MOVZX	EAX,DL
   679 00000579 50                              	PUSH	EAX
   680 0000057A 8D 85 FFFFFCF4                  	LEA	EAX,DWORD [-780+EBP]
   681 00000580 50                              	PUSH	EAX
   682 00000581 E8 [00000000]                   	CALL	_mouse_decode
   683 00000586 59                              	POP	ECX
   684 00000587 5B                              	POP	EBX
   685 00000588 85 C0                           	TEST	EAX,EAX
   686 0000058A 0F 84 FFFFFEDB                  	JE	L2
   687 00000590 FF B5 FFFFFCFC                  	PUSH	DWORD [-772+EBP]
   688 00000596 FF B5 FFFFFCF8                  	PUSH	DWORD [-776+EBP]
   689 0000059C 68 [00000134]                   	PUSH	LC6
   690 000005A1 8D 5D C4                        	LEA	EBX,DWORD [-60+EBP]
   691 000005A4 53                              	PUSH	EBX
   692 000005A5 E8 [00000000]                   	CALL	_sprintf
   693 000005AA 83 C4 10                        	ADD	ESP,16
   694 000005AD 8B 85 FFFFFD00                  	MOV	EAX,DWORD [-768+EBP]
   695 000005B3 A9 00000001                     	TEST	EAX,1
   696 000005B8 74 04                           	JE	L40
   697 000005BA C6 45 C5 4C                     	MOV	BYTE [-59+EBP],76
   698 000005BE                                 L40:
   699 000005BE A9 00000002                     	TEST	EAX,2
   700 000005C3 74 04                           	JE	L41
   701 000005C5 C6 45 C7 52                     	MOV	BYTE [-57+EBP],82
   702 000005C9                                 L41:
   703 000005C9 83 E0 04                        	AND	EAX,4
   704 000005CC 74 04                           	JE	L42
   705 000005CE C6 45 C6 43                     	MOV	BYTE [-58+EBP],67
   706 000005D2                                 L42:
   707 000005D2 6A 0F                           	PUSH	15
   708 000005D4 53                              	PUSH	EBX
   709 000005D5 6A 0E                           	PUSH	14
   710 000005D7 6A 07                           	PUSH	7
   711 000005D9 6A 10                           	PUSH	16
   712 000005DB 6A 20                           	PUSH	32
   713 000005DD FF B5 FFFFFBD4                  	PUSH	DWORD [-1068+EBP]
   714 000005E3 E8 00000689                     	CALL	_putfonts8_asc_sht
   715 000005E8 8B 95 FFFFFCF8                  	MOV	EDX,DWORD [-776+EBP]
   716 000005EE 8B 85 FFFFFCFC                  	MOV	EAX,DWORD [-772+EBP]
   717 000005F4 83 C4 1C                        	ADD	ESP,28
   718 000005F7 01 85 FFFFFBEC                  	ADD	DWORD [-1044+EBP],EAX
   719 000005FD 01 95 FFFFFBF0                  	ADD	DWORD [-1040+EBP],EDX
   720 00000603 0F 88 000000C4                  	JS	L60
   721 00000609                                 L43:
   722 00000609 83 BD FFFFFBEC 00               	CMP	DWORD [-1044+EBP],0
   723 00000610 0F 88 000000A8                  	JS	L61
   724 00000616                                 L44:
   725 00000616 0F BF 05 00000FF4               	MOVSX	EAX,WORD [4084]
   726 0000061D 48                              	DEC	EAX
   727 0000061E 39 85 FFFFFBF0                  	CMP	DWORD [-1040+EBP],EAX
   728 00000624 7E 06                           	JLE	L45
   729 00000626 89 85 FFFFFBF0                  	MOV	DWORD [-1040+EBP],EAX
   730 0000062C                                 L45:
   731 0000062C 0F BF 05 00000FF6               	MOVSX	EAX,WORD [4086]
   732 00000633 48                              	DEC	EAX
   733 00000634 39 85 FFFFFBEC                  	CMP	DWORD [-1044+EBP],EAX
   734 0000063A 7E 06                           	JLE	L46
   735 0000063C 89 85 FFFFFBEC                  	MOV	DWORD [-1044+EBP],EAX
   736 00000642                                 L46:
   737 00000642 FF B5 FFFFFBEC                  	PUSH	DWORD [-1044+EBP]
   738 00000648 FF B5 FFFFFBF0                  	PUSH	DWORD [-1040+EBP]
   739 0000064E 68 [0000010F]                   	PUSH	LC2
   740 00000653 53                              	PUSH	EBX
   741 00000654 E8 [00000000]                   	CALL	_sprintf
   742 00000659 6A 0A                           	PUSH	10
   743 0000065B 53                              	PUSH	EBX
   744 0000065C 6A 0E                           	PUSH	14
   745 0000065E 6A 07                           	PUSH	7
   746 00000660 6A 00                           	PUSH	0
   747 00000662 6A 00                           	PUSH	0
   748 00000664 FF B5 FFFFFBD4                  	PUSH	DWORD [-1068+EBP]
   749 0000066A E8 00000602                     	CALL	_putfonts8_asc_sht
   750 0000066F 83 C4 2C                        	ADD	ESP,44
   751 00000672 FF B5 FFFFFBEC                  	PUSH	DWORD [-1044+EBP]
   752 00000678 FF B5 FFFFFBF0                  	PUSH	DWORD [-1040+EBP]
   753 0000067E FF B5 FFFFFBD0                  	PUSH	DWORD [-1072+EBP]
   754 00000684 E8 [00000000]                   	CALL	_sheet_slide
   755 00000689 83 C4 0C                        	ADD	ESP,12
   756 0000068C F7 85 FFFFFD00 00000001         	TEST	DWORD [-768+EBP],1
   757 00000696 0F 84 FFFFFDCF                  	JE	L2
   758 0000069C 8B 85 FFFFFBEC                  	MOV	EAX,DWORD [-1044+EBP]
   759 000006A2 83 E8 08                        	SUB	EAX,8
   760 000006A5 50                              	PUSH	EAX
   761 000006A6 8B 85 FFFFFBF0                  	MOV	EAX,DWORD [-1040+EBP]
   762 000006AC 83 E8 50                        	SUB	EAX,80
   763 000006AF 50                              	PUSH	EAX
   764 000006B0 57                              	PUSH	EDI
   765 000006B1 E8 [00000000]                   	CALL	_sheet_slide
   766 000006B6 83 C4 0C                        	ADD	ESP,12
   767 000006B9 E9 FFFFFDAD                     	JMP	L2
   768 000006BE                                 L61:
   769 000006BE C7 85 FFFFFBEC 00000000         	MOV	DWORD [-1044+EBP],0
   770 000006C8 E9 FFFFFF49                     	JMP	L44
   771 000006CD                                 L60:
   772 000006CD C7 85 FFFFFBF0 00000000         	MOV	DWORD [-1040+EBP],0
   773 000006D7 E9 FFFFFF2D                     	JMP	L43
   774 000006DC                                 L58:
   775 000006DC 50                              	PUSH	EAX
   776 000006DD 8D 5D C4                        	LEA	EBX,DWORD [-60+EBP]
   777 000006E0 68 [00000142]                   	PUSH	LC4
   778 000006E5 53                              	PUSH	EBX
   779 000006E6 E8 [00000000]                   	CALL	_sprintf
   780 000006EB 6A 02                           	PUSH	2
   781 000006ED 53                              	PUSH	EBX
   782 000006EE 6A 0E                           	PUSH	14
   783 000006F0 6A 07                           	PUSH	7
   784 000006F2 6A 10                           	PUSH	16
   785 000006F4 6A 00                           	PUSH	0
   786 000006F6 FF B5 FFFFFBD4                  	PUSH	DWORD [-1068+EBP]
   787 000006FC E8 00000570                     	CALL	_putfonts8_asc_sht
   788 00000701 83 C4 28                        	ADD	ESP,40
   789 00000704 81 FE 0000017F                  	CMP	ESI,383
   790 0000070A 0F 8F 0000038A                  	JG	L8
   791 00000710 83 BD FFFFFBB8 00               	CMP	DWORD [-1096+EBP],0
   792 00000717 0F 85 00000372                  	JNE	L9
   793 0000071D 8A 86 [FFFFFF00]                	MOV	AL,BYTE [_keytable0.0-256+ESI]
   794 00000723                                 L56:
   795 00000723 88 45 C4                        	MOV	BYTE [-60+EBP],AL
   796 00000726                                 L11:
   797 00000726 8A 55 C4                        	MOV	DL,BYTE [-60+EBP]
   798 00000729 8D 42 BF                        	LEA	EAX,DWORD [-65+EDX]
   799 0000072C 3C 19                           	CMP	AL,25
   800 0000072E 77 1D                           	JA	L12
   801 00000730 F7 85 FFFFFBB4 00000004         	TEST	DWORD [-1100+EBP],4
   802 0000073A 0F 85 00000340                  	JNE	L55
   803 00000740 83 BD FFFFFBB8 00               	CMP	DWORD [-1096+EBP],0
   804 00000747 0F 84 00000328                  	JE	L14
   805 0000074D                                 L12:
   806 0000074D 8A 45 C4                        	MOV	AL,BYTE [-60+EBP]
   807 00000750 84 C0                           	TEST	AL,AL
   808 00000752 74 3C                           	JE	L16
   809 00000754 83 BD FFFFFBBC 00               	CMP	DWORD [-1092+EBP],0
   810 0000075B 0F 85 000002F5                  	JNE	L17
   811 00000761 83 BD FFFFFBE8 7F               	CMP	DWORD [-1048+EBP],127
   812 00000768 7F 26                           	JG	L16
   813 0000076A 6A 01                           	PUSH	1
   814 0000076C 8D 45 C4                        	LEA	EAX,DWORD [-60+EBP]
   815 0000076F 50                              	PUSH	EAX
   816 00000770 6A 07                           	PUSH	7
   817 00000772 6A 00                           	PUSH	0
   818 00000774 6A 1C                           	PUSH	28
   819 00000776 FF B5 FFFFFBE8                  	PUSH	DWORD [-1048+EBP]
   820 0000077C 57                              	PUSH	EDI
   821 0000077D C6 45 C5 00                     	MOV	BYTE [-59+EBP],0
   822 00000781 E8 000004EB                     	CALL	_putfonts8_asc_sht
   823 00000786 83 C4 1C                        	ADD	ESP,28
   824 00000789 83 85 FFFFFBE8 08               	ADD	DWORD [-1048+EBP],8
   825 00000790                                 L16:
   826 00000790 81 FE 0000010E                  	CMP	ESI,270
   827 00000796 0F 84 00000261                  	JE	L62
   828 0000079C                                 L20:
   829 0000079C 81 FE 0000010F                  	CMP	ESI,271
   830 000007A2 0F 84 00000169                  	JE	L63
   831 000007A8                                 L24:
   832 000007A8 81 FE 0000012A                  	CMP	ESI,298
   833 000007AE 0F 84 00000151                  	JE	L64
   834 000007B4                                 L27:
   835 000007B4 81 FE 00000136                  	CMP	ESI,310
   836 000007BA 0F 84 00000139                  	JE	L65
   837 000007C0                                 L28:
   838 000007C0 81 FE 000001AA                  	CMP	ESI,426
   839 000007C6 0F 84 00000121                  	JE	L66
   840 000007CC                                 L29:
   841 000007CC 81 FE 000001B6                  	CMP	ESI,438
   842 000007D2 0F 84 00000109                  	JE	L67
   843 000007D8                                 L30:
   844 000007D8 81 FE 0000013A                  	CMP	ESI,314
   845 000007DE 0F 84 000000D4                  	JE	L68
   846 000007E4                                 L31:
   847 000007E4 81 FE 00000145                  	CMP	ESI,325
   848 000007EA 0F 84 0000009F                  	JE	L69
   849 000007F0                                 L32:
   850 000007F0 81 FE 00000146                  	CMP	ESI,326
   851 000007F6 74 6E                           	JE	L70
   852 000007F8                                 L33:
   853 000007F8 81 FE 000001FE                  	CMP	ESI,510
   854 000007FE 74 54                           	JE	L71
   855 00000800                                 L35:
   856 00000800 83 BD FFFFFBE4 00               	CMP	DWORD [-1052+EBP],0
   857 00000807 78 29                           	JS	L36
   858 00000809 8B 85 FFFFFBE8                  	MOV	EAX,DWORD [-1048+EBP]
   859 0000080F 6A 2B                           	PUSH	43
   860 00000811 83 C0 07                        	ADD	EAX,7
   861 00000814 50                              	PUSH	EAX
   862 00000815 6A 1C                           	PUSH	28
   863 00000817 FF B5 FFFFFBE8                  	PUSH	DWORD [-1048+EBP]
   864 0000081D 0F B6 85 FFFFFBE4               	MOVZX	EAX,BYTE [-1052+EBP]
   865 00000824 50                              	PUSH	EAX
   866 00000825 FF 77 04                        	PUSH	DWORD [4+EDI]
   867 00000828 FF 37                           	PUSH	DWORD [EDI]
   868 0000082A E8 [00000000]                   	CALL	_boxfill8
   869 0000082F 83 C4 1C                        	ADD	ESP,28
   870 00000832                                 L36:
   871 00000832 8B 85 FFFFFBE8                  	MOV	EAX,DWORD [-1048+EBP]
   872 00000838 6A 2C                           	PUSH	44
   873 0000083A 83 C0 08                        	ADD	EAX,8
   874 0000083D 50                              	PUSH	EAX
   875 0000083E 6A 1C                           	PUSH	28
   876 00000840 FF B5 FFFFFBE8                  	PUSH	DWORD [-1048+EBP]
   877 00000846 57                              	PUSH	EDI
   878 00000847 E8 [00000000]                   	CALL	_sheet_refresh
   879 0000084C 83 C4 14                        	ADD	ESP,20
   880 0000084F E9 FFFFFC17                     	JMP	L2
   881 00000854                                 L71:
   882 00000854 E8 [00000000]                   	CALL	_wait_KBC_sendready
   883 00000859 6A FF                           	PUSH	-1
   884 0000085B 6A 60                           	PUSH	96
   885 0000085D E8 [00000000]                   	CALL	_io_out8
   886 00000862 5E                              	POP	ESI
   887 00000863 58                              	POP	EAX
   888 00000864 EB 9A                           	JMP	L35
   889 00000866                                 L70:
   890 00000866 68 000000ED                     	PUSH	237
   891 0000086B 8D 5D 84                        	LEA	EBX,DWORD [-124+EBP]
   892 0000086E 53                              	PUSH	EBX
   893 0000086F 83 B5 FFFFFBB4 01               	XOR	DWORD [-1100+EBP],1
   894 00000876 E8 [00000000]                   	CALL	_fifo32_put
   895 0000087B FF B5 FFFFFBB4                  	PUSH	DWORD [-1100+EBP]
   896 00000881 53                              	PUSH	EBX
   897 00000882 E8 [00000000]                   	CALL	_fifo32_put
   898 00000887 83 C4 10                        	ADD	ESP,16
   899 0000088A E9 FFFFFF69                     	JMP	L33
   900 0000088F                                 L69:
   901 0000088F 68 000000ED                     	PUSH	237
   902 00000894 8D 5D 84                        	LEA	EBX,DWORD [-124+EBP]
   903 00000897 53                              	PUSH	EBX
   904 00000898 83 B5 FFFFFBB4 02               	XOR	DWORD [-1100+EBP],2
   905 0000089F E8 [00000000]                   	CALL	_fifo32_put
   906 000008A4 FF B5 FFFFFBB4                  	PUSH	DWORD [-1100+EBP]
   907 000008AA 53                              	PUSH	EBX
   908 000008AB E8 [00000000]                   	CALL	_fifo32_put
   909 000008B0 83 C4 10                        	ADD	ESP,16
   910 000008B3 E9 FFFFFF38                     	JMP	L32
   911 000008B8                                 L68:
   912 000008B8 68 000000ED                     	PUSH	237
   913 000008BD 8D 5D 84                        	LEA	EBX,DWORD [-124+EBP]
   914 000008C0 53                              	PUSH	EBX
   915 000008C1 83 B5 FFFFFBB4 04               	XOR	DWORD [-1100+EBP],4
   916 000008C8 E8 [00000000]                   	CALL	_fifo32_put
   917 000008CD FF B5 FFFFFBB4                  	PUSH	DWORD [-1100+EBP]
   918 000008D3 53                              	PUSH	EBX
   919 000008D4 E8 [00000000]                   	CALL	_fifo32_put
   920 000008D9 83 C4 10                        	ADD	ESP,16
   921 000008DC E9 FFFFFF03                     	JMP	L31
   922 000008E1                                 L67:
   923 000008E1 83 A5 FFFFFBB8 FD               	AND	DWORD [-1096+EBP],-3
   924 000008E8 E9 FFFFFEEB                     	JMP	L30
   925 000008ED                                 L66:
   926 000008ED 83 A5 FFFFFBB8 FE               	AND	DWORD [-1096+EBP],-2
   927 000008F4 E9 FFFFFED3                     	JMP	L29
   928 000008F9                                 L65:
   929 000008F9 83 8D FFFFFBB8 02               	OR	DWORD [-1096+EBP],2
   930 00000900 E9 FFFFFEBB                     	JMP	L28
   931 00000905                                 L64:
   932 00000905 83 8D FFFFFBB8 01               	OR	DWORD [-1096+EBP],1
   933 0000090C E9 FFFFFEA3                     	JMP	L27
   934 00000911                                 L63:
   935 00000911 83 BD FFFFFBBC 00               	CMP	DWORD [-1092+EBP],0
   936 00000918 0F 85 00000096                  	JNE	L25
   937 0000091E 6A 00                           	PUSH	0
   938 00000920 68 [00000108]                   	PUSH	LC1
   939 00000925 FF 77 04                        	PUSH	DWORD [4+EDI]
   940 00000928 FF B5 FFFFFBDC                  	PUSH	DWORD [-1060+EBP]
   941 0000092E C7 85 FFFFFBBC 00000001         	MOV	DWORD [-1092+EBP],1
   942 00000938 E8 00000283                     	CALL	_make_wtitle8
   943 0000093D 8B 95 FFFFFBCC                  	MOV	EDX,DWORD [-1076+EBP]
   944 00000943 6A 01                           	PUSH	1
   945 00000945 68 [00000100]                   	PUSH	LC0
   946 0000094A FF 72 04                        	PUSH	DWORD [4+EDX]
   947 0000094D FF B5 FFFFFBD8                  	PUSH	DWORD [-1064+EBP]
   948 00000953 E8 00000268                     	CALL	_make_wtitle8
   949 00000958 8B 85 FFFFFBE8                  	MOV	EAX,DWORD [-1048+EBP]
   950 0000095E 83 C4 20                        	ADD	ESP,32
   951 00000961 83 C0 07                        	ADD	EAX,7
   952 00000964 C7 85 FFFFFBE4 FFFFFFFF         	MOV	DWORD [-1052+EBP],-1
   953 0000096E 6A 2B                           	PUSH	43
   954 00000970 50                              	PUSH	EAX
   955 00000971 6A 1C                           	PUSH	28
   956 00000973 FF B5 FFFFFBE8                  	PUSH	DWORD [-1048+EBP]
   957 00000979 6A 07                           	PUSH	7
   958 0000097B FF 77 04                        	PUSH	DWORD [4+EDI]
   959 0000097E FF 37                           	PUSH	DWORD [EDI]
   960 00000980 E8 [00000000]                   	CALL	_boxfill8
   961 00000985 83 C4 1C                        	ADD	ESP,28
   962 00000988                                 L26:
   963 00000988 6A 15                           	PUSH	21
   964 0000098A FF 77 04                        	PUSH	DWORD [4+EDI]
   965 0000098D 6A 00                           	PUSH	0
   966 0000098F 6A 00                           	PUSH	0
   967 00000991 57                              	PUSH	EDI
   968 00000992 E8 [00000000]                   	CALL	_sheet_refresh
   969 00000997 8B 95 FFFFFBCC                  	MOV	EDX,DWORD [-1076+EBP]
   970 0000099D 6A 15                           	PUSH	21
   971 0000099F FF 72 04                        	PUSH	DWORD [4+EDX]
   972 000009A2 6A 00                           	PUSH	0
   973 000009A4 6A 00                           	PUSH	0
   974 000009A6 52                              	PUSH	EDX
   975 000009A7 E8 [00000000]                   	CALL	_sheet_refresh
   976 000009AC 83 C4 28                        	ADD	ESP,40
   977 000009AF E9 FFFFFDF4                     	JMP	L24
   978 000009B4                                 L25:
   979 000009B4 6A 01                           	PUSH	1
   980 000009B6 68 [00000108]                   	PUSH	LC1
   981 000009BB FF 77 04                        	PUSH	DWORD [4+EDI]
   982 000009BE FF B5 FFFFFBDC                  	PUSH	DWORD [-1060+EBP]
   983 000009C4 C7 85 FFFFFBBC 00000000         	MOV	DWORD [-1092+EBP],0
   984 000009CE E8 000001ED                     	CALL	_make_wtitle8
   985 000009D3 8B 85 FFFFFBCC                  	MOV	EAX,DWORD [-1076+EBP]
   986 000009D9 6A 00                           	PUSH	0
   987 000009DB 68 [00000100]                   	PUSH	LC0
   988 000009E0 FF 70 04                        	PUSH	DWORD [4+EAX]
   989 000009E3 FF B5 FFFFFBD8                  	PUSH	DWORD [-1064+EBP]
   990 000009E9 E8 000001D2                     	CALL	_make_wtitle8
   991 000009EE 83 C4 20                        	ADD	ESP,32
   992 000009F1 C7 85 FFFFFBE4 00000000         	MOV	DWORD [-1052+EBP],0
   993 000009FB EB 8B                           	JMP	L26
   994 000009FD                                 L62:
   995 000009FD 83 BD FFFFFBBC 00               	CMP	DWORD [-1092+EBP],0
   996 00000A04 75 35                           	JNE	L21
   997 00000A06 83 BD FFFFFBE8 08               	CMP	DWORD [-1048+EBP],8
   998 00000A0D 0F 8E FFFFFD89                  	JLE	L20
   999 00000A13 6A 01                           	PUSH	1
  1000 00000A15 68 [00000147]                   	PUSH	LC5
  1001 00000A1A 6A 07                           	PUSH	7
  1002 00000A1C 6A 00                           	PUSH	0
  1003 00000A1E 6A 1C                           	PUSH	28
  1004 00000A20 FF B5 FFFFFBE8                  	PUSH	DWORD [-1048+EBP]
  1005 00000A26 57                              	PUSH	EDI
  1006 00000A27 E8 00000245                     	CALL	_putfonts8_asc_sht
  1007 00000A2C 83 C4 1C                        	ADD	ESP,28
  1008 00000A2F 83 AD FFFFFBE8 08               	SUB	DWORD [-1048+EBP],8
  1009 00000A36 E9 FFFFFD61                     	JMP	L20
  1010 00000A3B                                 L21:
  1011 00000A3B 8B 85 FFFFFBC4                  	MOV	EAX,DWORD [-1084+EBP]
  1012 00000A41 68 00000108                     	PUSH	264
  1013 00000A46 83 C0 10                        	ADD	EAX,16
  1014 00000A49 50                              	PUSH	EAX
  1015 00000A4A E8 [00000000]                   	CALL	_fifo32_put
  1016 00000A4F 58                              	POP	EAX
  1017 00000A50 5A                              	POP	EDX
  1018 00000A51 E9 FFFFFD46                     	JMP	L20
  1019 00000A56                                 L17:
  1020 00000A56 0F BE C0                        	MOVSX	EAX,AL
  1021 00000A59 05 00000100                     	ADD	EAX,256
  1022 00000A5E 50                              	PUSH	EAX
  1023 00000A5F 8B 85 FFFFFBC4                  	MOV	EAX,DWORD [-1084+EBP]
  1024 00000A65 83 C0 10                        	ADD	EAX,16
  1025 00000A68 50                              	PUSH	EAX
  1026 00000A69 E8 [00000000]                   	CALL	_fifo32_put
  1027 00000A6E 59                              	POP	ECX
  1028 00000A6F 5B                              	POP	EBX
  1029 00000A70 E9 FFFFFD1B                     	JMP	L16
  1030 00000A75                                 L14:
  1031 00000A75 8D 42 20                        	LEA	EAX,DWORD [32+EDX]
  1032 00000A78 88 45 C4                        	MOV	BYTE [-60+EBP],AL
  1033 00000A7B E9 FFFFFCCD                     	JMP	L12
  1034 00000A80                                 L55:
  1035 00000A80 83 BD FFFFFBB8 00               	CMP	DWORD [-1096+EBP],0
  1036 00000A87 0F 84 FFFFFCC0                  	JE	L12
  1037 00000A8D EB E6                           	JMP	L14
  1038 00000A8F                                 L9:
  1039 00000A8F 8A 86 [FFFFFF80]                	MOV	AL,BYTE [_keytable1.1-256+ESI]
  1040 00000A95 E9 FFFFFC89                     	JMP	L56
  1041 00000A9A                                 L8:
  1042 00000A9A C6 45 C4 00                     	MOV	BYTE [-60+EBP],0
  1043 00000A9E E9 FFFFFC83                     	JMP	L11
  1044 00000AA3                                 L57:
  1045 00000AA3 FF B5 FFFFFBC8                  	PUSH	DWORD [-1080+EBP]
  1046 00000AA9 E8 [00000000]                   	CALL	_task_sleep
  1047 00000AAE E8 [00000000]                   	CALL	_io_sti
  1048 00000AB3 59                              	POP	ECX
  1049 00000AB4 E9 FFFFF9B2                     	JMP	L2
  1050 00000AB9                                 	GLOBAL	_make_window8
  1051 00000AB9                                 _make_window8:
  1052 00000AB9 55                              	PUSH	EBP
  1053 00000ABA 89 E5                           	MOV	EBP,ESP
  1054 00000ABC 57                              	PUSH	EDI
  1055 00000ABD 56                              	PUSH	ESI
  1056 00000ABE 53                              	PUSH	EBX
  1057 00000ABF 83 EC 18                        	SUB	ESP,24
  1058 00000AC2 8B 45 10                        	MOV	EAX,DWORD [16+EBP]
  1059 00000AC5 8B 5D 0C                        	MOV	EBX,DWORD [12+EBP]
  1060 00000AC8 89 45 F0                        	MOV	DWORD [-16+EBP],EAX
  1061 00000ACB 8B 75 08                        	MOV	ESI,DWORD [8+EBP]
  1062 00000ACE 8B 45 14                        	MOV	EAX,DWORD [20+EBP]
  1063 00000AD1 89 45 EC                        	MOV	DWORD [-20+EBP],EAX
  1064 00000AD4 0F BE 45 18                     	MOVSX	EAX,BYTE [24+EBP]
  1065 00000AD8 89 45 E8                        	MOV	DWORD [-24+EBP],EAX
  1066 00000ADB 8D 43 FF                        	LEA	EAX,DWORD [-1+EBX]
  1067 00000ADE 6A 00                           	PUSH	0
  1068 00000AE0 89 45 E4                        	MOV	DWORD [-28+EBP],EAX
  1069 00000AE3 50                              	PUSH	EAX
  1070 00000AE4 6A 00                           	PUSH	0
  1071 00000AE6 6A 00                           	PUSH	0
  1072 00000AE8 6A 08                           	PUSH	8
  1073 00000AEA 53                              	PUSH	EBX
  1074 00000AEB 56                              	PUSH	ESI
  1075 00000AEC E8 [00000000]                   	CALL	_boxfill8
  1076 00000AF1 8D 43 FE                        	LEA	EAX,DWORD [-2+EBX]
  1077 00000AF4 6A 01                           	PUSH	1
  1078 00000AF6 89 45 E0                        	MOV	DWORD [-32+EBP],EAX
  1079 00000AF9 50                              	PUSH	EAX
  1080 00000AFA 6A 01                           	PUSH	1
  1081 00000AFC 6A 01                           	PUSH	1
  1082 00000AFE 6A 07                           	PUSH	7
  1083 00000B00 53                              	PUSH	EBX
  1084 00000B01 56                              	PUSH	ESI
  1085 00000B02 E8 [00000000]                   	CALL	_boxfill8
  1086 00000B07 8B 45 F0                        	MOV	EAX,DWORD [-16+EBP]
  1087 00000B0A 83 C4 38                        	ADD	ESP,56
  1088 00000B0D 48                              	DEC	EAX
  1089 00000B0E 89 45 DC                        	MOV	DWORD [-36+EBP],EAX
  1090 00000B11 50                              	PUSH	EAX
  1091 00000B12 6A 00                           	PUSH	0
  1092 00000B14 6A 00                           	PUSH	0
  1093 00000B16 6A 00                           	PUSH	0
  1094 00000B18 6A 08                           	PUSH	8
  1095 00000B1A 53                              	PUSH	EBX
  1096 00000B1B 56                              	PUSH	ESI
  1097 00000B1C E8 [00000000]                   	CALL	_boxfill8
  1098 00000B21 8B 7D F0                        	MOV	EDI,DWORD [-16+EBP]
  1099 00000B24 83 EF 02                        	SUB	EDI,2
  1100 00000B27 57                              	PUSH	EDI
  1101 00000B28 6A 01                           	PUSH	1
  1102 00000B2A 6A 01                           	PUSH	1
  1103 00000B2C 6A 01                           	PUSH	1
  1104 00000B2E 6A 07                           	PUSH	7
  1105 00000B30 53                              	PUSH	EBX
  1106 00000B31 56                              	PUSH	ESI
  1107 00000B32 E8 [00000000]                   	CALL	_boxfill8
  1108 00000B37 83 C4 38                        	ADD	ESP,56
  1109 00000B3A 57                              	PUSH	EDI
  1110 00000B3B FF 75 E0                        	PUSH	DWORD [-32+EBP]
  1111 00000B3E 6A 01                           	PUSH	1
  1112 00000B40 FF 75 E0                        	PUSH	DWORD [-32+EBP]
  1113 00000B43 6A 0F                           	PUSH	15
  1114 00000B45 53                              	PUSH	EBX
  1115 00000B46 56                              	PUSH	ESI
  1116 00000B47 E8 [00000000]                   	CALL	_boxfill8
  1117 00000B4C FF 75 DC                        	PUSH	DWORD [-36+EBP]
  1118 00000B4F FF 75 E4                        	PUSH	DWORD [-28+EBP]
  1119 00000B52 6A 00                           	PUSH	0
  1120 00000B54 FF 75 E4                        	PUSH	DWORD [-28+EBP]
  1121 00000B57 6A 00                           	PUSH	0
  1122 00000B59 53                              	PUSH	EBX
  1123 00000B5A 56                              	PUSH	ESI
  1124 00000B5B E8 [00000000]                   	CALL	_boxfill8
  1125 00000B60 8B 45 F0                        	MOV	EAX,DWORD [-16+EBP]
  1126 00000B63 83 C4 38                        	ADD	ESP,56
  1127 00000B66 83 E8 03                        	SUB	EAX,3
  1128 00000B69 50                              	PUSH	EAX
  1129 00000B6A 8D 43 FD                        	LEA	EAX,DWORD [-3+EBX]
  1130 00000B6D 50                              	PUSH	EAX
  1131 00000B6E 6A 02                           	PUSH	2
  1132 00000B70 6A 02                           	PUSH	2
  1133 00000B72 6A 08                           	PUSH	8
  1134 00000B74 53                              	PUSH	EBX
  1135 00000B75 56                              	PUSH	ESI
  1136 00000B76 E8 [00000000]                   	CALL	_boxfill8
  1137 00000B7B 57                              	PUSH	EDI
  1138 00000B7C FF 75 E0                        	PUSH	DWORD [-32+EBP]
  1139 00000B7F 57                              	PUSH	EDI
  1140 00000B80 6A 01                           	PUSH	1
  1141 00000B82 6A 0F                           	PUSH	15
  1142 00000B84 53                              	PUSH	EBX
  1143 00000B85 56                              	PUSH	ESI
  1144 00000B86 E8 [00000000]                   	CALL	_boxfill8
  1145 00000B8B 83 C4 38                        	ADD	ESP,56
  1146 00000B8E FF 75 DC                        	PUSH	DWORD [-36+EBP]
  1147 00000B91 FF 75 E4                        	PUSH	DWORD [-28+EBP]
  1148 00000B94 FF 75 DC                        	PUSH	DWORD [-36+EBP]
  1149 00000B97 6A 00                           	PUSH	0
  1150 00000B99 6A 00                           	PUSH	0
  1151 00000B9B 53                              	PUSH	EBX
  1152 00000B9C 56                              	PUSH	ESI
  1153 00000B9D E8 [00000000]                   	CALL	_boxfill8
  1154 00000BA2 89 75 08                        	MOV	DWORD [8+EBP],ESI
  1155 00000BA5 8B 45 E8                        	MOV	EAX,DWORD [-24+EBP]
  1156 00000BA8 89 5D 0C                        	MOV	DWORD [12+EBP],EBX
  1157 00000BAB 89 45 14                        	MOV	DWORD [20+EBP],EAX
  1158 00000BAE 83 C4 1C                        	ADD	ESP,28
  1159 00000BB1 8B 45 EC                        	MOV	EAX,DWORD [-20+EBP]
  1160 00000BB4 89 45 10                        	MOV	DWORD [16+EBP],EAX
  1161 00000BB7 8D 65 F4                        	LEA	ESP,DWORD [-12+EBP]
  1162 00000BBA 5B                              	POP	EBX
  1163 00000BBB 5E                              	POP	ESI
  1164 00000BBC 5F                              	POP	EDI
  1165 00000BBD 5D                              	POP	EBP
  1166 00000BBE EB 00                           	JMP	_make_wtitle8
  1167                                          [SECTION .data]
  1168 00000149                                 _closebtn.2:
  1169 00000149 4F 4F 4F 4F 4F 4F 4F 4F 4F 4F   	DB	"OOOOOOOOOOOOOOO@"
       00000153 4F 4F 4F 4F 4F 40 
  1170 00000159 4F 51 51 51 51 51 51 51 51 51   	DB	"OQQQQQQQQQQQQQ$@"
       00000163 51 51 51 51 24 40 
  1171 00000169 4F 51 51 51 51 51 51 51 51 51   	DB	"OQQQQQQQQQQQQQ$@"
       00000173 51 51 51 51 24 40 
  1172 00000179 4F 51 51 51 40 40 51 51 51 51   	DB	"OQQQ@@QQQQ@@QQ$@"
       00000183 40 40 51 51 24 40 
  1173 00000189 4F 51 51 51 51 40 40 51 51 40   	DB	"OQQQQ@@QQ@@QQQ$@"
       00000193 40 51 51 51 24 40 
  1174 00000199 4F 51 51 51 51 51 40 40 40 40   	DB	"OQQQQQ@@@@QQQQ$@"
       000001A3 51 51 51 51 24 40 
  1175 000001A9 4F 51 51 51 51 51 51 40 40 51   	DB	"OQQQQQQ@@QQQQQ$@"
       000001B3 51 51 51 51 24 40 
  1176 000001B9 4F 51 51 51 51 51 40 40 40 40   	DB	"OQQQQQ@@@@QQQQ$@"
       000001C3 51 51 51 51 24 40 
  1177 000001C9 4F 51 51 51 51 40 40 51 51 40   	DB	"OQQQQ@@QQ@@QQQ$@"
       000001D3 40 51 51 51 24 40 
  1178 000001D9 4F 51 51 51 40 40 51 51 51 51   	DB	"OQQQ@@QQQQ@@QQ$@"
       000001E3 40 40 51 51 24 40 
  1179 000001E9 4F 51 51 51 51 51 51 51 51 51   	DB	"OQQQQQQQQQQQQQ$@"
       000001F3 51 51 51 51 24 40 
  1180 000001F9 4F 51 51 51 51 51 51 51 51 51   	DB	"OQQQQQQQQQQQQQ$@"
       00000203 51 51 51 51 24 40 
  1181 00000209 4F 24 24 24 24 24 24 24 24 24   	DB	"O$$$$$$$$$$$$$$@"
       00000213 24 24 24 24 24 40 
  1182 00000219 40 40 40 40 40 40 40 40 40 40   	DB	"@@@@@@@@@@@@@@@@"
       00000223 40 40 40 40 40 40 
  1183                                          [SECTION .text]
  1184 00000BC0                                 	GLOBAL	_make_wtitle8
  1185 00000BC0                                 _make_wtitle8:
  1186 00000BC0 55                              	PUSH	EBP
  1187 00000BC1 89 E5                           	MOV	EBP,ESP
  1188 00000BC3 57                              	PUSH	EDI
  1189 00000BC4 56                              	PUSH	ESI
  1190 00000BC5 53                              	PUSH	EBX
  1191 00000BC6 57                              	PUSH	EDI
  1192 00000BC7 80 7D 14 00                     	CMP	BYTE [20+EBP],0
  1193 00000BCB 0F 84 00000097                  	JE	L74
  1194 00000BD1 B3 07                           	MOV	BL,7
  1195 00000BD3 B2 0C                           	MOV	DL,12
  1196 00000BD5                                 L75:
  1197 00000BD5 8B 45 0C                        	MOV	EAX,DWORD [12+EBP]
  1198 00000BD8 6A 14                           	PUSH	20
  1199 00000BDA 83 E8 04                        	SUB	EAX,4
  1200 00000BDD 31 FF                           	XOR	EDI,EDI
  1201 00000BDF 50                              	PUSH	EAX
  1202 00000BE0 6A 03                           	PUSH	3
  1203 00000BE2 6A 03                           	PUSH	3
  1204 00000BE4 0F B6 C2                        	MOVZX	EAX,DL
  1205 00000BE7 50                              	PUSH	EAX
  1206 00000BE8 FF 75 0C                        	PUSH	DWORD [12+EBP]
  1207 00000BEB FF 75 08                        	PUSH	DWORD [8+EBP]
  1208 00000BEE E8 [00000000]                   	CALL	_boxfill8
  1209 00000BF3 FF 75 10                        	PUSH	DWORD [16+EBP]
  1210 00000BF6 0F BE C3                        	MOVSX	EAX,BL
  1211 00000BF9 50                              	PUSH	EAX
  1212 00000BFA 6A 04                           	PUSH	4
  1213 00000BFC 6A 18                           	PUSH	24
  1214 00000BFE FF 75 0C                        	PUSH	DWORD [12+EBP]
  1215 00000C01 FF 75 08                        	PUSH	DWORD [8+EBP]
  1216 00000C04 E8 [00000000]                   	CALL	_putfonts8_asc
  1217 00000C09 83 C4 34                        	ADD	ESP,52
  1218 00000C0C 6B 5D 0C 05                     	IMUL	EBX,DWORD [12+EBP],5
  1219 00000C10 C7 45 F0 00000000               	MOV	DWORD [-16+EBP],0
  1220 00000C17                                 L91:
  1221 00000C17 8B 45 0C                        	MOV	EAX,DWORD [12+EBP]
  1222 00000C1A 8B 55 08                        	MOV	EDX,DWORD [8+EBP]
  1223 00000C1D 01 D8                           	ADD	EAX,EBX
  1224 00000C1F 31 F6                           	XOR	ESI,ESI
  1225 00000C21 8D 4C 02 EB                     	LEA	ECX,DWORD [-21+EDX+EAX*1]
  1226 00000C25                                 L90:
  1227 00000C25 8A 94 3E [00000149]             	MOV	DL,BYTE [_closebtn.2+ESI+EDI*1]
  1228 00000C2C 80 FA 40                        	CMP	DL,64
  1229 00000C2F 74 33                           	JE	L96
  1230 00000C31 80 FA 24                        	CMP	DL,36
  1231 00000C34 74 2A                           	JE	L97
  1232 00000C36 80 FA 51                        	CMP	DL,81
  1233 00000C39 B2 08                           	MOV	DL,8
  1234 00000C3B 0F 95 C0                        	SETNE	AL
  1235 00000C3E 28 C2                           	SUB	DL,AL
  1236 00000C40                                 L85:
  1237 00000C40 46                              	INC	ESI
  1238 00000C41 88 11                           	MOV	BYTE [ECX],DL
  1239 00000C43 41                              	INC	ECX
  1240 00000C44 83 FE 0F                        	CMP	ESI,15
  1241 00000C47 7E DC                           	JLE	L90
  1242 00000C49 FF 45 F0                        	INC	DWORD [-16+EBP]
  1243 00000C4C 83 C7 10                        	ADD	EDI,16
  1244 00000C4F 03 5D 0C                        	ADD	EBX,DWORD [12+EBP]
  1245 00000C52 83 7D F0 0D                     	CMP	DWORD [-16+EBP],13
  1246 00000C56 7E BF                           	JLE	L91
  1247 00000C58 8D 65 F4                        	LEA	ESP,DWORD [-12+EBP]
  1248 00000C5B 5B                              	POP	EBX
  1249 00000C5C 5E                              	POP	ESI
  1250 00000C5D 5F                              	POP	EDI
  1251 00000C5E 5D                              	POP	EBP
  1252 00000C5F C3                              	RET
  1253 00000C60                                 L97:
  1254 00000C60 B2 0F                           	MOV	DL,15
  1255 00000C62 EB DC                           	JMP	L85
  1256 00000C64                                 L96:
  1257 00000C64 31 D2                           	XOR	EDX,EDX
  1258 00000C66 EB D8                           	JMP	L85
  1259 00000C68                                 L74:
  1260 00000C68 B3 08                           	MOV	BL,8
  1261 00000C6A B2 0F                           	MOV	DL,15
  1262 00000C6C E9 FFFFFF64                     	JMP	L75
  1263 00000C71                                 	GLOBAL	_putfonts8_asc_sht
  1264 00000C71                                 _putfonts8_asc_sht:
  1265 00000C71 55                              	PUSH	EBP
  1266 00000C72 89 E5                           	MOV	EBP,ESP
  1267 00000C74 57                              	PUSH	EDI
  1268 00000C75 56                              	PUSH	ESI
  1269 00000C76 53                              	PUSH	EBX
  1270 00000C77 83 EC 0C                        	SUB	ESP,12
  1271 00000C7A 8B 45 08                        	MOV	EAX,DWORD [8+EBP]
  1272 00000C7D 8B 7D 10                        	MOV	EDI,DWORD [16+EBP]
  1273 00000C80 89 45 F0                        	MOV	DWORD [-16+EBP],EAX
  1274 00000C83 8B 5D 14                        	MOV	EBX,DWORD [20+EBP]
  1275 00000C86 8B 45 0C                        	MOV	EAX,DWORD [12+EBP]
  1276 00000C89 89 45 EC                        	MOV	DWORD [-20+EBP],EAX
  1277 00000C8C 8B 45 1C                        	MOV	EAX,DWORD [28+EBP]
  1278 00000C8F 89 45 E8                        	MOV	DWORD [-24+EBP],EAX
  1279 00000C92 8D 47 0F                        	LEA	EAX,DWORD [15+EDI]
  1280 00000C95 50                              	PUSH	EAX
  1281 00000C96 8B 45 EC                        	MOV	EAX,DWORD [-20+EBP]
  1282 00000C99 8B 75 20                        	MOV	ESI,DWORD [32+EBP]
  1283 00000C9C 0F BE DB                        	MOVSX	EBX,BL
  1284 00000C9F 8D 34 F0                        	LEA	ESI,DWORD [EAX+ESI*8]
  1285 00000CA2 8D 46 FF                        	LEA	EAX,DWORD [-1+ESI]
  1286 00000CA5 50                              	PUSH	EAX
  1287 00000CA6 57                              	PUSH	EDI
  1288 00000CA7 FF 75 EC                        	PUSH	DWORD [-20+EBP]
  1289 00000CAA 0F B6 45 18                     	MOVZX	EAX,BYTE [24+EBP]
  1290 00000CAE 50                              	PUSH	EAX
  1291 00000CAF 8B 45 F0                        	MOV	EAX,DWORD [-16+EBP]
  1292 00000CB2 FF 70 04                        	PUSH	DWORD [4+EAX]
  1293 00000CB5 FF 30                           	PUSH	DWORD [EAX]
  1294 00000CB7 E8 [00000000]                   	CALL	_boxfill8
  1295 00000CBC FF 75 E8                        	PUSH	DWORD [-24+EBP]
  1296 00000CBF 53                              	PUSH	EBX
  1297 00000CC0 57                              	PUSH	EDI
  1298 00000CC1 FF 75 EC                        	PUSH	DWORD [-20+EBP]
  1299 00000CC4 8B 45 F0                        	MOV	EAX,DWORD [-16+EBP]
  1300 00000CC7 FF 70 04                        	PUSH	DWORD [4+EAX]
  1301 00000CCA FF 30                           	PUSH	DWORD [EAX]
  1302 00000CCC E8 [00000000]                   	CALL	_putfonts8_asc
  1303 00000CD1 89 7D 10                        	MOV	DWORD [16+EBP],EDI
  1304 00000CD4 8D 47 10                        	LEA	EAX,DWORD [16+EDI]
  1305 00000CD7 89 75 14                        	MOV	DWORD [20+EBP],ESI
  1306 00000CDA 89 45 18                        	MOV	DWORD [24+EBP],EAX
  1307 00000CDD 83 C4 34                        	ADD	ESP,52
  1308 00000CE0 8B 45 EC                        	MOV	EAX,DWORD [-20+EBP]
  1309 00000CE3 89 45 0C                        	MOV	DWORD [12+EBP],EAX
  1310 00000CE6 8B 45 F0                        	MOV	EAX,DWORD [-16+EBP]
  1311 00000CE9 89 45 08                        	MOV	DWORD [8+EBP],EAX
  1312 00000CEC 8D 65 F4                        	LEA	ESP,DWORD [-12+EBP]
  1313 00000CEF 5B                              	POP	EBX
  1314 00000CF0 5E                              	POP	ESI
  1315 00000CF1 5F                              	POP	EDI
  1316 00000CF2 5D                              	POP	EBP
  1317 00000CF3 E9 [00000000]                   	JMP	_sheet_refresh
  1318 00000CF8                                 	GLOBAL	_make_textbox8
  1319 00000CF8                                 _make_textbox8:
  1320 00000CF8 55                              	PUSH	EBP
  1321 00000CF9 89 E5                           	MOV	EBP,ESP
  1322 00000CFB 57                              	PUSH	EDI
  1323 00000CFC 56                              	PUSH	ESI
  1324 00000CFD 53                              	PUSH	EBX
  1325 00000CFE 83 EC 14                        	SUB	ESP,20
  1326 00000D01 8B 45 0C                        	MOV	EAX,DWORD [12+EBP]
  1327 00000D04 8B 75 10                        	MOV	ESI,DWORD [16+EBP]
  1328 00000D07 03 45 14                        	ADD	EAX,DWORD [20+EBP]
  1329 00000D0A 83 EE 03                        	SUB	ESI,3
  1330 00000D0D 56                              	PUSH	ESI
  1331 00000D0E 89 45 F0                        	MOV	DWORD [-16+EBP],EAX
  1332 00000D11 8B 45 10                        	MOV	EAX,DWORD [16+EBP]
  1333 00000D14 03 45 18                        	ADD	EAX,DWORD [24+EBP]
  1334 00000D17 89 45 EC                        	MOV	DWORD [-20+EBP],EAX
  1335 00000D1A 8B 45 F0                        	MOV	EAX,DWORD [-16+EBP]
  1336 00000D1D 40                              	INC	EAX
  1337 00000D1E 50                              	PUSH	EAX
  1338 00000D1F 89 45 E8                        	MOV	DWORD [-24+EBP],EAX
  1339 00000D22 8B 45 0C                        	MOV	EAX,DWORD [12+EBP]
  1340 00000D25 56                              	PUSH	ESI
  1341 00000D26 83 E8 02                        	SUB	EAX,2
  1342 00000D29 50                              	PUSH	EAX
  1343 00000D2A 89 45 E4                        	MOV	DWORD [-28+EBP],EAX
  1344 00000D2D 8B 45 08                        	MOV	EAX,DWORD [8+EBP]
  1345 00000D30 6A 0F                           	PUSH	15
  1346 00000D32 FF 70 04                        	PUSH	DWORD [4+EAX]
  1347 00000D35 FF 30                           	PUSH	DWORD [EAX]
  1348 00000D37 E8 [00000000]                   	CALL	_boxfill8
  1349 00000D3C 8B 7D 0C                        	MOV	EDI,DWORD [12+EBP]
  1350 00000D3F 8B 45 EC                        	MOV	EAX,DWORD [-20+EBP]
  1351 00000D42 83 EF 03                        	SUB	EDI,3
  1352 00000D45 40                              	INC	EAX
  1353 00000D46 50                              	PUSH	EAX
  1354 00000D47 89 45 E0                        	MOV	DWORD [-32+EBP],EAX
  1355 00000D4A 57                              	PUSH	EDI
  1356 00000D4B 8B 45 08                        	MOV	EAX,DWORD [8+EBP]
  1357 00000D4E 56                              	PUSH	ESI
  1358 00000D4F 57                              	PUSH	EDI
  1359 00000D50 6A 0F                           	PUSH	15
  1360 00000D52 FF 70 04                        	PUSH	DWORD [4+EAX]
  1361 00000D55 FF 30                           	PUSH	DWORD [EAX]
  1362 00000D57 E8 [00000000]                   	CALL	_boxfill8
  1363 00000D5C 8B 45 08                        	MOV	EAX,DWORD [8+EBP]
  1364 00000D5F 83 C4 38                        	ADD	ESP,56
  1365 00000D62 8B 5D EC                        	MOV	EBX,DWORD [-20+EBP]
  1366 00000D65 83 C3 02                        	ADD	EBX,2
  1367 00000D68 53                              	PUSH	EBX
  1368 00000D69 FF 75 E8                        	PUSH	DWORD [-24+EBP]
  1369 00000D6C 53                              	PUSH	EBX
  1370 00000D6D 57                              	PUSH	EDI
  1371 00000D6E 6A 07                           	PUSH	7
  1372 00000D70 FF 70 04                        	PUSH	DWORD [4+EAX]
  1373 00000D73 FF 30                           	PUSH	DWORD [EAX]
  1374 00000D75 E8 [00000000]                   	CALL	_boxfill8
  1375 00000D7A 8B 45 F0                        	MOV	EAX,DWORD [-16+EBP]
  1376 00000D7D 53                              	PUSH	EBX
  1377 00000D7E 83 C0 02                        	ADD	EAX,2
  1378 00000D81 50                              	PUSH	EAX
  1379 00000D82 56                              	PUSH	ESI
  1380 00000D83 50                              	PUSH	EAX
  1381 00000D84 8B 45 08                        	MOV	EAX,DWORD [8+EBP]
  1382 00000D87 6A 07                           	PUSH	7
  1383 00000D89 FF 70 04                        	PUSH	DWORD [4+EAX]
  1384 00000D8C FF 30                           	PUSH	DWORD [EAX]
  1385 00000D8E E8 [00000000]                   	CALL	_boxfill8
  1386 00000D93 8B 45 08                        	MOV	EAX,DWORD [8+EBP]
  1387 00000D96 83 C4 38                        	ADD	ESP,56
  1388 00000D99 8B 5D 10                        	MOV	EBX,DWORD [16+EBP]
  1389 00000D9C 83 EB 02                        	SUB	EBX,2
  1390 00000D9F 8B 7D 0C                        	MOV	EDI,DWORD [12+EBP]
  1391 00000DA2 53                              	PUSH	EBX
  1392 00000DA3 4F                              	DEC	EDI
  1393 00000DA4 FF 75 F0                        	PUSH	DWORD [-16+EBP]
  1394 00000DA7 53                              	PUSH	EBX
  1395 00000DA8 57                              	PUSH	EDI
  1396 00000DA9 6A 00                           	PUSH	0
  1397 00000DAB FF 70 04                        	PUSH	DWORD [4+EAX]
  1398 00000DAE FF 30                           	PUSH	DWORD [EAX]
  1399 00000DB0 E8 [00000000]                   	CALL	_boxfill8
  1400 00000DB5 8B 45 08                        	MOV	EAX,DWORD [8+EBP]
  1401 00000DB8 FF 75 EC                        	PUSH	DWORD [-20+EBP]
  1402 00000DBB FF 75 E4                        	PUSH	DWORD [-28+EBP]
  1403 00000DBE 53                              	PUSH	EBX
  1404 00000DBF FF 75 E4                        	PUSH	DWORD [-28+EBP]
  1405 00000DC2 6A 00                           	PUSH	0
  1406 00000DC4 FF 70 04                        	PUSH	DWORD [4+EAX]
  1407 00000DC7 FF 30                           	PUSH	DWORD [EAX]
  1408 00000DC9 E8 [00000000]                   	CALL	_boxfill8
  1409 00000DCE 8B 45 08                        	MOV	EAX,DWORD [8+EBP]
  1410 00000DD1 83 C4 38                        	ADD	ESP,56
  1411 00000DD4 FF 75 E0                        	PUSH	DWORD [-32+EBP]
  1412 00000DD7 FF 75 F0                        	PUSH	DWORD [-16+EBP]
  1413 00000DDA FF 75 E0                        	PUSH	DWORD [-32+EBP]
  1414 00000DDD FF 75 E4                        	PUSH	DWORD [-28+EBP]
  1415 00000DE0 6A 08                           	PUSH	8
  1416 00000DE2 FF 70 04                        	PUSH	DWORD [4+EAX]
  1417 00000DE5 FF 30                           	PUSH	DWORD [EAX]
  1418 00000DE7 E8 [00000000]                   	CALL	_boxfill8
  1419 00000DEC 8B 45 08                        	MOV	EAX,DWORD [8+EBP]
  1420 00000DEF FF 75 E0                        	PUSH	DWORD [-32+EBP]
  1421 00000DF2 FF 75 E8                        	PUSH	DWORD [-24+EBP]
  1422 00000DF5 53                              	PUSH	EBX
  1423 00000DF6 FF 75 E8                        	PUSH	DWORD [-24+EBP]
  1424 00000DF9 6A 08                           	PUSH	8
  1425 00000DFB FF 70 04                        	PUSH	DWORD [4+EAX]
  1426 00000DFE FF 30                           	PUSH	DWORD [EAX]
  1427 00000E00 E8 [00000000]                   	CALL	_boxfill8
  1428 00000E05 8B 45 10                        	MOV	EAX,DWORD [16+EBP]
  1429 00000E08 83 C4 38                        	ADD	ESP,56
  1430 00000E0B 48                              	DEC	EAX
  1431 00000E0C FF 75 EC                        	PUSH	DWORD [-20+EBP]
  1432 00000E0F FF 75 F0                        	PUSH	DWORD [-16+EBP]
  1433 00000E12 50                              	PUSH	EAX
  1434 00000E13 57                              	PUSH	EDI
  1435 00000E14 0F B6 45 1C                     	MOVZX	EAX,BYTE [28+EBP]
  1436 00000E18 50                              	PUSH	EAX
  1437 00000E19 8B 45 08                        	MOV	EAX,DWORD [8+EBP]
  1438 00000E1C FF 70 04                        	PUSH	DWORD [4+EAX]
  1439 00000E1F FF 30                           	PUSH	DWORD [EAX]
  1440 00000E21 E8 [00000000]                   	CALL	_boxfill8
  1441 00000E26 8D 65 F4                        	LEA	ESP,DWORD [-12+EBP]
  1442 00000E29 5B                              	POP	EBX
  1443 00000E2A 5E                              	POP	ESI
  1444 00000E2B 5F                              	POP	EDI
  1445 00000E2C 5D                              	POP	EBP
  1446 00000E2D C3                              	RET
  1447                                          [SECTION .data]
  1448 00000229                                 LC7:
  1449 00000229 3E 00                           	DB	">",0x00
  1450                                          [SECTION .text]
  1451 00000E2E                                 	GLOBAL	_console_task
  1452 00000E2E                                 _console_task:
  1453 00000E2E 55                              	PUSH	EBP
  1454 00000E2F 89 E5                           	MOV	EBP,ESP
  1455 00000E31 57                              	PUSH	EDI
  1456 00000E32 56                              	PUSH	ESI
  1457 00000E33 BF 00000010                     	MOV	EDI,16
  1458 00000E38 53                              	PUSH	EBX
  1459 00000E39 81 EC 00000210                  	SUB	ESP,528
  1460 00000E3F E8 [00000000]                   	CALL	_task_now
  1461 00000E44 C7 85 FFFFFDE4 00000000         	MOV	DWORD [-540+EBP],0
  1462 00000E4E 50                              	PUSH	EAX
  1463 00000E4F 89 85 FFFFFDE8                  	MOV	DWORD [-536+EBP],EAX
  1464 00000E55 8D 85 FFFFFDF4                  	LEA	EAX,DWORD [-524+EBP]
  1465 00000E5B 8B 9D FFFFFDE8                  	MOV	EBX,DWORD [-536+EBP]
  1466 00000E61 50                              	PUSH	EAX
  1467 00000E62 83 C3 10                        	ADD	EBX,16
  1468 00000E65 68 00000080                     	PUSH	128
  1469 00000E6A 53                              	PUSH	EBX
  1470 00000E6B E8 [00000000]                   	CALL	_fifo32_init
  1471 00000E70 E8 [00000000]                   	CALL	_timer_alloc
  1472 00000E75 6A 01                           	PUSH	1
  1473 00000E77 53                              	PUSH	EBX
  1474 00000E78 50                              	PUSH	EAX
  1475 00000E79 89 85 FFFFFDEC                  	MOV	DWORD [-532+EBP],EAX
  1476 00000E7F E8 [00000000]                   	CALL	_timer_init
  1477 00000E84 6A 32                           	PUSH	50
  1478 00000E86 FF B5 FFFFFDEC                  	PUSH	DWORD [-532+EBP]
  1479 00000E8C E8 [00000000]                   	CALL	_timer_settime
  1480 00000E91 83 C4 24                        	ADD	ESP,36
  1481 00000E94 6A 01                           	PUSH	1
  1482 00000E96 68 [00000229]                   	PUSH	LC7
  1483 00000E9B 6A 00                           	PUSH	0
  1484 00000E9D 6A 07                           	PUSH	7
  1485 00000E9F 6A 1C                           	PUSH	28
  1486 00000EA1 6A 08                           	PUSH	8
  1487 00000EA3 FF 75 08                        	PUSH	DWORD [8+EBP]
  1488 00000EA6 E8 FFFFFDC6                     	CALL	_putfonts8_asc_sht
  1489 00000EAB 83 C4 1C                        	ADD	ESP,28
  1490 00000EAE                                 L101:
  1491 00000EAE E8 [00000000]                   	CALL	_io_cli
  1492 00000EB3 8B 9D FFFFFDE8                  	MOV	EBX,DWORD [-536+EBP]
  1493 00000EB9 83 C3 10                        	ADD	EBX,16
  1494 00000EBC 53                              	PUSH	EBX
  1495 00000EBD E8 [00000000]                   	CALL	_fifo32_status
  1496 00000EC2 5E                              	POP	ESI
  1497 00000EC3 85 C0                           	TEST	EAX,EAX
  1498 00000EC5 0F 84 00000103                  	JE	L116
  1499 00000ECB 53                              	PUSH	EBX
  1500 00000ECC E8 [00000000]                   	CALL	_fifo32_get
  1501 00000ED1 89 C6                           	MOV	ESI,EAX
  1502 00000ED3 E8 [00000000]                   	CALL	_io_sti
  1503 00000ED8 59                              	POP	ECX
  1504 00000ED9 83 FE 01                        	CMP	ESI,1
  1505 00000EDC 0F 8E 0000009F                  	JLE	L117
  1506 00000EE2                                 L106:
  1507 00000EE2 8D 86 FFFFFF00                  	LEA	EAX,DWORD [-256+ESI]
  1508 00000EE8 3D 000000FF                     	CMP	EAX,255
  1509 00000EED 77 3D                           	JA	L109
  1510 00000EEF 81 FE 00000108                  	CMP	ESI,264
  1511 00000EF5 74 6A                           	JE	L118
  1512 00000EF7 81 FF 000000EF                  	CMP	EDI,239
  1513 00000EFD 7F 2D                           	JG	L109
  1514 00000EFF 89 F0                           	MOV	EAX,ESI
  1515 00000F01 6A 01                           	PUSH	1
  1516 00000F03 88 85 FFFFFDF2                  	MOV	BYTE [-526+EBP],AL
  1517 00000F09 8D 85 FFFFFDF2                  	LEA	EAX,DWORD [-526+EBP]
  1518 00000F0F 50                              	PUSH	EAX
  1519 00000F10 6A 00                           	PUSH	0
  1520 00000F12 6A 07                           	PUSH	7
  1521 00000F14 6A 1C                           	PUSH	28
  1522 00000F16 57                              	PUSH	EDI
  1523 00000F17 83 C7 08                        	ADD	EDI,8
  1524 00000F1A FF 75 08                        	PUSH	DWORD [8+EBP]
  1525 00000F1D C6 85 FFFFFDF3 00               	MOV	BYTE [-525+EBP],0
  1526 00000F24 E8 FFFFFD48                     	CALL	_putfonts8_asc_sht
  1527 00000F29                                 L115:
  1528 00000F29 83 C4 1C                        	ADD	ESP,28
  1529 00000F2C                                 L109:
  1530 00000F2C 6A 2B                           	PUSH	43
  1531 00000F2E 8D 47 07                        	LEA	EAX,DWORD [7+EDI]
  1532 00000F31 50                              	PUSH	EAX
  1533 00000F32 8B 45 08                        	MOV	EAX,DWORD [8+EBP]
  1534 00000F35 6A 1C                           	PUSH	28
  1535 00000F37 57                              	PUSH	EDI
  1536 00000F38 FF B5 FFFFFDE4                  	PUSH	DWORD [-540+EBP]
  1537 00000F3E FF 70 04                        	PUSH	DWORD [4+EAX]
  1538 00000F41 FF 30                           	PUSH	DWORD [EAX]
  1539 00000F43 E8 [00000000]                   	CALL	_boxfill8
  1540 00000F48 8D 47 08                        	LEA	EAX,DWORD [8+EDI]
  1541 00000F4B 6A 2C                           	PUSH	44
  1542 00000F4D 50                              	PUSH	EAX
  1543 00000F4E 6A 1C                           	PUSH	28
  1544 00000F50 57                              	PUSH	EDI
  1545 00000F51 FF 75 08                        	PUSH	DWORD [8+EBP]
  1546 00000F54 E8 [00000000]                   	CALL	_sheet_refresh
  1547 00000F59 83 C4 30                        	ADD	ESP,48
  1548 00000F5C E9 FFFFFF4D                     	JMP	L101
  1549 00000F61                                 L118:
  1550 00000F61 83 FF 10                        	CMP	EDI,16
  1551 00000F64 7E C6                           	JLE	L109
  1552 00000F66 6A 01                           	PUSH	1
  1553 00000F68 68 [00000147]                   	PUSH	LC5
  1554 00000F6D 6A 00                           	PUSH	0
  1555 00000F6F 6A 07                           	PUSH	7
  1556 00000F71 6A 1C                           	PUSH	28
  1557 00000F73 57                              	PUSH	EDI
  1558 00000F74 83 EF 08                        	SUB	EDI,8
  1559 00000F77 FF 75 08                        	PUSH	DWORD [8+EBP]
  1560 00000F7A E8 FFFFFCF2                     	CALL	_putfonts8_asc_sht
  1561 00000F7F EB A8                           	JMP	L115
  1562 00000F81                                 L117:
  1563 00000F81 85 F6                           	TEST	ESI,ESI
  1564 00000F83 74 2F                           	JE	L107
  1565 00000F85 6A 00                           	PUSH	0
  1566 00000F87 53                              	PUSH	EBX
  1567 00000F88 FF B5 FFFFFDEC                  	PUSH	DWORD [-532+EBP]
  1568 00000F8E E8 [00000000]                   	CALL	_timer_init
  1569 00000F93 C7 85 FFFFFDE4 00000007         	MOV	DWORD [-540+EBP],7
  1570 00000F9D                                 L114:
  1571 00000F9D 83 C4 0C                        	ADD	ESP,12
  1572 00000FA0 6A 32                           	PUSH	50
  1573 00000FA2 FF B5 FFFFFDEC                  	PUSH	DWORD [-532+EBP]
  1574 00000FA8 E8 [00000000]                   	CALL	_timer_settime
  1575 00000FAD 58                              	POP	EAX
  1576 00000FAE 5A                              	POP	EDX
  1577 00000FAF E9 FFFFFF2E                     	JMP	L106
  1578 00000FB4                                 L107:
  1579 00000FB4 6A 01                           	PUSH	1
  1580 00000FB6 53                              	PUSH	EBX
  1581 00000FB7 FF B5 FFFFFDEC                  	PUSH	DWORD [-532+EBP]
  1582 00000FBD E8 [00000000]                   	CALL	_timer_init
  1583 00000FC2 C7 85 FFFFFDE4 00000000         	MOV	DWORD [-540+EBP],0
  1584 00000FCC EB CF                           	JMP	L114
  1585 00000FCE                                 L116:
  1586 00000FCE FF B5 FFFFFDE8                  	PUSH	DWORD [-536+EBP]
  1587 00000FD4 E8 [00000000]                   	CALL	_task_sleep
  1588 00000FD9 E8 [00000000]                   	CALL	_io_sti
  1589 00000FDE 5B                              	POP	EBX
  1590 00000FDF E9 FFFFFECA                     	JMP	L101
