     1 00000000                                 [FORMAT "WCOFF"]
     2 00000000                                 [INSTRSET "i486p"]
     3 00000000                                 [OPTIMIZE 1]
     4 00000000                                 [OPTION 1]
     5 00000000                                 [BITS 32]
     6 00000000                                 	EXTERN	_init_screen8
     7 00000000                                 	EXTERN	_sprintf
     8 00000000                                 	EXTERN	_io_hlt
     9 00000000                                 	EXTERN	_io_load_eflags
    10 00000000                                 	EXTERN	_io_cli
    11 00000000                                 	EXTERN	_io_out8
    12 00000000                                 	EXTERN	_io_store_eflags
    13 00000000                                 	EXTERN	_hankaku
    14 00000000                                 [FILE "bootpack.c"]
    15                                          [SECTION .data]
    16 00000000                                 LC0:
    17 00000000 28 25 64 2C 20 25 64 29 00      	DB	"(%d, %d)",0x00
    18                                          [SECTION .text]
    19 00000000                                 	GLOBAL	_HariMain
    20 00000000                                 _HariMain:
    21 00000000 55                              	PUSH	EBP
    22 00000001 89 E5                           	MOV	EBP,ESP
    23 00000003 57                              	PUSH	EDI
    24 00000004 56                              	PUSH	ESI
    25 00000005 53                              	PUSH	EBX
    26 00000006 8D 9D FFFFFEC4                  	LEA	EBX,DWORD [-316+EBP]
    27 0000000C 81 EC 00000130                  	SUB	ESP,304
    28 00000012 E8 0000009D                     	CALL	_init_palette
    29 00000017 0F BF 05 00000FF6               	MOVSX	EAX,WORD [4086]
    30 0000001E 50                              	PUSH	EAX
    31 0000001F 0F BF 05 00000FF4               	MOVSX	EAX,WORD [4084]
    32 00000026 50                              	PUSH	EAX
    33 00000027 FF 35 00000FF8                  	PUSH	DWORD [4088]
    34 0000002D E8 [00000000]                   	CALL	_init_screen8
    35 00000032 B9 00000002                     	MOV	ECX,2
    36 00000037 0F BF 05 00000FF4               	MOVSX	EAX,WORD [4084]
    37 0000003E 8D 50 F0                        	LEA	EDX,DWORD [-16+EAX]
    38 00000041 89 D0                           	MOV	EAX,EDX
    39 00000043 99                              	CDQ
    40 00000044 F7 F9                           	IDIV	ECX
    41 00000046 0F BF 15 00000FF6               	MOVSX	EDX,WORD [4086]
    42 0000004D 83 EA 2C                        	SUB	EDX,44
    43 00000050 89 C7                           	MOV	EDI,EAX
    44 00000052 89 D0                           	MOV	EAX,EDX
    45 00000054 6A 0E                           	PUSH	14
    46 00000056 99                              	CDQ
    47 00000057 F7 F9                           	IDIV	ECX
    48 00000059 53                              	PUSH	EBX
    49 0000005A 89 C6                           	MOV	ESI,EAX
    50 0000005C E8 0000039F                     	CALL	_init_mouse_cursor8
    51 00000061 6A 10                           	PUSH	16
    52 00000063 53                              	PUSH	EBX
    53 00000064 8D 5D C4                        	LEA	EBX,DWORD [-60+EBP]
    54 00000067 56                              	PUSH	ESI
    55 00000068 57                              	PUSH	EDI
    56 00000069 6A 10                           	PUSH	16
    57 0000006B 6A 10                           	PUSH	16
    58 0000006D 0F BF 05 00000FF4               	MOVSX	EAX,WORD [4084]
    59 00000074 50                              	PUSH	EAX
    60 00000075 FF 35 00000FF8                  	PUSH	DWORD [4088]
    61 0000007B E8 000003DD                     	CALL	_putblock8_8
    62 00000080 83 C4 34                        	ADD	ESP,52
    63 00000083 56                              	PUSH	ESI
    64 00000084 57                              	PUSH	EDI
    65 00000085 68 [00000000]                   	PUSH	LC0
    66 0000008A 53                              	PUSH	EBX
    67 0000008B E8 [00000000]                   	CALL	_sprintf
    68 00000090 53                              	PUSH	EBX
    69 00000091 6A 07                           	PUSH	7
    70 00000093 6A 00                           	PUSH	0
    71 00000095 6A 00                           	PUSH	0
    72 00000097 0F BF 05 00000FF4               	MOVSX	EAX,WORD [4084]
    73 0000009E 50                              	PUSH	EAX
    74 0000009F FF 35 00000FF8                  	PUSH	DWORD [4088]
    75 000000A5 E8 00000307                     	CALL	_putfonts8_asc
    76 000000AA 83 C4 28                        	ADD	ESP,40
    77 000000AD                                 L2:
    78 000000AD E8 [00000000]                   	CALL	_io_hlt
    79 000000B2 EB F9                           	JMP	L2
    80                                          [SECTION .data]
    81 00000009                                 _table_rgb.0:
    82 00000009 00                              	DB	0
    83 0000000A 00                              	DB	0
    84 0000000B 00                              	DB	0
    85 0000000C FF                              	DB	-1
    86 0000000D 00                              	DB	0
    87 0000000E 00                              	DB	0
    88 0000000F 00                              	DB	0
    89 00000010 FF                              	DB	-1
    90 00000011 00                              	DB	0
    91 00000012 FF                              	DB	-1
    92 00000013 FF                              	DB	-1
    93 00000014 00                              	DB	0
    94 00000015 00                              	DB	0
    95 00000016 00                              	DB	0
    96 00000017 FF                              	DB	-1
    97 00000018 FF                              	DB	-1
    98 00000019 00                              	DB	0
    99 0000001A FF                              	DB	-1
   100 0000001B 00                              	DB	0
   101 0000001C FF                              	DB	-1
   102 0000001D FF                              	DB	-1
   103 0000001E FF                              	DB	-1
   104 0000001F FF                              	DB	-1
   105 00000020 FF                              	DB	-1
   106 00000021 C6                              	DB	-58
   107 00000022 C6                              	DB	-58
   108 00000023 C6                              	DB	-58
   109 00000024 84                              	DB	-124
   110 00000025 00                              	DB	0
   111 00000026 00                              	DB	0
   112 00000027 00                              	DB	0
   113 00000028 84                              	DB	-124
   114 00000029 00                              	DB	0
   115 0000002A 84                              	DB	-124
   116 0000002B 84                              	DB	-124
   117 0000002C 00                              	DB	0
   118 0000002D 00                              	DB	0
   119 0000002E 00                              	DB	0
   120 0000002F 84                              	DB	-124
   121 00000030 84                              	DB	-124
   122 00000031 00                              	DB	0
   123 00000032 84                              	DB	-124
   124 00000033 00                              	DB	0
   125 00000034 84                              	DB	-124
   126 00000035 84                              	DB	-124
   127 00000036 84                              	DB	-124
   128 00000037 84                              	DB	-124
   129 00000038 84                              	DB	-124
   130                                          [SECTION .text]
   131 000000B4                                 	GLOBAL	_init_palette
   132 000000B4                                 _init_palette:
   133 000000B4 55                              	PUSH	EBP
   134 000000B5 89 E5                           	MOV	EBP,ESP
   135 000000B7 68 [00000009]                   	PUSH	_table_rgb.0
   136 000000BC 6A 0F                           	PUSH	15
   137 000000BE 6A 00                           	PUSH	0
   138 000000C0 E8 00000002                     	CALL	_set_palette
   139 000000C5 C9                              	LEAVE
   140 000000C6 C3                              	RET
   141 000000C7                                 	GLOBAL	_set_palette
   142 000000C7                                 _set_palette:
   143 000000C7 55                              	PUSH	EBP
   144 000000C8 89 E5                           	MOV	EBP,ESP
   145 000000CA 57                              	PUSH	EDI
   146 000000CB 56                              	PUSH	ESI
   147 000000CC 53                              	PUSH	EBX
   148 000000CD 51                              	PUSH	ECX
   149 000000CE 8B 5D 08                        	MOV	EBX,DWORD [8+EBP]
   150 000000D1 8B 7D 0C                        	MOV	EDI,DWORD [12+EBP]
   151 000000D4 8B 75 10                        	MOV	ESI,DWORD [16+EBP]
   152 000000D7 E8 [00000000]                   	CALL	_io_load_eflags
   153 000000DC 89 45 F0                        	MOV	DWORD [-16+EBP],EAX
   154 000000DF E8 [00000000]                   	CALL	_io_cli
   155 000000E4 53                              	PUSH	EBX
   156 000000E5 68 000003C8                     	PUSH	968
   157 000000EA E8 [00000000]                   	CALL	_io_out8
   158 000000EF 39 FB                           	CMP	EBX,EDI
   159 000000F1 58                              	POP	EAX
   160 000000F2 5A                              	POP	EDX
   161 000000F3 7E 12                           	JLE	L11
   162 000000F5                                 L13:
   163 000000F5 8B 45 F0                        	MOV	EAX,DWORD [-16+EBP]
   164 000000F8 89 45 08                        	MOV	DWORD [8+EBP],EAX
   165 000000FB 8D 65 F4                        	LEA	ESP,DWORD [-12+EBP]
   166 000000FE 5B                              	POP	EBX
   167 000000FF 5E                              	POP	ESI
   168 00000100 5F                              	POP	EDI
   169 00000101 5D                              	POP	EBP
   170 00000102 E9 [00000000]                   	JMP	_io_store_eflags
   171 00000107                                 L11:
   172 00000107 8A 06                           	MOV	AL,BYTE [ESI]
   173 00000109 43                              	INC	EBX
   174 0000010A C0 E8 02                        	SHR	AL,2
   175 0000010D 0F B6 C0                        	MOVZX	EAX,AL
   176 00000110 50                              	PUSH	EAX
   177 00000111 68 000003C9                     	PUSH	969
   178 00000116 E8 [00000000]                   	CALL	_io_out8
   179 0000011B 8A 46 01                        	MOV	AL,BYTE [1+ESI]
   180 0000011E C0 E8 02                        	SHR	AL,2
   181 00000121 0F B6 C0                        	MOVZX	EAX,AL
   182 00000124 50                              	PUSH	EAX
   183 00000125 68 000003C9                     	PUSH	969
   184 0000012A E8 [00000000]                   	CALL	_io_out8
   185 0000012F 8A 46 02                        	MOV	AL,BYTE [2+ESI]
   186 00000132 C0 E8 02                        	SHR	AL,2
   187 00000135 83 C6 03                        	ADD	ESI,3
   188 00000138 0F B6 C0                        	MOVZX	EAX,AL
   189 0000013B 50                              	PUSH	EAX
   190 0000013C 68 000003C9                     	PUSH	969
   191 00000141 E8 [00000000]                   	CALL	_io_out8
   192 00000146 83 C4 18                        	ADD	ESP,24
   193 00000149 39 FB                           	CMP	EBX,EDI
   194 0000014B 7E BA                           	JLE	L11
   195 0000014D EB A6                           	JMP	L13
   196 0000014F                                 	GLOBAL	_boxfill8
   197 0000014F                                 _boxfill8:
   198 0000014F 55                              	PUSH	EBP
   199 00000150 89 E5                           	MOV	EBP,ESP
   200 00000152 57                              	PUSH	EDI
   201 00000153 56                              	PUSH	ESI
   202 00000154 53                              	PUSH	EBX
   203 00000155 57                              	PUSH	EDI
   204 00000156 57                              	PUSH	EDI
   205 00000157 8A 45 10                        	MOV	AL,BYTE [16+EBP]
   206 0000015A 8B 4D 18                        	MOV	ECX,DWORD [24+EBP]
   207 0000015D 8B 7D 1C                        	MOV	EDI,DWORD [28+EBP]
   208 00000160 88 45 F3                        	MOV	BYTE [-13+EBP],AL
   209 00000163 3B 4D 20                        	CMP	ECX,DWORD [32+EBP]
   210 00000166 7F 31                           	JG	L26
   211 00000168 8B 5D 0C                        	MOV	EBX,DWORD [12+EBP]
   212 0000016B 0F AF D9                        	IMUL	EBX,ECX
   213 0000016E                                 L24:
   214 0000016E 8B 55 14                        	MOV	EDX,DWORD [20+EBP]
   215 00000171 39 FA                           	CMP	EDX,EDI
   216 00000173 7F 1B                           	JG	L28
   217 00000175 8B 75 08                        	MOV	ESI,DWORD [8+EBP]
   218 00000178 01 DE                           	ADD	ESI,EBX
   219 0000017A 01 D6                           	ADD	ESI,EDX
   220 0000017C 89 75 EC                        	MOV	DWORD [-20+EBP],ESI
   221 0000017F                                 L23:
   222 0000017F 8B 75 EC                        	MOV	ESI,DWORD [-20+EBP]
   223 00000182 8A 45 F3                        	MOV	AL,BYTE [-13+EBP]
   224 00000185 42                              	INC	EDX
   225 00000186 88 06                           	MOV	BYTE [ESI],AL
   226 00000188 46                              	INC	ESI
   227 00000189 89 75 EC                        	MOV	DWORD [-20+EBP],ESI
   228 0000018C 39 FA                           	CMP	EDX,EDI
   229 0000018E 7E EF                           	JLE	L23
   230 00000190                                 L28:
   231 00000190 41                              	INC	ECX
   232 00000191 03 5D 0C                        	ADD	EBX,DWORD [12+EBP]
   233 00000194 3B 4D 20                        	CMP	ECX,DWORD [32+EBP]
   234 00000197 7E D5                           	JLE	L24
   235 00000199                                 L26:
   236 00000199 5B                              	POP	EBX
   237 0000019A 5E                              	POP	ESI
   238 0000019B 5B                              	POP	EBX
   239 0000019C 5E                              	POP	ESI
   240 0000019D 5F                              	POP	EDI
   241 0000019E 5D                              	POP	EBP
   242 0000019F C3                              	RET
   243 000001A0                                 	GLOBAL	_init_screen
   244 000001A0                                 _init_screen:
   245 000001A0 55                              	PUSH	EBP
   246 000001A1 89 E5                           	MOV	EBP,ESP
   247 000001A3 57                              	PUSH	EDI
   248 000001A4 56                              	PUSH	ESI
   249 000001A5 53                              	PUSH	EBX
   250 000001A6 83 EC 0C                        	SUB	ESP,12
   251 000001A9 8B 45 10                        	MOV	EAX,DWORD [16+EBP]
   252 000001AC 8B 7D 0C                        	MOV	EDI,DWORD [12+EBP]
   253 000001AF 83 E8 1D                        	SUB	EAX,29
   254 000001B2 4F                              	DEC	EDI
   255 000001B3 50                              	PUSH	EAX
   256 000001B4 57                              	PUSH	EDI
   257 000001B5 6A 00                           	PUSH	0
   258 000001B7 6A 00                           	PUSH	0
   259 000001B9 6A 0E                           	PUSH	14
   260 000001BB FF 75 0C                        	PUSH	DWORD [12+EBP]
   261 000001BE FF 75 08                        	PUSH	DWORD [8+EBP]
   262 000001C1 E8 FFFFFF89                     	CALL	_boxfill8
   263 000001C6 8B 45 10                        	MOV	EAX,DWORD [16+EBP]
   264 000001C9 83 E8 1C                        	SUB	EAX,28
   265 000001CC 50                              	PUSH	EAX
   266 000001CD 57                              	PUSH	EDI
   267 000001CE 50                              	PUSH	EAX
   268 000001CF 6A 00                           	PUSH	0
   269 000001D1 6A 08                           	PUSH	8
   270 000001D3 FF 75 0C                        	PUSH	DWORD [12+EBP]
   271 000001D6 FF 75 08                        	PUSH	DWORD [8+EBP]
   272 000001D9 E8 FFFFFF71                     	CALL	_boxfill8
   273 000001DE 8B 45 10                        	MOV	EAX,DWORD [16+EBP]
   274 000001E1 83 C4 38                        	ADD	ESP,56
   275 000001E4 83 E8 1B                        	SUB	EAX,27
   276 000001E7 50                              	PUSH	EAX
   277 000001E8 57                              	PUSH	EDI
   278 000001E9 50                              	PUSH	EAX
   279 000001EA 6A 00                           	PUSH	0
   280 000001EC 6A 07                           	PUSH	7
   281 000001EE FF 75 0C                        	PUSH	DWORD [12+EBP]
   282 000001F1 FF 75 08                        	PUSH	DWORD [8+EBP]
   283 000001F4 E8 FFFFFF56                     	CALL	_boxfill8
   284 000001F9 8B 45 10                        	MOV	EAX,DWORD [16+EBP]
   285 000001FC 48                              	DEC	EAX
   286 000001FD 50                              	PUSH	EAX
   287 000001FE 8B 45 10                        	MOV	EAX,DWORD [16+EBP]
   288 00000201 57                              	PUSH	EDI
   289 00000202 83 E8 1A                        	SUB	EAX,26
   290 00000205 50                              	PUSH	EAX
   291 00000206 6A 00                           	PUSH	0
   292 00000208 6A 08                           	PUSH	8
   293 0000020A FF 75 0C                        	PUSH	DWORD [12+EBP]
   294 0000020D FF 75 08                        	PUSH	DWORD [8+EBP]
   295 00000210 E8 FFFFFF3A                     	CALL	_boxfill8
   296 00000215 8B 75 10                        	MOV	ESI,DWORD [16+EBP]
   297 00000218 83 C4 38                        	ADD	ESP,56
   298 0000021B 83 EE 18                        	SUB	ESI,24
   299 0000021E 56                              	PUSH	ESI
   300 0000021F 6A 3B                           	PUSH	59
   301 00000221 56                              	PUSH	ESI
   302 00000222 6A 03                           	PUSH	3
   303 00000224 6A 07                           	PUSH	7
   304 00000226 FF 75 0C                        	PUSH	DWORD [12+EBP]
   305 00000229 FF 75 08                        	PUSH	DWORD [8+EBP]
   306 0000022C E8 FFFFFF1E                     	CALL	_boxfill8
   307 00000231 8B 45 10                        	MOV	EAX,DWORD [16+EBP]
   308 00000234 83 E8 04                        	SUB	EAX,4
   309 00000237 50                              	PUSH	EAX
   310 00000238 89 45 F0                        	MOV	DWORD [-16+EBP],EAX
   311 0000023B 6A 02                           	PUSH	2
   312 0000023D 56                              	PUSH	ESI
   313 0000023E 6A 02                           	PUSH	2
   314 00000240 6A 07                           	PUSH	7
   315 00000242 FF 75 0C                        	PUSH	DWORD [12+EBP]
   316 00000245 FF 75 08                        	PUSH	DWORD [8+EBP]
   317 00000248 E8 FFFFFF02                     	CALL	_boxfill8
   318 0000024D 83 C4 38                        	ADD	ESP,56
   319 00000250 FF 75 F0                        	PUSH	DWORD [-16+EBP]
   320 00000253 6A 3B                           	PUSH	59
   321 00000255 FF 75 F0                        	PUSH	DWORD [-16+EBP]
   322 00000258 6A 03                           	PUSH	3
   323 0000025A 6A 0F                           	PUSH	15
   324 0000025C FF 75 0C                        	PUSH	DWORD [12+EBP]
   325 0000025F FF 75 08                        	PUSH	DWORD [8+EBP]
   326 00000262 E8 FFFFFEE8                     	CALL	_boxfill8
   327 00000267 8B 45 10                        	MOV	EAX,DWORD [16+EBP]
   328 0000026A 83 E8 05                        	SUB	EAX,5
   329 0000026D 50                              	PUSH	EAX
   330 0000026E 8B 45 10                        	MOV	EAX,DWORD [16+EBP]
   331 00000271 6A 3B                           	PUSH	59
   332 00000273 83 E8 17                        	SUB	EAX,23
   333 00000276 50                              	PUSH	EAX
   334 00000277 89 45 EC                        	MOV	DWORD [-20+EBP],EAX
   335 0000027A 6A 3B                           	PUSH	59
   336 0000027C 6A 0F                           	PUSH	15
   337 0000027E FF 75 0C                        	PUSH	DWORD [12+EBP]
   338 00000281 FF 75 08                        	PUSH	DWORD [8+EBP]
   339 00000284 E8 FFFFFEC6                     	CALL	_boxfill8
   340 00000289 8B 45 10                        	MOV	EAX,DWORD [16+EBP]
   341 0000028C 83 C4 38                        	ADD	ESP,56
   342 0000028F 83 E8 03                        	SUB	EAX,3
   343 00000292 89 45 E8                        	MOV	DWORD [-24+EBP],EAX
   344 00000295 50                              	PUSH	EAX
   345 00000296 6A 3B                           	PUSH	59
   346 00000298 50                              	PUSH	EAX
   347 00000299 6A 02                           	PUSH	2
   348 0000029B 6A 00                           	PUSH	0
   349 0000029D FF 75 0C                        	PUSH	DWORD [12+EBP]
   350 000002A0 FF 75 08                        	PUSH	DWORD [8+EBP]
   351 000002A3 E8 FFFFFEA7                     	CALL	_boxfill8
   352 000002A8 FF 75 E8                        	PUSH	DWORD [-24+EBP]
   353 000002AB 6A 3C                           	PUSH	60
   354 000002AD 56                              	PUSH	ESI
   355 000002AE 6A 3C                           	PUSH	60
   356 000002B0 6A 00                           	PUSH	0
   357 000002B2 FF 75 0C                        	PUSH	DWORD [12+EBP]
   358 000002B5 FF 75 08                        	PUSH	DWORD [8+EBP]
   359 000002B8 E8 FFFFFE92                     	CALL	_boxfill8
   360 000002BD 8B 7D 0C                        	MOV	EDI,DWORD [12+EBP]
   361 000002C0 83 C4 38                        	ADD	ESP,56
   362 000002C3 8B 5D 0C                        	MOV	EBX,DWORD [12+EBP]
   363 000002C6 83 EB 04                        	SUB	EBX,4
   364 000002C9 83 EF 2F                        	SUB	EDI,47
   365 000002CC 56                              	PUSH	ESI
   366 000002CD 53                              	PUSH	EBX
   367 000002CE 56                              	PUSH	ESI
   368 000002CF 57                              	PUSH	EDI
   369 000002D0 6A 0F                           	PUSH	15
   370 000002D2 FF 75 0C                        	PUSH	DWORD [12+EBP]
   371 000002D5 FF 75 08                        	PUSH	DWORD [8+EBP]
   372 000002D8 E8 FFFFFE72                     	CALL	_boxfill8
   373 000002DD FF 75 F0                        	PUSH	DWORD [-16+EBP]
   374 000002E0 57                              	PUSH	EDI
   375 000002E1 FF 75 EC                        	PUSH	DWORD [-20+EBP]
   376 000002E4 57                              	PUSH	EDI
   377 000002E5 6A 0F                           	PUSH	15
   378 000002E7 FF 75 0C                        	PUSH	DWORD [12+EBP]
   379 000002EA FF 75 08                        	PUSH	DWORD [8+EBP]
   380 000002ED E8 FFFFFE5D                     	CALL	_boxfill8
   381 000002F2 83 C4 38                        	ADD	ESP,56
   382 000002F5 FF 75 E8                        	PUSH	DWORD [-24+EBP]
   383 000002F8 53                              	PUSH	EBX
   384 000002F9 FF 75 E8                        	PUSH	DWORD [-24+EBP]
   385 000002FC 57                              	PUSH	EDI
   386 000002FD 6A 07                           	PUSH	7
   387 000002FF FF 75 0C                        	PUSH	DWORD [12+EBP]
   388 00000302 FF 75 08                        	PUSH	DWORD [8+EBP]
   389 00000305 E8 FFFFFE45                     	CALL	_boxfill8
   390 0000030A 8B 45 0C                        	MOV	EAX,DWORD [12+EBP]
   391 0000030D FF 75 E8                        	PUSH	DWORD [-24+EBP]
   392 00000310 83 E8 03                        	SUB	EAX,3
   393 00000313 50                              	PUSH	EAX
   394 00000314 56                              	PUSH	ESI
   395 00000315 50                              	PUSH	EAX
   396 00000316 6A 07                           	PUSH	7
   397 00000318 FF 75 0C                        	PUSH	DWORD [12+EBP]
   398 0000031B FF 75 08                        	PUSH	DWORD [8+EBP]
   399 0000031E E8 FFFFFE2C                     	CALL	_boxfill8
   400 00000323 8D 65 F4                        	LEA	ESP,DWORD [-12+EBP]
   401 00000326 5B                              	POP	EBX
   402 00000327 5E                              	POP	ESI
   403 00000328 5F                              	POP	EDI
   404 00000329 5D                              	POP	EBP
   405 0000032A C3                              	RET
   406 0000032B                                 	GLOBAL	_putfont8
   407 0000032B                                 _putfont8:
   408 0000032B 55                              	PUSH	EBP
   409 0000032C 89 E5                           	MOV	EBP,ESP
   410 0000032E 57                              	PUSH	EDI
   411 0000032F 56                              	PUSH	ESI
   412 00000330 31 F6                           	XOR	ESI,ESI
   413 00000332 53                              	PUSH	EBX
   414 00000333 8B 7D 1C                        	MOV	EDI,DWORD [28+EBP]
   415 00000336 8A 5D 18                        	MOV	BL,BYTE [24+EBP]
   416 00000339                                 L43:
   417 00000339 8B 45 14                        	MOV	EAX,DWORD [20+EBP]
   418 0000033C 8B 55 10                        	MOV	EDX,DWORD [16+EBP]
   419 0000033F 01 F0                           	ADD	EAX,ESI
   420 00000341 0F AF 45 0C                     	IMUL	EAX,DWORD [12+EBP]
   421 00000345 03 45 08                        	ADD	EAX,DWORD [8+EBP]
   422 00000348 8D 0C 02                        	LEA	ECX,DWORD [EDX+EAX*1]
   423 0000034B 8A 14 3E                        	MOV	DL,BYTE [ESI+EDI*1]
   424 0000034E 84 D2                           	TEST	DL,DL
   425 00000350 79 02                           	JNS	L35
   426 00000352 88 19                           	MOV	BYTE [ECX],BL
   427 00000354                                 L35:
   428 00000354 88 D0                           	MOV	AL,DL
   429 00000356 83 E0 40                        	AND	EAX,64
   430 00000359 84 C0                           	TEST	AL,AL
   431 0000035B 74 03                           	JE	L36
   432 0000035D 88 59 01                        	MOV	BYTE [1+ECX],BL
   433 00000360                                 L36:
   434 00000360 88 D0                           	MOV	AL,DL
   435 00000362 83 E0 20                        	AND	EAX,32
   436 00000365 84 C0                           	TEST	AL,AL
   437 00000367 74 03                           	JE	L37
   438 00000369 88 59 02                        	MOV	BYTE [2+ECX],BL
   439 0000036C                                 L37:
   440 0000036C 88 D0                           	MOV	AL,DL
   441 0000036E 83 E0 10                        	AND	EAX,16
   442 00000371 84 C0                           	TEST	AL,AL
   443 00000373 74 03                           	JE	L38
   444 00000375 88 59 03                        	MOV	BYTE [3+ECX],BL
   445 00000378                                 L38:
   446 00000378 88 D0                           	MOV	AL,DL
   447 0000037A 83 E0 08                        	AND	EAX,8
   448 0000037D 84 C0                           	TEST	AL,AL
   449 0000037F 74 03                           	JE	L39
   450 00000381 88 59 04                        	MOV	BYTE [4+ECX],BL
   451 00000384                                 L39:
   452 00000384 88 D0                           	MOV	AL,DL
   453 00000386 83 E0 04                        	AND	EAX,4
   454 00000389 84 C0                           	TEST	AL,AL
   455 0000038B 74 03                           	JE	L40
   456 0000038D 88 59 05                        	MOV	BYTE [5+ECX],BL
   457 00000390                                 L40:
   458 00000390 88 D0                           	MOV	AL,DL
   459 00000392 83 E0 02                        	AND	EAX,2
   460 00000395 84 C0                           	TEST	AL,AL
   461 00000397 74 03                           	JE	L41
   462 00000399 88 59 06                        	MOV	BYTE [6+ECX],BL
   463 0000039C                                 L41:
   464 0000039C 83 E2 01                        	AND	EDX,1
   465 0000039F 84 D2                           	TEST	DL,DL
   466 000003A1 74 03                           	JE	L33
   467 000003A3 88 59 07                        	MOV	BYTE [7+ECX],BL
   468 000003A6                                 L33:
   469 000003A6 46                              	INC	ESI
   470 000003A7 83 FE 0F                        	CMP	ESI,15
   471 000003AA 7E 8D                           	JLE	L43
   472 000003AC 5B                              	POP	EBX
   473 000003AD 5E                              	POP	ESI
   474 000003AE 5F                              	POP	EDI
   475 000003AF 5D                              	POP	EBP
   476 000003B0 C3                              	RET
   477 000003B1                                 	GLOBAL	_putfonts8_asc
   478 000003B1                                 _putfonts8_asc:
   479 000003B1 55                              	PUSH	EBP
   480 000003B2 89 E5                           	MOV	EBP,ESP
   481 000003B4 57                              	PUSH	EDI
   482 000003B5 56                              	PUSH	ESI
   483 000003B6 53                              	PUSH	EBX
   484 000003B7 50                              	PUSH	EAX
   485 000003B8 8B 5D 1C                        	MOV	EBX,DWORD [28+EBP]
   486 000003BB 8A 45 18                        	MOV	AL,BYTE [24+EBP]
   487 000003BE 88 45 F3                        	MOV	BYTE [-13+EBP],AL
   488 000003C1 8B 75 10                        	MOV	ESI,DWORD [16+EBP]
   489 000003C4 8B 7D 14                        	MOV	EDI,DWORD [20+EBP]
   490 000003C7 80 3B 00                        	CMP	BYTE [EBX],0
   491 000003CA 75 08                           	JNE	L51
   492 000003CC                                 L53:
   493 000003CC 8D 65 F4                        	LEA	ESP,DWORD [-12+EBP]
   494 000003CF 5B                              	POP	EBX
   495 000003D0 5E                              	POP	ESI
   496 000003D1 5F                              	POP	EDI
   497 000003D2 5D                              	POP	EBP
   498 000003D3 C3                              	RET
   499 000003D4                                 L51:
   500 000003D4 0F B6 03                        	MOVZX	EAX,BYTE [EBX]
   501 000003D7 C1 E0 04                        	SAL	EAX,4
   502 000003DA 43                              	INC	EBX
   503 000003DB 05 [00000000]                   	ADD	EAX,_hankaku
   504 000003E0 50                              	PUSH	EAX
   505 000003E1 0F BE 45 F3                     	MOVSX	EAX,BYTE [-13+EBP]
   506 000003E5 50                              	PUSH	EAX
   507 000003E6 57                              	PUSH	EDI
   508 000003E7 56                              	PUSH	ESI
   509 000003E8 83 C6 08                        	ADD	ESI,8
   510 000003EB FF 75 0C                        	PUSH	DWORD [12+EBP]
   511 000003EE FF 75 08                        	PUSH	DWORD [8+EBP]
   512 000003F1 E8 FFFFFF35                     	CALL	_putfont8
   513 000003F6 83 C4 18                        	ADD	ESP,24
   514 000003F9 80 3B 00                        	CMP	BYTE [EBX],0
   515 000003FC 75 D6                           	JNE	L51
   516 000003FE EB CC                           	JMP	L53
   517                                          [SECTION .data]
   518 00000039                                 _cursor.1:
   519 00000039 2A 2A 2A 2A 2A 2A 2A 2A 2A 2A   	DB	"**************.."
       00000043 2A 2A 2A 2A 2E 2E 
   520 00000049 2A 4F 4F 4F 4F 4F 4F 4F 4F 4F   	DB	"*OOOOOOOOOOO*..."
       00000053 4F 4F 2A 2E 2E 2E 
   521 00000059 2A 4F 4F 4F 4F 4F 4F 4F 4F 4F   	DB	"*OOOOOOOOOO*...."
       00000063 4F 2A 2E 2E 2E 2E 
   522 00000069 2A 4F 4F 4F 4F 4F 4F 4F 4F 4F   	DB	"*OOOOOOOOO*....."
       00000073 2A 2E 2E 2E 2E 2E 
   523 00000079 2A 4F 4F 4F 4F 4F 4F 4F 4F 2A   	DB	"*OOOOOOOO*......"
       00000083 2E 2E 2E 2E 2E 2E 
   524 00000089 2A 4F 4F 4F 4F 4F 4F 4F 2A 2E   	DB	"*OOOOOOO*......."
       00000093 2E 2E 2E 2E 2E 2E 
   525 00000099 2A 4F 4F 4F 4F 4F 4F 4F 2A 2E   	DB	"*OOOOOOO*......."
       000000A3 2E 2E 2E 2E 2E 2E 
   526 000000A9 2A 4F 4F 4F 4F 4F 4F 4F 4F 2A   	DB	"*OOOOOOOO*......"
       000000B3 2E 2E 2E 2E 2E 2E 
   527 000000B9 2A 4F 4F 4F 4F 2A 2A 4F 4F 4F   	DB	"*OOOO**OOO*....."
       000000C3 2A 2E 2E 2E 2E 2E 
   528 000000C9 2A 4F 4F 4F 2A 2E 2E 2A 4F 4F   	DB	"*OOO*..*OOO*...."
       000000D3 4F 2A 2E 2E 2E 2E 
   529 000000D9 2A 4F 4F 2A 2E 2E 2E 2E 2A 4F   	DB	"*OO*....*OOO*..."
       000000E3 4F 4F 2A 2E 2E 2E 
   530 000000E9 2A 4F 2A 2E 2E 2E 2E 2E 2E 2A   	DB	"*O*......*OOO*.."
       000000F3 4F 4F 4F 2A 2E 2E 
   531 000000F9 2A 2A 2E 2E 2E 2E 2E 2E 2E 2E   	DB	"**........*OOO*."
       00000103 2A 4F 4F 4F 2A 2E 
   532 00000109 2A 2E 2E 2E 2E 2E 2E 2E 2E 2E   	DB	"*..........*OOO*"
       00000113 2E 2A 4F 4F 4F 2A 
   533 00000119 2E 2E 2E 2E 2E 2E 2E 2E 2E 2E   	DB	"............*OO*"
       00000123 2E 2E 2A 4F 4F 2A 
   534 00000129 2E 2E 2E 2E 2E 2E 2E 2E 2E 2E   	DB	".............***"
       00000133 2E 2E 2E 2A 2A 2A 
   535                                          [SECTION .text]
   536 00000400                                 	GLOBAL	_init_mouse_cursor8
   537 00000400                                 _init_mouse_cursor8:
   538 00000400 55                              	PUSH	EBP
   539 00000401 89 E5                           	MOV	EBP,ESP
   540 00000403 57                              	PUSH	EDI
   541 00000404 56                              	PUSH	ESI
   542 00000405 31 FF                           	XOR	EDI,EDI
   543 00000407 53                              	PUSH	EBX
   544 00000408 31 DB                           	XOR	EBX,EBX
   545 0000040A 50                              	PUSH	EAX
   546 0000040B 8A 45 0C                        	MOV	AL,BYTE [12+EBP]
   547 0000040E 8B 75 08                        	MOV	ESI,DWORD [8+EBP]
   548 00000411 88 45 F3                        	MOV	BYTE [-13+EBP],AL
   549 00000414                                 L67:
   550 00000414 31 D2                           	XOR	EDX,EDX
   551 00000416                                 L66:
   552 00000416 8D 04 3A                        	LEA	EAX,DWORD [EDX+EDI*1]
   553 00000419 80 B8 [00000039] 2A             	CMP	BYTE [_cursor.1+EAX],42
   554 00000420 74 35                           	JE	L72
   555 00000422                                 L63:
   556 00000422 80 B8 [00000039] 4F             	CMP	BYTE [_cursor.1+EAX],79
   557 00000429 74 26                           	JE	L73
   558 0000042B                                 L64:
   559 0000042B 80 B8 [00000039] 2E             	CMP	BYTE [_cursor.1+EAX],46
   560 00000432 74 15                           	JE	L74
   561 00000434                                 L61:
   562 00000434 42                              	INC	EDX
   563 00000435 83 FA 0F                        	CMP	EDX,15
   564 00000438 7E DC                           	JLE	L66
   565 0000043A 43                              	INC	EBX
   566 0000043B 83 C7 10                        	ADD	EDI,16
   567 0000043E 83 FB 0F                        	CMP	EBX,15
   568 00000441 7E D1                           	JLE	L67
   569 00000443 58                              	POP	EAX
   570 00000444 5B                              	POP	EBX
   571 00000445 5E                              	POP	ESI
   572 00000446 5F                              	POP	EDI
   573 00000447 5D                              	POP	EBP
   574 00000448 C3                              	RET
   575 00000449                                 L74:
   576 00000449 8A 4D F3                        	MOV	CL,BYTE [-13+EBP]
   577 0000044C 88 0C 30                        	MOV	BYTE [EAX+ESI*1],CL
   578 0000044F EB E3                           	JMP	L61
   579 00000451                                 L73:
   580 00000451 C6 04 30 07                     	MOV	BYTE [EAX+ESI*1],7
   581 00000455 EB D4                           	JMP	L64
   582 00000457                                 L72:
   583 00000457 C6 04 30 00                     	MOV	BYTE [EAX+ESI*1],0
   584 0000045B EB C5                           	JMP	L63
   585 0000045D                                 	GLOBAL	_putblock8_8
   586 0000045D                                 _putblock8_8:
   587 0000045D 55                              	PUSH	EBP
   588 0000045E 89 E5                           	MOV	EBP,ESP
   589 00000460 57                              	PUSH	EDI
   590 00000461 56                              	PUSH	ESI
   591 00000462 31 F6                           	XOR	ESI,ESI
   592 00000464 53                              	PUSH	EBX
   593 00000465 83 EC 0C                        	SUB	ESP,12
   594 00000468 3B 75 14                        	CMP	ESI,DWORD [20+EBP]
   595 0000046B 7D 3E                           	JGE	L87
   596 0000046D 31 FF                           	XOR	EDI,EDI
   597 0000046F                                 L85:
   598 0000046F 31 DB                           	XOR	EBX,EBX
   599 00000471 3B 5D 10                        	CMP	EBX,DWORD [16+EBP]
   600 00000474 7D 2C                           	JGE	L89
   601 00000476 8B 45 20                        	MOV	EAX,DWORD [32+EBP]
   602 00000479 01 F8                           	ADD	EAX,EDI
   603 0000047B 89 45 EC                        	MOV	DWORD [-20+EBP],EAX
   604 0000047E                                 L84:
   605 0000047E 8B 45 1C                        	MOV	EAX,DWORD [28+EBP]
   606 00000481 8B 55 18                        	MOV	EDX,DWORD [24+EBP]
   607 00000484 01 F0                           	ADD	EAX,ESI
   608 00000486 01 DA                           	ADD	EDX,EBX
   609 00000488 0F AF 45 0C                     	IMUL	EAX,DWORD [12+EBP]
   610 0000048C 01 D0                           	ADD	EAX,EDX
   611 0000048E 8B 4D 08                        	MOV	ECX,DWORD [8+EBP]
   612 00000491 8B 55 EC                        	MOV	EDX,DWORD [-20+EBP]
   613 00000494 43                              	INC	EBX
   614 00000495 8A 12                           	MOV	DL,BYTE [EDX]
   615 00000497 88 14 08                        	MOV	BYTE [EAX+ECX*1],DL
   616 0000049A FF 45 EC                        	INC	DWORD [-20+EBP]
   617 0000049D 3B 5D 10                        	CMP	EBX,DWORD [16+EBP]
   618 000004A0 7C DC                           	JL	L84
   619 000004A2                                 L89:
   620 000004A2 46                              	INC	ESI
   621 000004A3 03 7D 24                        	ADD	EDI,DWORD [36+EBP]
   622 000004A6 3B 75 14                        	CMP	ESI,DWORD [20+EBP]
   623 000004A9 7C C4                           	JL	L85
   624 000004AB                                 L87:
   625 000004AB 83 C4 0C                        	ADD	ESP,12
   626 000004AE 5B                              	POP	EBX
   627 000004AF 5E                              	POP	ESI
   628 000004B0 5F                              	POP	EDI
   629 000004B1 5D                              	POP	EBP
   630 000004B2 C3                              	RET
