     1 00000000                                 [FORMAT "WCOFF"]
     2 00000000                                 [INSTRSET "i486p"]
     3 00000000                                 [OPTIMIZE 1]
     4 00000000                                 [OPTION 1]
     5 00000000                                 [BITS 32]
     6 00000000                                 	EXTERN	_init_gdtidt
     7 00000000                                 	EXTERN	_init_pic
     8 00000000                                 	EXTERN	_io_sti
     9 00000000                                 	EXTERN	_fifo32_init
    10 00000000                                 	EXTERN	_init_pit
    11 00000000                                 	EXTERN	_init_keyboard
    12 00000000                                 	EXTERN	_enable_mouse
    13 00000000                                 	EXTERN	_io_out8
    14 00000000                                 	EXTERN	_memtest
    15 00000000                                 	EXTERN	_memman_init
    16 00000000                                 	EXTERN	_memman_free
    17 00000000                                 	EXTERN	_init_palette
    18 00000000                                 	EXTERN	_shtctl_init
    19 00000000                                 	EXTERN	_task_init
    20 00000000                                 	EXTERN	_task_run
    21 00000000                                 	EXTERN	_sheet_alloc
    22 00000000                                 	EXTERN	_memman_alloc_4k
    23 00000000                                 	EXTERN	_sheet_setbuf
    24 00000000                                 	EXTERN	_init_screen8
    25 00000000                                 	EXTERN	_task_alloc
    26 00000000                                 	EXTERN	_timer_alloc
    27 00000000                                 	EXTERN	_timer_init
    28 00000000                                 	EXTERN	_timer_settime
    29 00000000                                 	EXTERN	_init_mouse_cursor8
    30 00000000                                 	EXTERN	_sheet_slide
    31 00000000                                 	EXTERN	_sheet_updown
    32 00000000                                 	EXTERN	_sprintf
    33 00000000                                 	EXTERN	_memman_total
    34 00000000                                 	EXTERN	_io_cli
    35 00000000                                 	EXTERN	_fifo32_status
    36 00000000                                 	EXTERN	_fifo32_get
    37 00000000                                 	EXTERN	_boxfill8
    38 00000000                                 	EXTERN	_sheet_refresh
    39 00000000                                 	EXTERN	_mouse_decode
    40 00000000                                 	EXTERN	_keytable.0
    41 00000000                                 	EXTERN	_task_sleep
    42 00000000                                 	EXTERN	_putfonts8_asc
    43 00000000                                 	EXTERN	_task_now
    44 00000000                                 [FILE "bootpack.c"]
    45                                          [SECTION .data]
    46 00000000                                 _keytable.0:
    47 00000000 00                              	DB	0
    48 00000001 00                              	DB	0
    49 00000002 31                              	DB	49
    50 00000003 32                              	DB	50
    51 00000004 33                              	DB	51
    52 00000005 34                              	DB	52
    53 00000006 35                              	DB	53
    54 00000007 36                              	DB	54
    55 00000008 37                              	DB	55
    56 00000009 38                              	DB	56
    57 0000000A 39                              	DB	57
    58 0000000B 30                              	DB	48
    59 0000000C 2D                              	DB	45
    60 0000000D 5E                              	DB	94
    61 0000000E 00                              	DB	0
    62 0000000F 00                              	DB	0
    63 00000010 51                              	DB	81
    64 00000011 57                              	DB	87
    65 00000012 45                              	DB	69
    66 00000013 52                              	DB	82
    67 00000014 54                              	DB	84
    68 00000015 59                              	DB	89
    69 00000016 55                              	DB	85
    70 00000017 49                              	DB	73
    71 00000018 4F                              	DB	79
    72 00000019 50                              	DB	80
    73 0000001A 40                              	DB	64
    74 0000001B 5B                              	DB	91
    75 0000001C 00                              	DB	0
    76 0000001D 00                              	DB	0
    77 0000001E 41                              	DB	65
    78 0000001F 53                              	DB	83
    79 00000020 44                              	DB	68
    80 00000021 46                              	DB	70
    81 00000022 47                              	DB	71
    82 00000023 48                              	DB	72
    83 00000024 4A                              	DB	74
    84 00000025 4B                              	DB	75
    85 00000026 4C                              	DB	76
    86 00000027 3B                              	DB	59
    87 00000028 3A                              	DB	58
    88 00000029 00                              	DB	0
    89 0000002A 00                              	DB	0
    90 0000002B 5D                              	DB	93
    91 0000002C 5A                              	DB	90
    92 0000002D 58                              	DB	88
    93 0000002E 43                              	DB	67
    94 0000002F 56                              	DB	86
    95 00000030 42                              	DB	66
    96 00000031 4E                              	DB	78
    97 00000032 4D                              	DB	77
    98 00000033 2C                              	DB	44
    99 00000034 2E                              	DB	46
   100 00000035 2F                              	DB	47
   101 00000036 00                              	DB	0
   102 00000037 2A                              	DB	42
   103 00000038 00                              	DB	0
   104 00000039 20                              	DB	32
   105 0000003A 00                              	DB	0
   106 0000003B 00                              	DB	0
   107 0000003C 00                              	DB	0
   108 0000003D 00                              	DB	0
   109 0000003E 00                              	DB	0
   110 0000003F 00                              	DB	0
   111 00000040 00                              	DB	0
   112 00000041 00                              	DB	0
   113 00000042 00                              	DB	0
   114 00000043 00                              	DB	0
   115 00000044 00                              	DB	0
   116 00000045 00                              	DB	0
   117 00000046 00                              	DB	0
   118 00000047 37                              	DB	55
   119 00000048 38                              	DB	56
   120 00000049 39                              	DB	57
   121 0000004A 2D                              	DB	45
   122 0000004B 34                              	DB	52
   123 0000004C 35                              	DB	53
   124 0000004D 36                              	DB	54
   125 0000004E 2B                              	DB	43
   126 0000004F 31                              	DB	49
   127 00000050 32                              	DB	50
   128 00000051 33                              	DB	51
   129 00000052 30                              	DB	48
   130 00000053 2E                              	DB	46
   131 00000054                                 LC0:
   132 00000054 63 6F 6E 73 6F 6C 65 00         	DB	"console",0x00
   133 0000005C                                 LC1:
   134 0000005C 74 61 73 6B 5F 61 00            	DB	"task_a",0x00
   135 00000063                                 LC2:
   136 00000063 28 25 33 64 2C 20 25 33 64 29   	DB	"(%3d, %3d)",0x00
       0000006D 00 
   137 0000006E                                 LC3:
   138 0000006E 6D 65 6D 6F 72 79 20 25 64 4D   	DB	"memory %dMB   free : %dKB",0x00
       00000078 42 20 20 20 66 72 65 65 20 3A 
       00000082 20 25 64 4B 42 00 
   139 00000088                                 LC6:
   140 00000088 5B 6C 63 72 20 25 34 64 20 25   	DB	"[lcr %4d %4d]",0x00
       00000092 34 64 5D 00 
   141 00000096                                 LC4:
   142 00000096 25 30 32 58 00                  	DB	"%02X",0x00
   143 0000009B                                 LC5:
   144 0000009B 20 00                           	DB	" ",0x00
   145                                          [SECTION .text]
   146 00000000                                 	GLOBAL	_HariMain
   147 00000000                                 _HariMain:
   148 00000000 55                              	PUSH	EBP
   149 00000001 89 E5                           	MOV	EBP,ESP
   150 00000003 57                              	PUSH	EDI
   151 00000004 56                              	PUSH	ESI
   152 00000005 53                              	PUSH	EBX
   153 00000006 8D 5D D4                        	LEA	EBX,DWORD [-44+EBP]
   154 00000009 81 EC 00000394                  	SUB	ESP,916
   155 0000000F E8 [00000000]                   	CALL	_init_gdtidt
   156 00000014 E8 [00000000]                   	CALL	_init_pic
   157 00000019 E8 [00000000]                   	CALL	_io_sti
   158 0000001E 8D 85 FFFFFDA4                  	LEA	EAX,DWORD [-604+EBP]
   159 00000024 6A 00                           	PUSH	0
   160 00000026 50                              	PUSH	EAX
   161 00000027 8D 45 D4                        	LEA	EAX,DWORD [-44+EBP]
   162 0000002A 68 00000080                     	PUSH	128
   163 0000002F 50                              	PUSH	EAX
   164 00000030 E8 [00000000]                   	CALL	_fifo32_init
   165 00000035 E8 [00000000]                   	CALL	_init_pit
   166 0000003A 8D 55 D4                        	LEA	EDX,DWORD [-44+EBP]
   167 0000003D 68 00000100                     	PUSH	256
   168 00000042 52                              	PUSH	EDX
   169 00000043 E8 [00000000]                   	CALL	_init_keyboard
   170 00000048 8D 85 FFFFFD94                  	LEA	EAX,DWORD [-620+EBP]
   171 0000004E 50                              	PUSH	EAX
   172 0000004F 68 00000200                     	PUSH	512
   173 00000054 53                              	PUSH	EBX
   174 00000055 E8 [00000000]                   	CALL	_enable_mouse
   175 0000005A 83 C4 24                        	ADD	ESP,36
   176 0000005D 68 000000F8                     	PUSH	248
   177 00000062 6A 21                           	PUSH	33
   178 00000064 E8 [00000000]                   	CALL	_io_out8
   179 00000069 68 000000EF                     	PUSH	239
   180 0000006E 68 000000A1                     	PUSH	161
   181 00000073 E8 [00000000]                   	CALL	_io_out8
   182 00000078 68 BFFFFFFF                     	PUSH	-1073741825
   183 0000007D 68 00400000                     	PUSH	4194304
   184 00000082 E8 [00000000]                   	CALL	_memtest
   185 00000087 68 003C0000                     	PUSH	3932160
   186 0000008C 89 85 FFFFFC7C                  	MOV	DWORD [-900+EBP],EAX
   187 00000092 E8 [00000000]                   	CALL	_memman_init
   188 00000097 68 0009E000                     	PUSH	647168
   189 0000009C 68 00001000                     	PUSH	4096
   190 000000A1 68 003C0000                     	PUSH	3932160
   191 000000A6 E8 [00000000]                   	CALL	_memman_free
   192 000000AB 8B 85 FFFFFC7C                  	MOV	EAX,DWORD [-900+EBP]
   193 000000B1 83 C4 28                        	ADD	ESP,40
   194 000000B4 2D 00400000                     	SUB	EAX,4194304
   195 000000B9 50                              	PUSH	EAX
   196 000000BA 68 00400000                     	PUSH	4194304
   197 000000BF 68 003C0000                     	PUSH	3932160
   198 000000C4 E8 [00000000]                   	CALL	_memman_free
   199 000000C9 E8 [00000000]                   	CALL	_init_palette
   200 000000CE 0F BF 05 00000FF6               	MOVSX	EAX,WORD [4086]
   201 000000D5 50                              	PUSH	EAX
   202 000000D6 0F BF 05 00000FF4               	MOVSX	EAX,WORD [4084]
   203 000000DD 50                              	PUSH	EAX
   204 000000DE FF 35 00000FF8                  	PUSH	DWORD [4088]
   205 000000E4 68 003C0000                     	PUSH	3932160
   206 000000E9 E8 [00000000]                   	CALL	_shtctl_init
   207 000000EE 68 003C0000                     	PUSH	3932160
   208 000000F3 89 85 FFFFFC90                  	MOV	DWORD [-880+EBP],EAX
   209 000000F9 E8 [00000000]                   	CALL	_task_init
   210 000000FE 83 C4 20                        	ADD	ESP,32
   211 00000101 89 85 FFFFFC6C                  	MOV	DWORD [-916+EBP],EAX
   212 00000107 89 45 EC                        	MOV	DWORD [-20+EBP],EAX
   213 0000010A 6A 02                           	PUSH	2
   214 0000010C 6A 01                           	PUSH	1
   215 0000010E 50                              	PUSH	EAX
   216 0000010F E8 [00000000]                   	CALL	_task_run
   217 00000114 FF B5 FFFFFC90                  	PUSH	DWORD [-880+EBP]
   218 0000011A E8 [00000000]                   	CALL	_sheet_alloc
   219 0000011F 0F BF 15 00000FF6               	MOVSX	EDX,WORD [4086]
   220 00000126 89 85 FFFFFC78                  	MOV	DWORD [-904+EBP],EAX
   221 0000012C 0F BF 05 00000FF4               	MOVSX	EAX,WORD [4084]
   222 00000133 0F AF C2                        	IMUL	EAX,EDX
   223 00000136 50                              	PUSH	EAX
   224 00000137 68 003C0000                     	PUSH	3932160
   225 0000013C E8 [00000000]                   	CALL	_memman_alloc_4k
   226 00000141 6A FF                           	PUSH	-1
   227 00000143 89 C3                           	MOV	EBX,EAX
   228 00000145 0F BF 05 00000FF6               	MOVSX	EAX,WORD [4086]
   229 0000014C 50                              	PUSH	EAX
   230 0000014D 0F BF 05 00000FF4               	MOVSX	EAX,WORD [4084]
   231 00000154 50                              	PUSH	EAX
   232 00000155 53                              	PUSH	EBX
   233 00000156 FF B5 FFFFFC78                  	PUSH	DWORD [-904+EBP]
   234 0000015C E8 [00000000]                   	CALL	_sheet_setbuf
   235 00000161 83 C4 2C                        	ADD	ESP,44
   236 00000164 0F BF 05 00000FF6               	MOVSX	EAX,WORD [4086]
   237 0000016B 50                              	PUSH	EAX
   238 0000016C 0F BF 05 00000FF4               	MOVSX	EAX,WORD [4084]
   239 00000173 50                              	PUSH	EAX
   240 00000174 53                              	PUSH	EBX
   241 00000175 E8 [00000000]                   	CALL	_init_screen8
   242 0000017A FF B5 FFFFFC90                  	PUSH	DWORD [-880+EBP]
   243 00000180 E8 [00000000]                   	CALL	_sheet_alloc
   244 00000185 68 0000A500                     	PUSH	42240
   245 0000018A 68 003C0000                     	PUSH	3932160
   246 0000018F 89 C6                           	MOV	ESI,EAX
   247 00000191 E8 [00000000]                   	CALL	_memman_alloc_4k
   248 00000196 6A FF                           	PUSH	-1
   249 00000198 68 000000A5                     	PUSH	165
   250 0000019D 89 C3                           	MOV	EBX,EAX
   251 0000019F 68 00000100                     	PUSH	256
   252 000001A4 50                              	PUSH	EAX
   253 000001A5 56                              	PUSH	ESI
   254 000001A6 E8 [00000000]                   	CALL	_sheet_setbuf
   255 000001AB 83 C4 2C                        	ADD	ESP,44
   256 000001AE 6A 00                           	PUSH	0
   257 000001B0 68 [00000054]                   	PUSH	LC0
   258 000001B5 68 000000A5                     	PUSH	165
   259 000001BA 68 00000100                     	PUSH	256
   260 000001BF 53                              	PUSH	EBX
   261 000001C0 E8 000005C0                     	CALL	_make_window8
   262 000001C5 6A 00                           	PUSH	0
   263 000001C7 68 00000080                     	PUSH	128
   264 000001CC 68 000000F0                     	PUSH	240
   265 000001D1 6A 1C                           	PUSH	28
   266 000001D3 6A 08                           	PUSH	8
   267 000001D5 56                              	PUSH	ESI
   268 000001D6 E8 000007D1                     	CALL	_make_textbox8
   269 000001DB 83 C4 2C                        	ADD	ESP,44
   270 000001DE E8 [00000000]                   	CALL	_task_alloc
   271 000001E3 68 00010000                     	PUSH	65536
   272 000001E8 89 C3                           	MOV	EBX,EAX
   273 000001EA 68 003C0000                     	PUSH	3932160
   274 000001EF E8 [00000000]                   	CALL	_memman_alloc_4k
   275 000001F4 05 0000FFF8                     	ADD	EAX,65528
   276 000001F9 89 43 48                        	MOV	DWORD [72+EBX],EAX
   277 000001FC C7 43 30 [00000AE2]             	MOV	DWORD [48+EBX],_console_task
   278 00000203 C7 43 58 00000008               	MOV	DWORD [88+EBX],8
   279 0000020A C7 43 5C 00000010               	MOV	DWORD [92+EBX],16
   280 00000211 C7 43 60 00000008               	MOV	DWORD [96+EBX],8
   281 00000218 C7 43 64 00000008               	MOV	DWORD [100+EBX],8
   282 0000021F C7 43 68 00000008               	MOV	DWORD [104+EBX],8
   283 00000226 C7 43 6C 00000008               	MOV	DWORD [108+EBX],8
   284 0000022D 89 70 04                        	MOV	DWORD [4+EAX],ESI
   285 00000230 8D 47 01                        	LEA	EAX,DWORD [1+EDI]
   286 00000233 50                              	PUSH	EAX
   287 00000234 6A 02                           	PUSH	2
   288 00000236 53                              	PUSH	EBX
   289 00000237 E8 [00000000]                   	CALL	_task_run
   290 0000023C FF B5 FFFFFC90                  	PUSH	DWORD [-880+EBP]
   291 00000242 E8 [00000000]                   	CALL	_sheet_alloc
   292 00000247 68 00002080                     	PUSH	8320
   293 0000024C 68 003C0000                     	PUSH	3932160
   294 00000251 89 85 FFFFFC70                  	MOV	DWORD [-912+EBP],EAX
   295 00000257 E8 [00000000]                   	CALL	_memman_alloc_4k
   296 0000025C 83 C4 20                        	ADD	ESP,32
   297 0000025F 89 C3                           	MOV	EBX,EAX
   298 00000261 6A FF                           	PUSH	-1
   299 00000263 6A 34                           	PUSH	52
   300 00000265 68 00000090                     	PUSH	144
   301 0000026A 50                              	PUSH	EAX
   302 0000026B FF B5 FFFFFC70                  	PUSH	DWORD [-912+EBP]
   303 00000271 E8 [00000000]                   	CALL	_sheet_setbuf
   304 00000276 6A 01                           	PUSH	1
   305 00000278 68 [0000005C]                   	PUSH	LC1
   306 0000027D 6A 34                           	PUSH	52
   307 0000027F 68 00000090                     	PUSH	144
   308 00000284 53                              	PUSH	EBX
   309 00000285 8D 5D D4                        	LEA	EBX,DWORD [-44+EBP]
   310 00000288 E8 000004F8                     	CALL	_make_window8
   311 0000028D 83 C4 28                        	ADD	ESP,40
   312 00000290 6A 07                           	PUSH	7
   313 00000292 6A 10                           	PUSH	16
   314 00000294 68 00000080                     	PUSH	128
   315 00000299 6A 1C                           	PUSH	28
   316 0000029B 6A 08                           	PUSH	8
   317 0000029D FF B5 FFFFFC70                  	PUSH	DWORD [-912+EBP]
   318 000002A3 E8 00000704                     	CALL	_make_textbox8
   319 000002A8 C7 85 FFFFFC84 00000008         	MOV	DWORD [-892+EBP],8
   320 000002B2 C7 85 FFFFFC80 00000007         	MOV	DWORD [-896+EBP],7
   321 000002BC E8 [00000000]                   	CALL	_timer_alloc
   322 000002C1 6A 01                           	PUSH	1
   323 000002C3 53                              	PUSH	EBX
   324 000002C4 8D 9D FFFFFC94                  	LEA	EBX,DWORD [-876+EBP]
   325 000002CA 50                              	PUSH	EAX
   326 000002CB 89 85 FFFFFC68                  	MOV	DWORD [-920+EBP],EAX
   327 000002D1 E8 [00000000]                   	CALL	_timer_init
   328 000002D6 83 C4 24                        	ADD	ESP,36
   329 000002D9 6A 32                           	PUSH	50
   330 000002DB FF B5 FFFFFC68                  	PUSH	DWORD [-920+EBP]
   331 000002E1 E8 [00000000]                   	CALL	_timer_settime
   332 000002E6 FF B5 FFFFFC90                  	PUSH	DWORD [-880+EBP]
   333 000002EC E8 [00000000]                   	CALL	_sheet_alloc
   334 000002F1 6A 63                           	PUSH	99
   335 000002F3 6A 10                           	PUSH	16
   336 000002F5 6A 10                           	PUSH	16
   337 000002F7 89 85 FFFFFC74                  	MOV	DWORD [-908+EBP],EAX
   338 000002FD 53                              	PUSH	EBX
   339 000002FE 50                              	PUSH	EAX
   340 000002FF E8 [00000000]                   	CALL	_sheet_setbuf
   341 00000304 83 C4 20                        	ADD	ESP,32
   342 00000307 6A 63                           	PUSH	99
   343 00000309 53                              	PUSH	EBX
   344 0000030A BB 00000002                     	MOV	EBX,2
   345 0000030F E8 [00000000]                   	CALL	_init_mouse_cursor8
   346 00000314 0F BF 05 00000FF4               	MOVSX	EAX,WORD [4084]
   347 0000031B 8D 48 F0                        	LEA	ECX,DWORD [-16+EAX]
   348 0000031E 89 C8                           	MOV	EAX,ECX
   349 00000320 99                              	CDQ
   350 00000321 F7 FB                           	IDIV	EBX
   351 00000323 89 85 FFFFFC8C                  	MOV	DWORD [-884+EBP],EAX
   352 00000329 0F BF 05 00000FF6               	MOVSX	EAX,WORD [4086]
   353 00000330 6A 00                           	PUSH	0
   354 00000332 8D 48 D4                        	LEA	ECX,DWORD [-44+EAX]
   355 00000335 6A 00                           	PUSH	0
   356 00000337 89 C8                           	MOV	EAX,ECX
   357 00000339 99                              	CDQ
   358 0000033A F7 FB                           	IDIV	EBX
   359 0000033C FF B5 FFFFFC78                  	PUSH	DWORD [-904+EBP]
   360 00000342 89 85 FFFFFC88                  	MOV	DWORD [-888+EBP],EAX
   361 00000348 8D 5D A4                        	LEA	EBX,DWORD [-92+EBP]
   362 0000034B E8 [00000000]                   	CALL	_sheet_slide
   363 00000350 6A 04                           	PUSH	4
   364 00000352 6A 20                           	PUSH	32
   365 00000354 56                              	PUSH	ESI
   366 00000355 E8 [00000000]                   	CALL	_sheet_slide
   367 0000035A 83 C4 20                        	ADD	ESP,32
   368 0000035D 6A 38                           	PUSH	56
   369 0000035F 6A 40                           	PUSH	64
   370 00000361 FF B5 FFFFFC70                  	PUSH	DWORD [-912+EBP]
   371 00000367 E8 [00000000]                   	CALL	_sheet_slide
   372 0000036C FF B5 FFFFFC88                  	PUSH	DWORD [-888+EBP]
   373 00000372 FF B5 FFFFFC8C                  	PUSH	DWORD [-884+EBP]
   374 00000378 FF B5 FFFFFC74                  	PUSH	DWORD [-908+EBP]
   375 0000037E E8 [00000000]                   	CALL	_sheet_slide
   376 00000383 6A 00                           	PUSH	0
   377 00000385 FF B5 FFFFFC78                  	PUSH	DWORD [-904+EBP]
   378 0000038B E8 [00000000]                   	CALL	_sheet_updown
   379 00000390 83 C4 20                        	ADD	ESP,32
   380 00000393 6A 01                           	PUSH	1
   381 00000395 56                              	PUSH	ESI
   382 00000396 E8 [00000000]                   	CALL	_sheet_updown
   383 0000039B 6A 02                           	PUSH	2
   384 0000039D FF B5 FFFFFC70                  	PUSH	DWORD [-912+EBP]
   385 000003A3 E8 [00000000]                   	CALL	_sheet_updown
   386 000003A8 6A 03                           	PUSH	3
   387 000003AA FF B5 FFFFFC74                  	PUSH	DWORD [-908+EBP]
   388 000003B0 E8 [00000000]                   	CALL	_sheet_updown
   389 000003B5 FF B5 FFFFFC88                  	PUSH	DWORD [-888+EBP]
   390 000003BB FF B5 FFFFFC8C                  	PUSH	DWORD [-884+EBP]
   391 000003C1 68 [00000063]                   	PUSH	LC2
   392 000003C6 53                              	PUSH	EBX
   393 000003C7 E8 [00000000]                   	CALL	_sprintf
   394 000003CC 83 C4 28                        	ADD	ESP,40
   395 000003CF 6A 0A                           	PUSH	10
   396 000003D1 53                              	PUSH	EBX
   397 000003D2 6A 0E                           	PUSH	14
   398 000003D4 6A 07                           	PUSH	7
   399 000003D6 6A 00                           	PUSH	0
   400 000003D8 6A 00                           	PUSH	0
   401 000003DA FF B5 FFFFFC78                  	PUSH	DWORD [-904+EBP]
   402 000003E0 E8 00000540                     	CALL	_putfonts8_asc_sht
   403 000003E5 68 003C0000                     	PUSH	3932160
   404 000003EA E8 [00000000]                   	CALL	_memman_total
   405 000003EF C1 AD FFFFFC7C 14               	SHR	DWORD [-900+EBP],20
   406 000003F6 C1 E8 0A                        	SHR	EAX,10
   407 000003F9 89 04 24                        	MOV	DWORD [ESP],EAX
   408 000003FC FF B5 FFFFFC7C                  	PUSH	DWORD [-900+EBP]
   409 00000402 68 [0000006E]                   	PUSH	LC3
   410 00000407 53                              	PUSH	EBX
   411 00000408 E8 [00000000]                   	CALL	_sprintf
   412 0000040D 83 C4 2C                        	ADD	ESP,44
   413 00000410 6A 28                           	PUSH	40
   414 00000412 53                              	PUSH	EBX
   415 00000413 6A 0E                           	PUSH	14
   416 00000415 6A 07                           	PUSH	7
   417 00000417 6A 20                           	PUSH	32
   418 00000419 6A 00                           	PUSH	0
   419 0000041B FF B5 FFFFFC78                  	PUSH	DWORD [-904+EBP]
   420 00000421 E8 000004FF                     	CALL	_putfonts8_asc_sht
   421 00000426 83 C4 1C                        	ADD	ESP,28
   422 00000429                                 L2:
   423 00000429 8D 5D D4                        	LEA	EBX,DWORD [-44+EBP]
   424 0000042C E8 [00000000]                   	CALL	_io_cli
   425 00000431 53                              	PUSH	EBX
   426 00000432 E8 [00000000]                   	CALL	_fifo32_status
   427 00000437 5A                              	POP	EDX
   428 00000438 85 C0                           	TEST	EAX,EAX
   429 0000043A 0F 84 0000032F                  	JE	L27
   430 00000440 53                              	PUSH	EBX
   431 00000441 E8 [00000000]                   	CALL	_fifo32_get
   432 00000446 89 C7                           	MOV	EDI,EAX
   433 00000448 E8 [00000000]                   	CALL	_io_sti
   434 0000044D 5E                              	POP	ESI
   435 0000044E 8D 87 FFFFFF00                  	LEA	EAX,DWORD [-256+EDI]
   436 00000454 3D 000000FF                     	CMP	EAX,255
   437 00000459 0F 86 00000218                  	JBE	L28
   438 0000045F 8D 87 FFFFFE00                  	LEA	EAX,DWORD [-512+EDI]
   439 00000465 3D 000000FF                     	CMP	EAX,255
   440 0000046A 0F 86 0000009A                  	JBE	L29
   441 00000470 83 FF 01                        	CMP	EDI,1
   442 00000473 7F B4                           	JG	L2
   443 00000475 85 FF                           	TEST	EDI,EDI
   444 00000477 74 77                           	JE	L24
   445 00000479 6A 00                           	PUSH	0
   446 0000047B 53                              	PUSH	EBX
   447 0000047C FF B5 FFFFFC68                  	PUSH	DWORD [-920+EBP]
   448 00000482 E8 [00000000]                   	CALL	_timer_init
   449 00000487 C7 85 FFFFFC80 00000000         	MOV	DWORD [-896+EBP],0
   450 00000491                                 L26:
   451 00000491 83 C4 0C                        	ADD	ESP,12
   452 00000494 6A 32                           	PUSH	50
   453 00000496 FF B5 FFFFFC68                  	PUSH	DWORD [-920+EBP]
   454 0000049C E8 [00000000]                   	CALL	_timer_settime
   455 000004A1 8B 9D FFFFFC70                  	MOV	EBX,DWORD [-912+EBP]
   456 000004A7 8B 85 FFFFFC84                  	MOV	EAX,DWORD [-892+EBP]
   457 000004AD 6A 2B                           	PUSH	43
   458 000004AF 83 C0 07                        	ADD	EAX,7
   459 000004B2 50                              	PUSH	EAX
   460 000004B3 6A 1C                           	PUSH	28
   461 000004B5 FF B5 FFFFFC84                  	PUSH	DWORD [-892+EBP]
   462 000004BB FF B5 FFFFFC80                  	PUSH	DWORD [-896+EBP]
   463 000004C1 FF 73 04                        	PUSH	DWORD [4+EBX]
   464 000004C4 FF 33                           	PUSH	DWORD [EBX]
   465 000004C6 E8 [00000000]                   	CALL	_boxfill8
   466 000004CB 8B 85 FFFFFC84                  	MOV	EAX,DWORD [-892+EBP]
   467 000004D1 83 C4 24                        	ADD	ESP,36
   468 000004D4 83 C0 08                        	ADD	EAX,8
   469 000004D7 6A 2C                           	PUSH	44
   470 000004D9 50                              	PUSH	EAX
   471 000004DA 6A 1C                           	PUSH	28
   472 000004DC FF B5 FFFFFC84                  	PUSH	DWORD [-892+EBP]
   473 000004E2 53                              	PUSH	EBX
   474 000004E3 E8 [00000000]                   	CALL	_sheet_refresh
   475 000004E8 83 C4 14                        	ADD	ESP,20
   476 000004EB E9 FFFFFF39                     	JMP	L2
   477 000004F0                                 L24:
   478 000004F0 6A 01                           	PUSH	1
   479 000004F2 53                              	PUSH	EBX
   480 000004F3 FF B5 FFFFFC68                  	PUSH	DWORD [-920+EBP]
   481 000004F9 E8 [00000000]                   	CALL	_timer_init
   482 000004FE C7 85 FFFFFC80 00000007         	MOV	DWORD [-896+EBP],7
   483 00000508 EB 87                           	JMP	L26
   484 0000050A                                 L29:
   485 0000050A 89 FA                           	MOV	EDX,EDI
   486 0000050C 0F B6 C2                        	MOVZX	EAX,DL
   487 0000050F 50                              	PUSH	EAX
   488 00000510 8D 85 FFFFFD94                  	LEA	EAX,DWORD [-620+EBP]
   489 00000516 50                              	PUSH	EAX
   490 00000517 E8 [00000000]                   	CALL	_mouse_decode
   491 0000051C 5A                              	POP	EDX
   492 0000051D 59                              	POP	ECX
   493 0000051E 85 C0                           	TEST	EAX,EAX
   494 00000520 0F 84 FFFFFF03                  	JE	L2
   495 00000526 FF B5 FFFFFD9C                  	PUSH	DWORD [-612+EBP]
   496 0000052C FF B5 FFFFFD98                  	PUSH	DWORD [-616+EBP]
   497 00000532 68 [00000088]                   	PUSH	LC6
   498 00000537 8D 5D A4                        	LEA	EBX,DWORD [-92+EBP]
   499 0000053A 53                              	PUSH	EBX
   500 0000053B E8 [00000000]                   	CALL	_sprintf
   501 00000540 83 C4 10                        	ADD	ESP,16
   502 00000543 8B 85 FFFFFDA0                  	MOV	EAX,DWORD [-608+EBP]
   503 00000549 A9 00000001                     	TEST	EAX,1
   504 0000054E 74 04                           	JE	L14
   505 00000550 C6 45 A5 4C                     	MOV	BYTE [-91+EBP],76
   506 00000554                                 L14:
   507 00000554 A9 00000002                     	TEST	EAX,2
   508 00000559 74 04                           	JE	L15
   509 0000055B C6 45 A7 52                     	MOV	BYTE [-89+EBP],82
   510 0000055F                                 L15:
   511 0000055F 83 E0 04                        	AND	EAX,4
   512 00000562 74 04                           	JE	L16
   513 00000564 C6 45 A6 43                     	MOV	BYTE [-90+EBP],67
   514 00000568                                 L16:
   515 00000568 6A 0F                           	PUSH	15
   516 0000056A 53                              	PUSH	EBX
   517 0000056B 6A 0E                           	PUSH	14
   518 0000056D 6A 07                           	PUSH	7
   519 0000056F 6A 10                           	PUSH	16
   520 00000571 6A 20                           	PUSH	32
   521 00000573 FF B5 FFFFFC78                  	PUSH	DWORD [-904+EBP]
   522 00000579 E8 000003A7                     	CALL	_putfonts8_asc_sht
   523 0000057E 8B 95 FFFFFD98                  	MOV	EDX,DWORD [-616+EBP]
   524 00000584 8B 85 FFFFFD9C                  	MOV	EAX,DWORD [-612+EBP]
   525 0000058A 83 C4 1C                        	ADD	ESP,28
   526 0000058D 01 85 FFFFFC88                  	ADD	DWORD [-888+EBP],EAX
   527 00000593 01 95 FFFFFC8C                  	ADD	DWORD [-884+EBP],EDX
   528 00000599 0F 88 000000C9                  	JS	L30
   529 0000059F                                 L17:
   530 0000059F 83 BD FFFFFC88 00               	CMP	DWORD [-888+EBP],0
   531 000005A6 0F 88 000000AD                  	JS	L31
   532 000005AC                                 L18:
   533 000005AC 0F BF 05 00000FF4               	MOVSX	EAX,WORD [4084]
   534 000005B3 48                              	DEC	EAX
   535 000005B4 39 85 FFFFFC8C                  	CMP	DWORD [-884+EBP],EAX
   536 000005BA 7E 06                           	JLE	L19
   537 000005BC 89 85 FFFFFC8C                  	MOV	DWORD [-884+EBP],EAX
   538 000005C2                                 L19:
   539 000005C2 0F BF 05 00000FF6               	MOVSX	EAX,WORD [4086]
   540 000005C9 48                              	DEC	EAX
   541 000005CA 39 85 FFFFFC88                  	CMP	DWORD [-888+EBP],EAX
   542 000005D0 7E 06                           	JLE	L20
   543 000005D2 89 85 FFFFFC88                  	MOV	DWORD [-888+EBP],EAX
   544 000005D8                                 L20:
   545 000005D8 FF B5 FFFFFC88                  	PUSH	DWORD [-888+EBP]
   546 000005DE FF B5 FFFFFC8C                  	PUSH	DWORD [-884+EBP]
   547 000005E4 68 [00000063]                   	PUSH	LC2
   548 000005E9 53                              	PUSH	EBX
   549 000005EA E8 [00000000]                   	CALL	_sprintf
   550 000005EF 6A 0A                           	PUSH	10
   551 000005F1 53                              	PUSH	EBX
   552 000005F2 6A 0E                           	PUSH	14
   553 000005F4 6A 07                           	PUSH	7
   554 000005F6 6A 00                           	PUSH	0
   555 000005F8 6A 00                           	PUSH	0
   556 000005FA FF B5 FFFFFC78                  	PUSH	DWORD [-904+EBP]
   557 00000600 E8 00000320                     	CALL	_putfonts8_asc_sht
   558 00000605 83 C4 2C                        	ADD	ESP,44
   559 00000608 FF B5 FFFFFC88                  	PUSH	DWORD [-888+EBP]
   560 0000060E FF B5 FFFFFC8C                  	PUSH	DWORD [-884+EBP]
   561 00000614 FF B5 FFFFFC74                  	PUSH	DWORD [-908+EBP]
   562 0000061A E8 [00000000]                   	CALL	_sheet_slide
   563 0000061F 83 C4 0C                        	ADD	ESP,12
   564 00000622 F7 85 FFFFFDA0 00000001         	TEST	DWORD [-608+EBP],1
   565 0000062C 0F 84 FFFFFDF7                  	JE	L2
   566 00000632 8B 85 FFFFFC88                  	MOV	EAX,DWORD [-888+EBP]
   567 00000638 83 E8 08                        	SUB	EAX,8
   568 0000063B 50                              	PUSH	EAX
   569 0000063C 8B 85 FFFFFC8C                  	MOV	EAX,DWORD [-884+EBP]
   570 00000642 83 E8 50                        	SUB	EAX,80
   571 00000645 50                              	PUSH	EAX
   572 00000646 FF B5 FFFFFC70                  	PUSH	DWORD [-912+EBP]
   573 0000064C E8 [00000000]                   	CALL	_sheet_slide
   574 00000651 83 C4 0C                        	ADD	ESP,12
   575 00000654 E9 FFFFFDD0                     	JMP	L2
   576 00000659                                 L31:
   577 00000659 C7 85 FFFFFC88 00000000         	MOV	DWORD [-888+EBP],0
   578 00000663 E9 FFFFFF44                     	JMP	L18
   579 00000668                                 L30:
   580 00000668 C7 85 FFFFFC8C 00000000         	MOV	DWORD [-884+EBP],0
   581 00000672 E9 FFFFFF28                     	JMP	L17
   582 00000677                                 L28:
   583 00000677 50                              	PUSH	EAX
   584 00000678 8D 5D A4                        	LEA	EBX,DWORD [-92+EBP]
   585 0000067B 68 [00000096]                   	PUSH	LC4
   586 00000680 53                              	PUSH	EBX
   587 00000681 E8 [00000000]                   	CALL	_sprintf
   588 00000686 6A 02                           	PUSH	2
   589 00000688 53                              	PUSH	EBX
   590 00000689 6A 0E                           	PUSH	14
   591 0000068B 6A 07                           	PUSH	7
   592 0000068D 6A 10                           	PUSH	16
   593 0000068F 6A 00                           	PUSH	0
   594 00000691 FF B5 FFFFFC78                  	PUSH	DWORD [-904+EBP]
   595 00000697 E8 00000289                     	CALL	_putfonts8_asc_sht
   596 0000069C 83 C4 28                        	ADD	ESP,40
   597 0000069F 81 FF 00000153                  	CMP	EDI,339
   598 000006A5 7F 3E                           	JG	L8
   599 000006A7 8A 87 [FFFFFF00]                	MOV	AL,BYTE [_keytable.0-256+EDI]
   600 000006AD 84 C0                           	TEST	AL,AL
   601 000006AF 74 34                           	JE	L8
   602 000006B1 83 BD FFFFFC84 7F               	CMP	DWORD [-892+EBP],127
   603 000006B8 7F 2B                           	JG	L8
   604 000006BA 6A 01                           	PUSH	1
   605 000006BC 88 45 A4                        	MOV	BYTE [-92+EBP],AL
   606 000006BF 53                              	PUSH	EBX
   607 000006C0 6A 07                           	PUSH	7
   608 000006C2 6A 00                           	PUSH	0
   609 000006C4 6A 1C                           	PUSH	28
   610 000006C6 FF B5 FFFFFC84                  	PUSH	DWORD [-892+EBP]
   611 000006CC FF B5 FFFFFC70                  	PUSH	DWORD [-912+EBP]
   612 000006D2 C6 45 A5 00                     	MOV	BYTE [-91+EBP],0
   613 000006D6 E8 0000024A                     	CALL	_putfonts8_asc_sht
   614 000006DB 83 C4 1C                        	ADD	ESP,28
   615 000006DE 83 85 FFFFFC84 08               	ADD	DWORD [-892+EBP],8
   616 000006E5                                 L8:
   617 000006E5 81 FF 0000010E                  	CMP	EDI,270
   618 000006EB 74 4C                           	JE	L32
   619 000006ED                                 L10:
   620 000006ED 8B 85 FFFFFC84                  	MOV	EAX,DWORD [-892+EBP]
   621 000006F3 6A 2B                           	PUSH	43
   622 000006F5 83 C0 07                        	ADD	EAX,7
   623 000006F8 8B 9D FFFFFC70                  	MOV	EBX,DWORD [-912+EBP]
   624 000006FE 50                              	PUSH	EAX
   625 000006FF 6A 1C                           	PUSH	28
   626 00000701 FF B5 FFFFFC84                  	PUSH	DWORD [-892+EBP]
   627 00000707 FF B5 FFFFFC80                  	PUSH	DWORD [-896+EBP]
   628 0000070D FF 73 04                        	PUSH	DWORD [4+EBX]
   629 00000710 FF 33                           	PUSH	DWORD [EBX]
   630 00000712 E8 [00000000]                   	CALL	_boxfill8
   631 00000717 8B 85 FFFFFC84                  	MOV	EAX,DWORD [-892+EBP]
   632 0000071D 6A 2C                           	PUSH	44
   633 0000071F 83 C0 08                        	ADD	EAX,8
   634 00000722 50                              	PUSH	EAX
   635 00000723 6A 1C                           	PUSH	28
   636 00000725 FF B5 FFFFFC84                  	PUSH	DWORD [-892+EBP]
   637 0000072B 53                              	PUSH	EBX
   638 0000072C E8 [00000000]                   	CALL	_sheet_refresh
   639 00000731 83 C4 30                        	ADD	ESP,48
   640 00000734 E9 FFFFFCF0                     	JMP	L2
   641 00000739                                 L32:
   642 00000739 83 BD FFFFFC84 08               	CMP	DWORD [-892+EBP],8
   643 00000740 7E AB                           	JLE	L10
   644 00000742 6A 01                           	PUSH	1
   645 00000744 68 [0000009B]                   	PUSH	LC5
   646 00000749 6A 07                           	PUSH	7
   647 0000074B 6A 00                           	PUSH	0
   648 0000074D 6A 1C                           	PUSH	28
   649 0000074F FF B5 FFFFFC84                  	PUSH	DWORD [-892+EBP]
   650 00000755 FF B5 FFFFFC70                  	PUSH	DWORD [-912+EBP]
   651 0000075B E8 000001C5                     	CALL	_putfonts8_asc_sht
   652 00000760 83 C4 1C                        	ADD	ESP,28
   653 00000763 83 AD FFFFFC84 08               	SUB	DWORD [-892+EBP],8
   654 0000076A E9 FFFFFF7E                     	JMP	L10
   655 0000076F                                 L27:
   656 0000076F FF B5 FFFFFC6C                  	PUSH	DWORD [-916+EBP]
   657 00000775 E8 [00000000]                   	CALL	_task_sleep
   658 0000077A E8 [00000000]                   	CALL	_io_sti
   659 0000077F 5F                              	POP	EDI
   660 00000780 E9 FFFFFCA4                     	JMP	L2
   661                                          [SECTION .data]
   662 0000009D                                 _closebtn.1:
   663 0000009D 4F 4F 4F 4F 4F 4F 4F 4F 4F 4F   	DB	"OOOOOOOOOOOOOOO@"
       000000A7 4F 4F 4F 4F 4F 40 
   664 000000AD 4F 51 51 51 51 51 51 51 51 51   	DB	"OQQQQQQQQQQQQQ$@"
       000000B7 51 51 51 51 24 40 
   665 000000BD 4F 51 51 51 51 51 51 51 51 51   	DB	"OQQQQQQQQQQQQQ$@"
       000000C7 51 51 51 51 24 40 
   666 000000CD 4F 51 51 51 40 40 51 51 51 51   	DB	"OQQQ@@QQQQ@@QQ$@"
       000000D7 40 40 51 51 24 40 
   667 000000DD 4F 51 51 51 51 40 40 51 51 40   	DB	"OQQQQ@@QQ@@QQQ$@"
       000000E7 40 51 51 51 24 40 
   668 000000ED 4F 51 51 51 51 51 40 40 40 40   	DB	"OQQQQQ@@@@QQQQ$@"
       000000F7 51 51 51 51 24 40 
   669 000000FD 4F 51 51 51 51 51 51 40 40 51   	DB	"OQQQQQQ@@QQQQQ$@"
       00000107 51 51 51 51 24 40 
   670 0000010D 4F 51 51 51 51 51 40 40 40 40   	DB	"OQQQQQ@@@@QQQQ$@"
       00000117 51 51 51 51 24 40 
   671 0000011D 4F 51 51 51 51 40 40 51 51 40   	DB	"OQQQQ@@QQ@@QQQ$@"
       00000127 40 51 51 51 24 40 
   672 0000012D 4F 51 51 51 40 40 51 51 51 51   	DB	"OQQQ@@QQQQ@@QQ$@"
       00000137 40 40 51 51 24 40 
   673 0000013D 4F 51 51 51 51 51 51 51 51 51   	DB	"OQQQQQQQQQQQQQ$@"
       00000147 51 51 51 51 24 40 
   674 0000014D 4F 51 51 51 51 51 51 51 51 51   	DB	"OQQQQQQQQQQQQQ$@"
       00000157 51 51 51 51 24 40 
   675 0000015D 4F 24 24 24 24 24 24 24 24 24   	DB	"O$$$$$$$$$$$$$$@"
       00000167 24 24 24 24 24 40 
   676 0000016D 40 40 40 40 40 40 40 40 40 40   	DB	"@@@@@@@@@@@@@@@@"
       00000177 40 40 40 40 40 40 
   677                                          [SECTION .text]
   678 00000785                                 	GLOBAL	_make_window8
   679 00000785                                 _make_window8:
   680 00000785 55                              	PUSH	EBP
   681 00000786 89 E5                           	MOV	EBP,ESP
   682 00000788 57                              	PUSH	EDI
   683 00000789 56                              	PUSH	ESI
   684 0000078A 53                              	PUSH	EBX
   685 0000078B 83 EC 0C                        	SUB	ESP,12
   686 0000078E 80 7D 18 00                     	CMP	BYTE [24+EBP],0
   687 00000792 0F 84 00000180                  	JE	L34
   688 00000798 C6 45 EF 07                     	MOV	BYTE [-17+EBP],7
   689 0000079C C6 45 EE 0C                     	MOV	BYTE [-18+EBP],12
   690 000007A0                                 L35:
   691 000007A0 8B 45 0C                        	MOV	EAX,DWORD [12+EBP]
   692 000007A3 6A 00                           	PUSH	0
   693 000007A5 48                              	DEC	EAX
   694 000007A6 50                              	PUSH	EAX
   695 000007A7 89 45 E8                        	MOV	DWORD [-24+EBP],EAX
   696 000007AA 6A 00                           	PUSH	0
   697 000007AC 6A 00                           	PUSH	0
   698 000007AE 6A 08                           	PUSH	8
   699 000007B0 FF 75 0C                        	PUSH	DWORD [12+EBP]
   700 000007B3 FF 75 08                        	PUSH	DWORD [8+EBP]
   701 000007B6 E8 [00000000]                   	CALL	_boxfill8
   702 000007BB 8B 75 0C                        	MOV	ESI,DWORD [12+EBP]
   703 000007BE 6A 01                           	PUSH	1
   704 000007C0 83 EE 02                        	SUB	ESI,2
   705 000007C3 56                              	PUSH	ESI
   706 000007C4 6A 01                           	PUSH	1
   707 000007C6 6A 01                           	PUSH	1
   708 000007C8 6A 07                           	PUSH	7
   709 000007CA FF 75 0C                        	PUSH	DWORD [12+EBP]
   710 000007CD FF 75 08                        	PUSH	DWORD [8+EBP]
   711 000007D0 E8 [00000000]                   	CALL	_boxfill8
   712 000007D5 8B 7D 10                        	MOV	EDI,DWORD [16+EBP]
   713 000007D8 83 C4 38                        	ADD	ESP,56
   714 000007DB 4F                              	DEC	EDI
   715 000007DC 57                              	PUSH	EDI
   716 000007DD 6A 00                           	PUSH	0
   717 000007DF 6A 00                           	PUSH	0
   718 000007E1 6A 00                           	PUSH	0
   719 000007E3 6A 08                           	PUSH	8
   720 000007E5 FF 75 0C                        	PUSH	DWORD [12+EBP]
   721 000007E8 FF 75 08                        	PUSH	DWORD [8+EBP]
   722 000007EB E8 [00000000]                   	CALL	_boxfill8
   723 000007F0 8B 5D 10                        	MOV	EBX,DWORD [16+EBP]
   724 000007F3 83 EB 02                        	SUB	EBX,2
   725 000007F6 53                              	PUSH	EBX
   726 000007F7 6A 01                           	PUSH	1
   727 000007F9 6A 01                           	PUSH	1
   728 000007FB 6A 01                           	PUSH	1
   729 000007FD 6A 07                           	PUSH	7
   730 000007FF FF 75 0C                        	PUSH	DWORD [12+EBP]
   731 00000802 FF 75 08                        	PUSH	DWORD [8+EBP]
   732 00000805 E8 [00000000]                   	CALL	_boxfill8
   733 0000080A 83 C4 38                        	ADD	ESP,56
   734 0000080D 53                              	PUSH	EBX
   735 0000080E 56                              	PUSH	ESI
   736 0000080F 6A 01                           	PUSH	1
   737 00000811 56                              	PUSH	ESI
   738 00000812 6A 0F                           	PUSH	15
   739 00000814 FF 75 0C                        	PUSH	DWORD [12+EBP]
   740 00000817 FF 75 08                        	PUSH	DWORD [8+EBP]
   741 0000081A E8 [00000000]                   	CALL	_boxfill8
   742 0000081F 57                              	PUSH	EDI
   743 00000820 FF 75 E8                        	PUSH	DWORD [-24+EBP]
   744 00000823 6A 00                           	PUSH	0
   745 00000825 FF 75 E8                        	PUSH	DWORD [-24+EBP]
   746 00000828 6A 00                           	PUSH	0
   747 0000082A FF 75 0C                        	PUSH	DWORD [12+EBP]
   748 0000082D FF 75 08                        	PUSH	DWORD [8+EBP]
   749 00000830 E8 [00000000]                   	CALL	_boxfill8
   750 00000835 8B 45 10                        	MOV	EAX,DWORD [16+EBP]
   751 00000838 83 C4 38                        	ADD	ESP,56
   752 0000083B 83 E8 03                        	SUB	EAX,3
   753 0000083E 50                              	PUSH	EAX
   754 0000083F 8B 45 0C                        	MOV	EAX,DWORD [12+EBP]
   755 00000842 83 E8 03                        	SUB	EAX,3
   756 00000845 50                              	PUSH	EAX
   757 00000846 6A 02                           	PUSH	2
   758 00000848 6A 02                           	PUSH	2
   759 0000084A 6A 08                           	PUSH	8
   760 0000084C FF 75 0C                        	PUSH	DWORD [12+EBP]
   761 0000084F FF 75 08                        	PUSH	DWORD [8+EBP]
   762 00000852 E8 [00000000]                   	CALL	_boxfill8
   763 00000857 8B 45 0C                        	MOV	EAX,DWORD [12+EBP]
   764 0000085A 6A 14                           	PUSH	20
   765 0000085C 83 E8 04                        	SUB	EAX,4
   766 0000085F 50                              	PUSH	EAX
   767 00000860 6A 03                           	PUSH	3
   768 00000862 6A 03                           	PUSH	3
   769 00000864 0F B6 45 EE                     	MOVZX	EAX,BYTE [-18+EBP]
   770 00000868 50                              	PUSH	EAX
   771 00000869 FF 75 0C                        	PUSH	DWORD [12+EBP]
   772 0000086C FF 75 08                        	PUSH	DWORD [8+EBP]
   773 0000086F E8 [00000000]                   	CALL	_boxfill8
   774 00000874 83 C4 38                        	ADD	ESP,56
   775 00000877 53                              	PUSH	EBX
   776 00000878 56                              	PUSH	ESI
   777 00000879 53                              	PUSH	EBX
   778 0000087A 6A 01                           	PUSH	1
   779 0000087C 6A 0F                           	PUSH	15
   780 0000087E FF 75 0C                        	PUSH	DWORD [12+EBP]
   781 00000881 FF 75 08                        	PUSH	DWORD [8+EBP]
   782 00000884 E8 [00000000]                   	CALL	_boxfill8
   783 00000889 57                              	PUSH	EDI
   784 0000088A FF 75 E8                        	PUSH	DWORD [-24+EBP]
   785 0000088D 57                              	PUSH	EDI
   786 0000088E 31 FF                           	XOR	EDI,EDI
   787 00000890 6A 00                           	PUSH	0
   788 00000892 6A 00                           	PUSH	0
   789 00000894 FF 75 0C                        	PUSH	DWORD [12+EBP]
   790 00000897 FF 75 08                        	PUSH	DWORD [8+EBP]
   791 0000089A E8 [00000000]                   	CALL	_boxfill8
   792 0000089F 83 C4 38                        	ADD	ESP,56
   793 000008A2 FF 75 14                        	PUSH	DWORD [20+EBP]
   794 000008A5 0F BE 45 EF                     	MOVSX	EAX,BYTE [-17+EBP]
   795 000008A9 50                              	PUSH	EAX
   796 000008AA 6A 04                           	PUSH	4
   797 000008AC 6A 18                           	PUSH	24
   798 000008AE FF 75 0C                        	PUSH	DWORD [12+EBP]
   799 000008B1 FF 75 08                        	PUSH	DWORD [8+EBP]
   800 000008B4 E8 [00000000]                   	CALL	_putfonts8_asc
   801 000008B9 83 C4 18                        	ADD	ESP,24
   802 000008BC 6B 5D 0C 05                     	IMUL	EBX,DWORD [12+EBP],5
   803 000008C0 C7 45 F0 00000000               	MOV	DWORD [-16+EBP],0
   804 000008C7                                 L51:
   805 000008C7 8B 45 0C                        	MOV	EAX,DWORD [12+EBP]
   806 000008CA 8B 55 08                        	MOV	EDX,DWORD [8+EBP]
   807 000008CD 01 D8                           	ADD	EAX,EBX
   808 000008CF 31 F6                           	XOR	ESI,ESI
   809 000008D1 8D 4C 02 EB                     	LEA	ECX,DWORD [-21+EDX+EAX*1]
   810 000008D5                                 L50:
   811 000008D5 8A 94 3E [0000009D]             	MOV	DL,BYTE [_closebtn.1+ESI+EDI*1]
   812 000008DC 80 FA 40                        	CMP	DL,64
   813 000008DF 74 33                           	JE	L56
   814 000008E1 80 FA 24                        	CMP	DL,36
   815 000008E4 74 2A                           	JE	L57
   816 000008E6 80 FA 51                        	CMP	DL,81
   817 000008E9 B2 08                           	MOV	DL,8
   818 000008EB 0F 95 C0                        	SETNE	AL
   819 000008EE 28 C2                           	SUB	DL,AL
   820 000008F0                                 L45:
   821 000008F0 46                              	INC	ESI
   822 000008F1 88 11                           	MOV	BYTE [ECX],DL
   823 000008F3 41                              	INC	ECX
   824 000008F4 83 FE 0F                        	CMP	ESI,15
   825 000008F7 7E DC                           	JLE	L50
   826 000008F9 FF 45 F0                        	INC	DWORD [-16+EBP]
   827 000008FC 83 C7 10                        	ADD	EDI,16
   828 000008FF 03 5D 0C                        	ADD	EBX,DWORD [12+EBP]
   829 00000902 83 7D F0 0D                     	CMP	DWORD [-16+EBP],13
   830 00000906 7E BF                           	JLE	L51
   831 00000908 8D 65 F4                        	LEA	ESP,DWORD [-12+EBP]
   832 0000090B 5B                              	POP	EBX
   833 0000090C 5E                              	POP	ESI
   834 0000090D 5F                              	POP	EDI
   835 0000090E 5D                              	POP	EBP
   836 0000090F C3                              	RET
   837 00000910                                 L57:
   838 00000910 B2 0F                           	MOV	DL,15
   839 00000912 EB DC                           	JMP	L45
   840 00000914                                 L56:
   841 00000914 31 D2                           	XOR	EDX,EDX
   842 00000916 EB D8                           	JMP	L45
   843 00000918                                 L34:
   844 00000918 C6 45 EF 08                     	MOV	BYTE [-17+EBP],8
   845 0000091C C6 45 EE 0F                     	MOV	BYTE [-18+EBP],15
   846 00000920 E9 FFFFFE7B                     	JMP	L35
   847 00000925                                 	GLOBAL	_putfonts8_asc_sht
   848 00000925                                 _putfonts8_asc_sht:
   849 00000925 55                              	PUSH	EBP
   850 00000926 89 E5                           	MOV	EBP,ESP
   851 00000928 57                              	PUSH	EDI
   852 00000929 56                              	PUSH	ESI
   853 0000092A 53                              	PUSH	EBX
   854 0000092B 83 EC 0C                        	SUB	ESP,12
   855 0000092E 8B 45 08                        	MOV	EAX,DWORD [8+EBP]
   856 00000931 8B 7D 10                        	MOV	EDI,DWORD [16+EBP]
   857 00000934 89 45 F0                        	MOV	DWORD [-16+EBP],EAX
   858 00000937 8B 5D 14                        	MOV	EBX,DWORD [20+EBP]
   859 0000093A 8B 45 0C                        	MOV	EAX,DWORD [12+EBP]
   860 0000093D 89 45 EC                        	MOV	DWORD [-20+EBP],EAX
   861 00000940 8B 45 1C                        	MOV	EAX,DWORD [28+EBP]
   862 00000943 89 45 E8                        	MOV	DWORD [-24+EBP],EAX
   863 00000946 8D 47 0F                        	LEA	EAX,DWORD [15+EDI]
   864 00000949 50                              	PUSH	EAX
   865 0000094A 8B 45 EC                        	MOV	EAX,DWORD [-20+EBP]
   866 0000094D 8B 75 20                        	MOV	ESI,DWORD [32+EBP]
   867 00000950 0F BE DB                        	MOVSX	EBX,BL
   868 00000953 8D 34 F0                        	LEA	ESI,DWORD [EAX+ESI*8]
   869 00000956 8D 46 FF                        	LEA	EAX,DWORD [-1+ESI]
   870 00000959 50                              	PUSH	EAX
   871 0000095A 57                              	PUSH	EDI
   872 0000095B FF 75 EC                        	PUSH	DWORD [-20+EBP]
   873 0000095E 0F B6 45 18                     	MOVZX	EAX,BYTE [24+EBP]
   874 00000962 50                              	PUSH	EAX
   875 00000963 8B 45 F0                        	MOV	EAX,DWORD [-16+EBP]
   876 00000966 FF 70 04                        	PUSH	DWORD [4+EAX]
   877 00000969 FF 30                           	PUSH	DWORD [EAX]
   878 0000096B E8 [00000000]                   	CALL	_boxfill8
   879 00000970 FF 75 E8                        	PUSH	DWORD [-24+EBP]
   880 00000973 53                              	PUSH	EBX
   881 00000974 57                              	PUSH	EDI
   882 00000975 FF 75 EC                        	PUSH	DWORD [-20+EBP]
   883 00000978 8B 45 F0                        	MOV	EAX,DWORD [-16+EBP]
   884 0000097B FF 70 04                        	PUSH	DWORD [4+EAX]
   885 0000097E FF 30                           	PUSH	DWORD [EAX]
   886 00000980 E8 [00000000]                   	CALL	_putfonts8_asc
   887 00000985 89 7D 10                        	MOV	DWORD [16+EBP],EDI
   888 00000988 8D 47 10                        	LEA	EAX,DWORD [16+EDI]
   889 0000098B 89 75 14                        	MOV	DWORD [20+EBP],ESI
   890 0000098E 89 45 18                        	MOV	DWORD [24+EBP],EAX
   891 00000991 83 C4 34                        	ADD	ESP,52
   892 00000994 8B 45 EC                        	MOV	EAX,DWORD [-20+EBP]
   893 00000997 89 45 0C                        	MOV	DWORD [12+EBP],EAX
   894 0000099A 8B 45 F0                        	MOV	EAX,DWORD [-16+EBP]
   895 0000099D 89 45 08                        	MOV	DWORD [8+EBP],EAX
   896 000009A0 8D 65 F4                        	LEA	ESP,DWORD [-12+EBP]
   897 000009A3 5B                              	POP	EBX
   898 000009A4 5E                              	POP	ESI
   899 000009A5 5F                              	POP	EDI
   900 000009A6 5D                              	POP	EBP
   901 000009A7 E9 [00000000]                   	JMP	_sheet_refresh
   902 000009AC                                 	GLOBAL	_make_textbox8
   903 000009AC                                 _make_textbox8:
   904 000009AC 55                              	PUSH	EBP
   905 000009AD 89 E5                           	MOV	EBP,ESP
   906 000009AF 57                              	PUSH	EDI
   907 000009B0 56                              	PUSH	ESI
   908 000009B1 53                              	PUSH	EBX
   909 000009B2 83 EC 14                        	SUB	ESP,20
   910 000009B5 8B 45 0C                        	MOV	EAX,DWORD [12+EBP]
   911 000009B8 8B 75 10                        	MOV	ESI,DWORD [16+EBP]
   912 000009BB 03 45 14                        	ADD	EAX,DWORD [20+EBP]
   913 000009BE 83 EE 03                        	SUB	ESI,3
   914 000009C1 56                              	PUSH	ESI
   915 000009C2 89 45 F0                        	MOV	DWORD [-16+EBP],EAX
   916 000009C5 8B 45 10                        	MOV	EAX,DWORD [16+EBP]
   917 000009C8 03 45 18                        	ADD	EAX,DWORD [24+EBP]
   918 000009CB 89 45 EC                        	MOV	DWORD [-20+EBP],EAX
   919 000009CE 8B 45 F0                        	MOV	EAX,DWORD [-16+EBP]
   920 000009D1 40                              	INC	EAX
   921 000009D2 50                              	PUSH	EAX
   922 000009D3 89 45 E8                        	MOV	DWORD [-24+EBP],EAX
   923 000009D6 8B 45 0C                        	MOV	EAX,DWORD [12+EBP]
   924 000009D9 56                              	PUSH	ESI
   925 000009DA 83 E8 02                        	SUB	EAX,2
   926 000009DD 50                              	PUSH	EAX
   927 000009DE 89 45 E4                        	MOV	DWORD [-28+EBP],EAX
   928 000009E1 8B 45 08                        	MOV	EAX,DWORD [8+EBP]
   929 000009E4 6A 0F                           	PUSH	15
   930 000009E6 FF 70 04                        	PUSH	DWORD [4+EAX]
   931 000009E9 FF 30                           	PUSH	DWORD [EAX]
   932 000009EB E8 [00000000]                   	CALL	_boxfill8
   933 000009F0 8B 7D 0C                        	MOV	EDI,DWORD [12+EBP]
   934 000009F3 8B 45 EC                        	MOV	EAX,DWORD [-20+EBP]
   935 000009F6 83 EF 03                        	SUB	EDI,3
   936 000009F9 40                              	INC	EAX
   937 000009FA 50                              	PUSH	EAX
   938 000009FB 89 45 E0                        	MOV	DWORD [-32+EBP],EAX
   939 000009FE 57                              	PUSH	EDI
   940 000009FF 8B 45 08                        	MOV	EAX,DWORD [8+EBP]
   941 00000A02 56                              	PUSH	ESI
   942 00000A03 57                              	PUSH	EDI
   943 00000A04 6A 0F                           	PUSH	15
   944 00000A06 FF 70 04                        	PUSH	DWORD [4+EAX]
   945 00000A09 FF 30                           	PUSH	DWORD [EAX]
   946 00000A0B E8 [00000000]                   	CALL	_boxfill8
   947 00000A10 8B 45 08                        	MOV	EAX,DWORD [8+EBP]
   948 00000A13 83 C4 38                        	ADD	ESP,56
   949 00000A16 8B 5D EC                        	MOV	EBX,DWORD [-20+EBP]
   950 00000A19 83 C3 02                        	ADD	EBX,2
   951 00000A1C 53                              	PUSH	EBX
   952 00000A1D FF 75 E8                        	PUSH	DWORD [-24+EBP]
   953 00000A20 53                              	PUSH	EBX
   954 00000A21 57                              	PUSH	EDI
   955 00000A22 6A 07                           	PUSH	7
   956 00000A24 FF 70 04                        	PUSH	DWORD [4+EAX]
   957 00000A27 FF 30                           	PUSH	DWORD [EAX]
   958 00000A29 E8 [00000000]                   	CALL	_boxfill8
   959 00000A2E 8B 45 F0                        	MOV	EAX,DWORD [-16+EBP]
   960 00000A31 53                              	PUSH	EBX
   961 00000A32 83 C0 02                        	ADD	EAX,2
   962 00000A35 50                              	PUSH	EAX
   963 00000A36 56                              	PUSH	ESI
   964 00000A37 50                              	PUSH	EAX
   965 00000A38 8B 45 08                        	MOV	EAX,DWORD [8+EBP]
   966 00000A3B 6A 07                           	PUSH	7
   967 00000A3D FF 70 04                        	PUSH	DWORD [4+EAX]
   968 00000A40 FF 30                           	PUSH	DWORD [EAX]
   969 00000A42 E8 [00000000]                   	CALL	_boxfill8
   970 00000A47 8B 45 08                        	MOV	EAX,DWORD [8+EBP]
   971 00000A4A 83 C4 38                        	ADD	ESP,56
   972 00000A4D 8B 5D 10                        	MOV	EBX,DWORD [16+EBP]
   973 00000A50 83 EB 02                        	SUB	EBX,2
   974 00000A53 8B 7D 0C                        	MOV	EDI,DWORD [12+EBP]
   975 00000A56 53                              	PUSH	EBX
   976 00000A57 4F                              	DEC	EDI
   977 00000A58 FF 75 F0                        	PUSH	DWORD [-16+EBP]
   978 00000A5B 53                              	PUSH	EBX
   979 00000A5C 57                              	PUSH	EDI
   980 00000A5D 6A 00                           	PUSH	0
   981 00000A5F FF 70 04                        	PUSH	DWORD [4+EAX]
   982 00000A62 FF 30                           	PUSH	DWORD [EAX]
   983 00000A64 E8 [00000000]                   	CALL	_boxfill8
   984 00000A69 8B 45 08                        	MOV	EAX,DWORD [8+EBP]
   985 00000A6C FF 75 EC                        	PUSH	DWORD [-20+EBP]
   986 00000A6F FF 75 E4                        	PUSH	DWORD [-28+EBP]
   987 00000A72 53                              	PUSH	EBX
   988 00000A73 FF 75 E4                        	PUSH	DWORD [-28+EBP]
   989 00000A76 6A 00                           	PUSH	0
   990 00000A78 FF 70 04                        	PUSH	DWORD [4+EAX]
   991 00000A7B FF 30                           	PUSH	DWORD [EAX]
   992 00000A7D E8 [00000000]                   	CALL	_boxfill8
   993 00000A82 8B 45 08                        	MOV	EAX,DWORD [8+EBP]
   994 00000A85 83 C4 38                        	ADD	ESP,56
   995 00000A88 FF 75 E0                        	PUSH	DWORD [-32+EBP]
   996 00000A8B FF 75 F0                        	PUSH	DWORD [-16+EBP]
   997 00000A8E FF 75 E0                        	PUSH	DWORD [-32+EBP]
   998 00000A91 FF 75 E4                        	PUSH	DWORD [-28+EBP]
   999 00000A94 6A 08                           	PUSH	8
  1000 00000A96 FF 70 04                        	PUSH	DWORD [4+EAX]
  1001 00000A99 FF 30                           	PUSH	DWORD [EAX]
  1002 00000A9B E8 [00000000]                   	CALL	_boxfill8
  1003 00000AA0 8B 45 08                        	MOV	EAX,DWORD [8+EBP]
  1004 00000AA3 FF 75 E0                        	PUSH	DWORD [-32+EBP]
  1005 00000AA6 FF 75 E8                        	PUSH	DWORD [-24+EBP]
  1006 00000AA9 53                              	PUSH	EBX
  1007 00000AAA FF 75 E8                        	PUSH	DWORD [-24+EBP]
  1008 00000AAD 6A 08                           	PUSH	8
  1009 00000AAF FF 70 04                        	PUSH	DWORD [4+EAX]
  1010 00000AB2 FF 30                           	PUSH	DWORD [EAX]
  1011 00000AB4 E8 [00000000]                   	CALL	_boxfill8
  1012 00000AB9 8B 45 10                        	MOV	EAX,DWORD [16+EBP]
  1013 00000ABC 83 C4 38                        	ADD	ESP,56
  1014 00000ABF 48                              	DEC	EAX
  1015 00000AC0 FF 75 EC                        	PUSH	DWORD [-20+EBP]
  1016 00000AC3 FF 75 F0                        	PUSH	DWORD [-16+EBP]
  1017 00000AC6 50                              	PUSH	EAX
  1018 00000AC7 57                              	PUSH	EDI
  1019 00000AC8 0F B6 45 1C                     	MOVZX	EAX,BYTE [28+EBP]
  1020 00000ACC 50                              	PUSH	EAX
  1021 00000ACD 8B 45 08                        	MOV	EAX,DWORD [8+EBP]
  1022 00000AD0 FF 70 04                        	PUSH	DWORD [4+EAX]
  1023 00000AD3 FF 30                           	PUSH	DWORD [EAX]
  1024 00000AD5 E8 [00000000]                   	CALL	_boxfill8
  1025 00000ADA 8D 65 F4                        	LEA	ESP,DWORD [-12+EBP]
  1026 00000ADD 5B                              	POP	EBX
  1027 00000ADE 5E                              	POP	ESI
  1028 00000ADF 5F                              	POP	EDI
  1029 00000AE0 5D                              	POP	EBP
  1030 00000AE1 C3                              	RET
  1031 00000AE2                                 	GLOBAL	_console_task
  1032 00000AE2                                 _console_task:
  1033 00000AE2 55                              	PUSH	EBP
  1034 00000AE3 89 E5                           	MOV	EBP,ESP
  1035 00000AE5 57                              	PUSH	EDI
  1036 00000AE6 56                              	PUSH	ESI
  1037 00000AE7 53                              	PUSH	EBX
  1038 00000AE8 8D 5D D4                        	LEA	EBX,DWORD [-44+EBP]
  1039 00000AEB 81 EC 00000224                  	SUB	ESP,548
  1040 00000AF1 E8 [00000000]                   	CALL	_task_now
  1041 00000AF6 50                              	PUSH	EAX
  1042 00000AF7 89 85 FFFFFDD0                  	MOV	DWORD [-560+EBP],EAX
  1043 00000AFD 8D 85 FFFFFDD4                  	LEA	EAX,DWORD [-556+EBP]
  1044 00000B03 50                              	PUSH	EAX
  1045 00000B04 68 00000080                     	PUSH	128
  1046 00000B09 53                              	PUSH	EBX
  1047 00000B0A E8 [00000000]                   	CALL	_fifo32_init
  1048 00000B0F E8 [00000000]                   	CALL	_timer_alloc
  1049 00000B14 6A 01                           	PUSH	1
  1050 00000B16 53                              	PUSH	EBX
  1051 00000B17 89 C7                           	MOV	EDI,EAX
  1052 00000B19 50                              	PUSH	EAX
  1053 00000B1A E8 [00000000]                   	CALL	_timer_init
  1054 00000B1F 6A 32                           	PUSH	50
  1055 00000B21 57                              	PUSH	EDI
  1056 00000B22 E8 [00000000]                   	CALL	_timer_settime
  1057 00000B27 83 C4 24                        	ADD	ESP,36
  1058 00000B2A                                 L61:
  1059 00000B2A 8D 75 D4                        	LEA	ESI,DWORD [-44+EBP]
  1060 00000B2D E8 [00000000]                   	CALL	_io_cli
  1061 00000B32 56                              	PUSH	ESI
  1062 00000B33 E8 [00000000]                   	CALL	_fifo32_status
  1063 00000B38 5A                              	POP	EDX
  1064 00000B39 85 C0                           	TEST	EAX,EAX
  1065 00000B3B 74 6B                           	JE	L70
  1066 00000B3D 56                              	PUSH	ESI
  1067 00000B3E E8 [00000000]                   	CALL	_fifo32_get
  1068 00000B43 89 C3                           	MOV	EBX,EAX
  1069 00000B45 E8 [00000000]                   	CALL	_io_sti
  1070 00000B4A 59                              	POP	ECX
  1071 00000B4B 83 FB 01                        	CMP	EBX,1
  1072 00000B4E 74 DA                           	JE	L61
  1073 00000B50 85 DB                           	TEST	EBX,EBX
  1074 00000B52 74 47                           	JE	L67
  1075 00000B54 6A 00                           	PUSH	0
  1076 00000B56 BB 00000007                     	MOV	EBX,7
  1077 00000B5B 56                              	PUSH	ESI
  1078 00000B5C 57                              	PUSH	EDI
  1079 00000B5D E8 [00000000]                   	CALL	_timer_init
  1080 00000B62                                 L69:
  1081 00000B62 83 C4 0C                        	ADD	ESP,12
  1082 00000B65 6A 32                           	PUSH	50
  1083 00000B67 57                              	PUSH	EDI
  1084 00000B68 E8 [00000000]                   	CALL	_timer_settime
  1085 00000B6D 8B 45 08                        	MOV	EAX,DWORD [8+EBP]
  1086 00000B70 6A 2B                           	PUSH	43
  1087 00000B72 6A 0F                           	PUSH	15
  1088 00000B74 6A 1C                           	PUSH	28
  1089 00000B76 6A 08                           	PUSH	8
  1090 00000B78 53                              	PUSH	EBX
  1091 00000B79 FF 70 04                        	PUSH	DWORD [4+EAX]
  1092 00000B7C FF 30                           	PUSH	DWORD [EAX]
  1093 00000B7E E8 [00000000]                   	CALL	_boxfill8
  1094 00000B83 83 C4 24                        	ADD	ESP,36
  1095 00000B86 6A 2C                           	PUSH	44
  1096 00000B88 6A 10                           	PUSH	16
  1097 00000B8A 6A 1C                           	PUSH	28
  1098 00000B8C 6A 08                           	PUSH	8
  1099 00000B8E FF 75 08                        	PUSH	DWORD [8+EBP]
  1100 00000B91 E8 [00000000]                   	CALL	_sheet_refresh
  1101 00000B96 83 C4 14                        	ADD	ESP,20
  1102 00000B99 EB 8F                           	JMP	L61
  1103 00000B9B                                 L67:
  1104 00000B9B 6A 01                           	PUSH	1
  1105 00000B9D 31 DB                           	XOR	EBX,EBX
  1106 00000B9F 56                              	PUSH	ESI
  1107 00000BA0 57                              	PUSH	EDI
  1108 00000BA1 E8 [00000000]                   	CALL	_timer_init
  1109 00000BA6 EB BA                           	JMP	L69
  1110 00000BA8                                 L70:
  1111 00000BA8 FF B5 FFFFFDD0                  	PUSH	DWORD [-560+EBP]
  1112 00000BAE E8 [00000000]                   	CALL	_task_sleep
  1113 00000BB3 E8 [00000000]                   	CALL	_io_sti
  1114 00000BB8 5B                              	POP	EBX
  1115 00000BB9 E9 FFFFFF6C                     	JMP	L61
