     1 00000000                                 [FORMAT "WCOFF"]
     2 00000000                                 [INSTRSET "i486p"]
     3 00000000                                 [OPTIMIZE 1]
     4 00000000                                 [OPTION 1]
     5 00000000                                 [BITS 32]
     6 00000000                                 	EXTERN	_init_gdtidt
     7 00000000                                 	EXTERN	_init_pic
     8 00000000                                 	EXTERN	_io_sti
     9 00000000                                 	EXTERN	_fifo32_init
    10 00000000                                 	EXTERN	_init_pit
    11 00000000                                 	EXTERN	_init_keyboard
    12 00000000                                 	EXTERN	_enable_mouse
    13 00000000                                 	EXTERN	_io_out8
    14 00000000                                 	EXTERN	_memtest
    15 00000000                                 	EXTERN	_memman_init
    16 00000000                                 	EXTERN	_memman_free
    17 00000000                                 	EXTERN	_init_palette
    18 00000000                                 	EXTERN	_shtctl_init
    19 00000000                                 	EXTERN	_task_init
    20 00000000                                 	EXTERN	_task_run
    21 00000000                                 	EXTERN	_sheet_alloc
    22 00000000                                 	EXTERN	_memman_alloc_4k
    23 00000000                                 	EXTERN	_sheet_setbuf
    24 00000000                                 	EXTERN	_init_screen8
    25 00000000                                 	EXTERN	_task_alloc
    26 00000000                                 	EXTERN	_timer_alloc
    27 00000000                                 	EXTERN	_timer_init
    28 00000000                                 	EXTERN	_timer_settime
    29 00000000                                 	EXTERN	_init_mouse_cursor8
    30 00000000                                 	EXTERN	_sheet_slide
    31 00000000                                 	EXTERN	_sheet_updown
    32 00000000                                 	EXTERN	_sprintf
    33 00000000                                 	EXTERN	_memman_total
    34 00000000                                 	EXTERN	_io_cli
    35 00000000                                 	EXTERN	_fifo32_status
    36 00000000                                 	EXTERN	_fifo32_get
    37 00000000                                 	EXTERN	_boxfill8
    38 00000000                                 	EXTERN	_sheet_refresh
    39 00000000                                 	EXTERN	_mouse_decode
    40 00000000                                 	EXTERN	_keytable.0
    41 00000000                                 	EXTERN	_task_sleep
    42 00000000                                 	EXTERN	_putfonts8_asc
    43 00000000                                 	EXTERN	_task_now
    44 00000000                                 [FILE "bootpack.c"]
    45                                          [SECTION .data]
    46 00000000                                 _keytable.0:
    47 00000000 00                              	DB	0
    48 00000001 00                              	DB	0
    49 00000002 31                              	DB	49
    50 00000003 32                              	DB	50
    51 00000004 33                              	DB	51
    52 00000005 34                              	DB	52
    53 00000006 35                              	DB	53
    54 00000007 36                              	DB	54
    55 00000008 37                              	DB	55
    56 00000009 38                              	DB	56
    57 0000000A 39                              	DB	57
    58 0000000B 30                              	DB	48
    59 0000000C 2D                              	DB	45
    60 0000000D 5E                              	DB	94
    61 0000000E 00                              	DB	0
    62 0000000F 00                              	DB	0
    63 00000010 51                              	DB	81
    64 00000011 57                              	DB	87
    65 00000012 45                              	DB	69
    66 00000013 52                              	DB	82
    67 00000014 54                              	DB	84
    68 00000015 59                              	DB	89
    69 00000016 55                              	DB	85
    70 00000017 49                              	DB	73
    71 00000018 4F                              	DB	79
    72 00000019 50                              	DB	80
    73 0000001A 40                              	DB	64
    74 0000001B 5B                              	DB	91
    75 0000001C 00                              	DB	0
    76 0000001D 00                              	DB	0
    77 0000001E 41                              	DB	65
    78 0000001F 53                              	DB	83
    79 00000020 44                              	DB	68
    80 00000021 46                              	DB	70
    81 00000022 47                              	DB	71
    82 00000023 48                              	DB	72
    83 00000024 4A                              	DB	74
    84 00000025 4B                              	DB	75
    85 00000026 4C                              	DB	76
    86 00000027 3B                              	DB	59
    87 00000028 3A                              	DB	58
    88 00000029 00                              	DB	0
    89 0000002A 00                              	DB	0
    90 0000002B 5D                              	DB	93
    91 0000002C 5A                              	DB	90
    92 0000002D 58                              	DB	88
    93 0000002E 43                              	DB	67
    94 0000002F 56                              	DB	86
    95 00000030 42                              	DB	66
    96 00000031 4E                              	DB	78
    97 00000032 4D                              	DB	77
    98 00000033 2C                              	DB	44
    99 00000034 2E                              	DB	46
   100 00000035 2F                              	DB	47
   101 00000036 00                              	DB	0
   102 00000037 2A                              	DB	42
   103 00000038 00                              	DB	0
   104 00000039 20                              	DB	32
   105 0000003A 00                              	DB	0
   106 0000003B 00                              	DB	0
   107 0000003C 00                              	DB	0
   108 0000003D 00                              	DB	0
   109 0000003E 00                              	DB	0
   110 0000003F 00                              	DB	0
   111 00000040 00                              	DB	0
   112 00000041 00                              	DB	0
   113 00000042 00                              	DB	0
   114 00000043 00                              	DB	0
   115 00000044 00                              	DB	0
   116 00000045 00                              	DB	0
   117 00000046 00                              	DB	0
   118 00000047 37                              	DB	55
   119 00000048 38                              	DB	56
   120 00000049 39                              	DB	57
   121 0000004A 2D                              	DB	45
   122 0000004B 34                              	DB	52
   123 0000004C 35                              	DB	53
   124 0000004D 36                              	DB	54
   125 0000004E 2B                              	DB	43
   126 0000004F 31                              	DB	49
   127 00000050 32                              	DB	50
   128 00000051 33                              	DB	51
   129 00000052 30                              	DB	48
   130 00000053 2E                              	DB	46
   131 00000054                                 LC0:
   132 00000054 63 6F 6E 73 6F 6C 65 00         	DB	"console",0x00
   133 0000005C                                 LC1:
   134 0000005C 74 61 73 6B 5F 61 00            	DB	"task_a",0x00
   135 00000063                                 LC2:
   136 00000063 28 25 33 64 2C 20 25 33 64 29   	DB	"(%3d, %3d)",0x00
       0000006D 00 
   137 0000006E                                 LC3:
   138 0000006E 6D 65 6D 6F 72 79 20 25 64 4D   	DB	"memory %dMB   free : %dKB",0x00
       00000078 42 20 20 20 66 72 65 65 20 3A 
       00000082 20 25 64 4B 42 00 
   139 00000088                                 LC6:
   140 00000088 5B 6C 63 72 20 25 34 64 20 25   	DB	"[lcr %4d %4d]",0x00
       00000092 34 64 5D 00 
   141 00000096                                 LC4:
   142 00000096 25 30 32 58 00                  	DB	"%02X",0x00
   143 0000009B                                 LC5:
   144 0000009B 20 00                           	DB	" ",0x00
   145                                          [SECTION .text]
   146 00000000                                 	GLOBAL	_HariMain
   147 00000000                                 _HariMain:
   148 00000000 55                              	PUSH	EBP
   149 00000001 89 E5                           	MOV	EBP,ESP
   150 00000003 57                              	PUSH	EDI
   151 00000004 56                              	PUSH	ESI
   152 00000005 53                              	PUSH	EBX
   153 00000006 8D 5D D4                        	LEA	EBX,DWORD [-44+EBP]
   154 00000009 81 EC 000003A0                  	SUB	ESP,928
   155 0000000F C7 85 FFFFFC5C 00000000         	MOV	DWORD [-932+EBP],0
   156 00000019 E8 [00000000]                   	CALL	_init_gdtidt
   157 0000001E E8 [00000000]                   	CALL	_init_pic
   158 00000023 E8 [00000000]                   	CALL	_io_sti
   159 00000028 8D 85 FFFFFDA4                  	LEA	EAX,DWORD [-604+EBP]
   160 0000002E 6A 00                           	PUSH	0
   161 00000030 50                              	PUSH	EAX
   162 00000031 8D 45 D4                        	LEA	EAX,DWORD [-44+EBP]
   163 00000034 68 00000080                     	PUSH	128
   164 00000039 50                              	PUSH	EAX
   165 0000003A E8 [00000000]                   	CALL	_fifo32_init
   166 0000003F E8 [00000000]                   	CALL	_init_pit
   167 00000044 8D 55 D4                        	LEA	EDX,DWORD [-44+EBP]
   168 00000047 68 00000100                     	PUSH	256
   169 0000004C 52                              	PUSH	EDX
   170 0000004D E8 [00000000]                   	CALL	_init_keyboard
   171 00000052 8D 85 FFFFFD94                  	LEA	EAX,DWORD [-620+EBP]
   172 00000058 50                              	PUSH	EAX
   173 00000059 68 00000200                     	PUSH	512
   174 0000005E 53                              	PUSH	EBX
   175 0000005F E8 [00000000]                   	CALL	_enable_mouse
   176 00000064 83 C4 24                        	ADD	ESP,36
   177 00000067 68 000000F8                     	PUSH	248
   178 0000006C 6A 21                           	PUSH	33
   179 0000006E E8 [00000000]                   	CALL	_io_out8
   180 00000073 68 000000EF                     	PUSH	239
   181 00000078 68 000000A1                     	PUSH	161
   182 0000007D E8 [00000000]                   	CALL	_io_out8
   183 00000082 68 BFFFFFFF                     	PUSH	-1073741825
   184 00000087 68 00400000                     	PUSH	4194304
   185 0000008C E8 [00000000]                   	CALL	_memtest
   186 00000091 68 003C0000                     	PUSH	3932160
   187 00000096 89 85 FFFFFC7C                  	MOV	DWORD [-900+EBP],EAX
   188 0000009C E8 [00000000]                   	CALL	_memman_init
   189 000000A1 68 0009E000                     	PUSH	647168
   190 000000A6 68 00001000                     	PUSH	4096
   191 000000AB 68 003C0000                     	PUSH	3932160
   192 000000B0 E8 [00000000]                   	CALL	_memman_free
   193 000000B5 8B 85 FFFFFC7C                  	MOV	EAX,DWORD [-900+EBP]
   194 000000BB 83 C4 28                        	ADD	ESP,40
   195 000000BE 2D 00400000                     	SUB	EAX,4194304
   196 000000C3 50                              	PUSH	EAX
   197 000000C4 68 00400000                     	PUSH	4194304
   198 000000C9 68 003C0000                     	PUSH	3932160
   199 000000CE E8 [00000000]                   	CALL	_memman_free
   200 000000D3 E8 [00000000]                   	CALL	_init_palette
   201 000000D8 0F BF 05 00000FF6               	MOVSX	EAX,WORD [4086]
   202 000000DF 50                              	PUSH	EAX
   203 000000E0 0F BF 05 00000FF4               	MOVSX	EAX,WORD [4084]
   204 000000E7 50                              	PUSH	EAX
   205 000000E8 FF 35 00000FF8                  	PUSH	DWORD [4088]
   206 000000EE 68 003C0000                     	PUSH	3932160
   207 000000F3 E8 [00000000]                   	CALL	_shtctl_init
   208 000000F8 68 003C0000                     	PUSH	3932160
   209 000000FD 89 85 FFFFFC90                  	MOV	DWORD [-880+EBP],EAX
   210 00000103 E8 [00000000]                   	CALL	_task_init
   211 00000108 83 C4 20                        	ADD	ESP,32
   212 0000010B 89 85 FFFFFC64                  	MOV	DWORD [-924+EBP],EAX
   213 00000111 89 45 EC                        	MOV	DWORD [-20+EBP],EAX
   214 00000114 6A 02                           	PUSH	2
   215 00000116 6A 01                           	PUSH	1
   216 00000118 50                              	PUSH	EAX
   217 00000119 E8 [00000000]                   	CALL	_task_run
   218 0000011E FF B5 FFFFFC90                  	PUSH	DWORD [-880+EBP]
   219 00000124 E8 [00000000]                   	CALL	_sheet_alloc
   220 00000129 0F BF 15 00000FF6               	MOVSX	EDX,WORD [4086]
   221 00000130 89 85 FFFFFC70                  	MOV	DWORD [-912+EBP],EAX
   222 00000136 0F BF 05 00000FF4               	MOVSX	EAX,WORD [4084]
   223 0000013D 0F AF C2                        	IMUL	EAX,EDX
   224 00000140 50                              	PUSH	EAX
   225 00000141 68 003C0000                     	PUSH	3932160
   226 00000146 E8 [00000000]                   	CALL	_memman_alloc_4k
   227 0000014B 6A FF                           	PUSH	-1
   228 0000014D 89 C3                           	MOV	EBX,EAX
   229 0000014F 0F BF 05 00000FF6               	MOVSX	EAX,WORD [4086]
   230 00000156 50                              	PUSH	EAX
   231 00000157 0F BF 05 00000FF4               	MOVSX	EAX,WORD [4084]
   232 0000015E 50                              	PUSH	EAX
   233 0000015F 53                              	PUSH	EBX
   234 00000160 FF B5 FFFFFC70                  	PUSH	DWORD [-912+EBP]
   235 00000166 E8 [00000000]                   	CALL	_sheet_setbuf
   236 0000016B 83 C4 2C                        	ADD	ESP,44
   237 0000016E 0F BF 05 00000FF6               	MOVSX	EAX,WORD [4086]
   238 00000175 50                              	PUSH	EAX
   239 00000176 0F BF 05 00000FF4               	MOVSX	EAX,WORD [4084]
   240 0000017D 50                              	PUSH	EAX
   241 0000017E 53                              	PUSH	EBX
   242 0000017F E8 [00000000]                   	CALL	_init_screen8
   243 00000184 FF B5 FFFFFC90                  	PUSH	DWORD [-880+EBP]
   244 0000018A E8 [00000000]                   	CALL	_sheet_alloc
   245 0000018F 68 0000A500                     	PUSH	42240
   246 00000194 68 003C0000                     	PUSH	3932160
   247 00000199 89 85 FFFFFC68                  	MOV	DWORD [-920+EBP],EAX
   248 0000019F E8 [00000000]                   	CALL	_memman_alloc_4k
   249 000001A4 6A FF                           	PUSH	-1
   250 000001A6 68 000000A5                     	PUSH	165
   251 000001AB 89 85 FFFFFC74                  	MOV	DWORD [-908+EBP],EAX
   252 000001B1 68 00000100                     	PUSH	256
   253 000001B6 50                              	PUSH	EAX
   254 000001B7 FF B5 FFFFFC68                  	PUSH	DWORD [-920+EBP]
   255 000001BD E8 [00000000]                   	CALL	_sheet_setbuf
   256 000001C2 83 C4 2C                        	ADD	ESP,44
   257 000001C5 6A 00                           	PUSH	0
   258 000001C7 68 [00000054]                   	PUSH	LC0
   259 000001CC 68 000000A5                     	PUSH	165
   260 000001D1 68 00000100                     	PUSH	256
   261 000001D6 FF B5 FFFFFC74                  	PUSH	DWORD [-908+EBP]
   262 000001DC E8 0000065E                     	CALL	_make_window8
   263 000001E1 6A 00                           	PUSH	0
   264 000001E3 68 00000080                     	PUSH	128
   265 000001E8 68 000000F0                     	PUSH	240
   266 000001ED 6A 1C                           	PUSH	28
   267 000001EF 6A 08                           	PUSH	8
   268 000001F1 FF B5 FFFFFC68                  	PUSH	DWORD [-920+EBP]
   269 000001F7 E8 0000086A                     	CALL	_make_textbox8
   270 000001FC 83 C4 2C                        	ADD	ESP,44
   271 000001FF E8 [00000000]                   	CALL	_task_alloc
   272 00000204 68 00010000                     	PUSH	65536
   273 00000209 89 C3                           	MOV	EBX,EAX
   274 0000020B 68 003C0000                     	PUSH	3932160
   275 00000210 E8 [00000000]                   	CALL	_memman_alloc_4k
   276 00000215 8B 95 FFFFFC68                  	MOV	EDX,DWORD [-920+EBP]
   277 0000021B 05 0000FFF8                     	ADD	EAX,65528
   278 00000220 89 43 48                        	MOV	DWORD [72+EBX],EAX
   279 00000223 C7 43 30 [00000B9C]             	MOV	DWORD [48+EBX],_console_task
   280 0000022A C7 43 58 00000008               	MOV	DWORD [88+EBX],8
   281 00000231 C7 43 5C 00000010               	MOV	DWORD [92+EBX],16
   282 00000238 C7 43 60 00000008               	MOV	DWORD [96+EBX],8
   283 0000023F C7 43 64 00000008               	MOV	DWORD [100+EBX],8
   284 00000246 C7 43 68 00000008               	MOV	DWORD [104+EBX],8
   285 0000024D C7 43 6C 00000008               	MOV	DWORD [108+EBX],8
   286 00000254 89 50 04                        	MOV	DWORD [4+EAX],EDX
   287 00000257 8D 46 01                        	LEA	EAX,DWORD [1+ESI]
   288 0000025A 50                              	PUSH	EAX
   289 0000025B 6A 02                           	PUSH	2
   290 0000025D 53                              	PUSH	EBX
   291 0000025E 8D 5D D4                        	LEA	EBX,DWORD [-44+EBP]
   292 00000261 E8 [00000000]                   	CALL	_task_run
   293 00000266 FF B5 FFFFFC90                  	PUSH	DWORD [-880+EBP]
   294 0000026C E8 [00000000]                   	CALL	_sheet_alloc
   295 00000271 68 00002080                     	PUSH	8320
   296 00000276 68 003C0000                     	PUSH	3932160
   297 0000027B 89 C7                           	MOV	EDI,EAX
   298 0000027D E8 [00000000]                   	CALL	_memman_alloc_4k
   299 00000282 83 C4 20                        	ADD	ESP,32
   300 00000285 6A FF                           	PUSH	-1
   301 00000287 89 85 FFFFFC78                  	MOV	DWORD [-904+EBP],EAX
   302 0000028D 6A 34                           	PUSH	52
   303 0000028F 68 00000090                     	PUSH	144
   304 00000294 50                              	PUSH	EAX
   305 00000295 57                              	PUSH	EDI
   306 00000296 E8 [00000000]                   	CALL	_sheet_setbuf
   307 0000029B 6A 01                           	PUSH	1
   308 0000029D 68 [0000005C]                   	PUSH	LC1
   309 000002A2 6A 34                           	PUSH	52
   310 000002A4 68 00000090                     	PUSH	144
   311 000002A9 FF B5 FFFFFC78                  	PUSH	DWORD [-904+EBP]
   312 000002AF E8 0000058B                     	CALL	_make_window8
   313 000002B4 83 C4 28                        	ADD	ESP,40
   314 000002B7 6A 07                           	PUSH	7
   315 000002B9 6A 10                           	PUSH	16
   316 000002BB 68 00000080                     	PUSH	128
   317 000002C0 6A 1C                           	PUSH	28
   318 000002C2 6A 08                           	PUSH	8
   319 000002C4 57                              	PUSH	EDI
   320 000002C5 E8 0000079C                     	CALL	_make_textbox8
   321 000002CA C7 85 FFFFFC84 00000008         	MOV	DWORD [-892+EBP],8
   322 000002D4 C7 85 FFFFFC80 00000007         	MOV	DWORD [-896+EBP],7
   323 000002DE E8 [00000000]                   	CALL	_timer_alloc
   324 000002E3 6A 01                           	PUSH	1
   325 000002E5 53                              	PUSH	EBX
   326 000002E6 8D 9D FFFFFC94                  	LEA	EBX,DWORD [-876+EBP]
   327 000002EC 50                              	PUSH	EAX
   328 000002ED 89 85 FFFFFC60                  	MOV	DWORD [-928+EBP],EAX
   329 000002F3 E8 [00000000]                   	CALL	_timer_init
   330 000002F8 83 C4 24                        	ADD	ESP,36
   331 000002FB 6A 32                           	PUSH	50
   332 000002FD FF B5 FFFFFC60                  	PUSH	DWORD [-928+EBP]
   333 00000303 E8 [00000000]                   	CALL	_timer_settime
   334 00000308 FF B5 FFFFFC90                  	PUSH	DWORD [-880+EBP]
   335 0000030E E8 [00000000]                   	CALL	_sheet_alloc
   336 00000313 6A 63                           	PUSH	99
   337 00000315 6A 10                           	PUSH	16
   338 00000317 6A 10                           	PUSH	16
   339 00000319 89 85 FFFFFC6C                  	MOV	DWORD [-916+EBP],EAX
   340 0000031F 53                              	PUSH	EBX
   341 00000320 50                              	PUSH	EAX
   342 00000321 E8 [00000000]                   	CALL	_sheet_setbuf
   343 00000326 83 C4 20                        	ADD	ESP,32
   344 00000329 6A 63                           	PUSH	99
   345 0000032B 53                              	PUSH	EBX
   346 0000032C BB 00000002                     	MOV	EBX,2
   347 00000331 E8 [00000000]                   	CALL	_init_mouse_cursor8
   348 00000336 0F BF 05 00000FF4               	MOVSX	EAX,WORD [4084]
   349 0000033D 8D 48 F0                        	LEA	ECX,DWORD [-16+EAX]
   350 00000340 89 C8                           	MOV	EAX,ECX
   351 00000342 99                              	CDQ
   352 00000343 F7 FB                           	IDIV	EBX
   353 00000345 89 85 FFFFFC8C                  	MOV	DWORD [-884+EBP],EAX
   354 0000034B 0F BF 05 00000FF6               	MOVSX	EAX,WORD [4086]
   355 00000352 6A 00                           	PUSH	0
   356 00000354 8D 48 D4                        	LEA	ECX,DWORD [-44+EAX]
   357 00000357 6A 00                           	PUSH	0
   358 00000359 89 C8                           	MOV	EAX,ECX
   359 0000035B 99                              	CDQ
   360 0000035C F7 FB                           	IDIV	EBX
   361 0000035E FF B5 FFFFFC70                  	PUSH	DWORD [-912+EBP]
   362 00000364 89 85 FFFFFC88                  	MOV	DWORD [-888+EBP],EAX
   363 0000036A 8D 5D A4                        	LEA	EBX,DWORD [-92+EBP]
   364 0000036D E8 [00000000]                   	CALL	_sheet_slide
   365 00000372 6A 04                           	PUSH	4
   366 00000374 6A 20                           	PUSH	32
   367 00000376 FF B5 FFFFFC68                  	PUSH	DWORD [-920+EBP]
   368 0000037C E8 [00000000]                   	CALL	_sheet_slide
   369 00000381 83 C4 20                        	ADD	ESP,32
   370 00000384 6A 38                           	PUSH	56
   371 00000386 6A 40                           	PUSH	64
   372 00000388 57                              	PUSH	EDI
   373 00000389 E8 [00000000]                   	CALL	_sheet_slide
   374 0000038E FF B5 FFFFFC88                  	PUSH	DWORD [-888+EBP]
   375 00000394 FF B5 FFFFFC8C                  	PUSH	DWORD [-884+EBP]
   376 0000039A FF B5 FFFFFC6C                  	PUSH	DWORD [-916+EBP]
   377 000003A0 E8 [00000000]                   	CALL	_sheet_slide
   378 000003A5 6A 00                           	PUSH	0
   379 000003A7 FF B5 FFFFFC70                  	PUSH	DWORD [-912+EBP]
   380 000003AD E8 [00000000]                   	CALL	_sheet_updown
   381 000003B2 83 C4 20                        	ADD	ESP,32
   382 000003B5 6A 01                           	PUSH	1
   383 000003B7 FF B5 FFFFFC68                  	PUSH	DWORD [-920+EBP]
   384 000003BD E8 [00000000]                   	CALL	_sheet_updown
   385 000003C2 6A 02                           	PUSH	2
   386 000003C4 57                              	PUSH	EDI
   387 000003C5 E8 [00000000]                   	CALL	_sheet_updown
   388 000003CA 6A 03                           	PUSH	3
   389 000003CC FF B5 FFFFFC6C                  	PUSH	DWORD [-916+EBP]
   390 000003D2 E8 [00000000]                   	CALL	_sheet_updown
   391 000003D7 FF B5 FFFFFC88                  	PUSH	DWORD [-888+EBP]
   392 000003DD FF B5 FFFFFC8C                  	PUSH	DWORD [-884+EBP]
   393 000003E3 68 [00000063]                   	PUSH	LC2
   394 000003E8 53                              	PUSH	EBX
   395 000003E9 E8 [00000000]                   	CALL	_sprintf
   396 000003EE 83 C4 28                        	ADD	ESP,40
   397 000003F1 6A 0A                           	PUSH	10
   398 000003F3 53                              	PUSH	EBX
   399 000003F4 6A 0E                           	PUSH	14
   400 000003F6 6A 07                           	PUSH	7
   401 000003F8 6A 00                           	PUSH	0
   402 000003FA 6A 00                           	PUSH	0
   403 000003FC FF B5 FFFFFC70                  	PUSH	DWORD [-912+EBP]
   404 00000402 E8 000005D8                     	CALL	_putfonts8_asc_sht
   405 00000407 68 003C0000                     	PUSH	3932160
   406 0000040C E8 [00000000]                   	CALL	_memman_total
   407 00000411 C1 AD FFFFFC7C 14               	SHR	DWORD [-900+EBP],20
   408 00000418 C1 E8 0A                        	SHR	EAX,10
   409 0000041B 89 04 24                        	MOV	DWORD [ESP],EAX
   410 0000041E FF B5 FFFFFC7C                  	PUSH	DWORD [-900+EBP]
   411 00000424 68 [0000006E]                   	PUSH	LC3
   412 00000429 53                              	PUSH	EBX
   413 0000042A E8 [00000000]                   	CALL	_sprintf
   414 0000042F 83 C4 2C                        	ADD	ESP,44
   415 00000432 6A 28                           	PUSH	40
   416 00000434 53                              	PUSH	EBX
   417 00000435 6A 0E                           	PUSH	14
   418 00000437 6A 07                           	PUSH	7
   419 00000439 6A 20                           	PUSH	32
   420 0000043B 6A 00                           	PUSH	0
   421 0000043D FF B5 FFFFFC70                  	PUSH	DWORD [-912+EBP]
   422 00000443 E8 00000597                     	CALL	_putfonts8_asc_sht
   423 00000448 83 C4 1C                        	ADD	ESP,28
   424 0000044B                                 L2:
   425 0000044B 8D 5D D4                        	LEA	EBX,DWORD [-44+EBP]
   426 0000044E E8 [00000000]                   	CALL	_io_cli
   427 00000453 53                              	PUSH	EBX
   428 00000454 E8 [00000000]                   	CALL	_fifo32_status
   429 00000459 5E                              	POP	ESI
   430 0000045A 85 C0                           	TEST	EAX,EAX
   431 0000045C 0F 84 000003C7                  	JE	L31
   432 00000462 53                              	PUSH	EBX
   433 00000463 E8 [00000000]                   	CALL	_fifo32_get
   434 00000468 89 C6                           	MOV	ESI,EAX
   435 0000046A E8 [00000000]                   	CALL	_io_sti
   436 0000046F 5A                              	POP	EDX
   437 00000470 8D 86 FFFFFF00                  	LEA	EAX,DWORD [-256+ESI]
   438 00000476 3D 000000FF                     	CMP	EAX,255
   439 0000047B 0F 86 0000020D                  	JBE	L32
   440 00000481 8D 86 FFFFFE00                  	LEA	EAX,DWORD [-512+ESI]
   441 00000487 3D 000000FF                     	CMP	EAX,255
   442 0000048C 0F 86 00000094                  	JBE	L33
   443 00000492 83 FE 01                        	CMP	ESI,1
   444 00000495 7F B4                           	JG	L2
   445 00000497 85 F6                           	TEST	ESI,ESI
   446 00000499 74 71                           	JE	L27
   447 0000049B 6A 00                           	PUSH	0
   448 0000049D 53                              	PUSH	EBX
   449 0000049E FF B5 FFFFFC60                  	PUSH	DWORD [-928+EBP]
   450 000004A4 E8 [00000000]                   	CALL	_timer_init
   451 000004A9 C7 85 FFFFFC80 00000000         	MOV	DWORD [-896+EBP],0
   452 000004B3                                 L30:
   453 000004B3 83 C4 0C                        	ADD	ESP,12
   454 000004B6 6A 32                           	PUSH	50
   455 000004B8 FF B5 FFFFFC60                  	PUSH	DWORD [-928+EBP]
   456 000004BE E8 [00000000]                   	CALL	_timer_settime
   457 000004C3 8B 85 FFFFFC84                  	MOV	EAX,DWORD [-892+EBP]
   458 000004C9 6A 2B                           	PUSH	43
   459 000004CB 83 C0 07                        	ADD	EAX,7
   460 000004CE 50                              	PUSH	EAX
   461 000004CF 6A 1C                           	PUSH	28
   462 000004D1 FF B5 FFFFFC84                  	PUSH	DWORD [-892+EBP]
   463 000004D7 FF B5 FFFFFC80                  	PUSH	DWORD [-896+EBP]
   464 000004DD FF 77 04                        	PUSH	DWORD [4+EDI]
   465 000004E0 FF 37                           	PUSH	DWORD [EDI]
   466 000004E2 E8 [00000000]                   	CALL	_boxfill8
   467 000004E7 8B 85 FFFFFC84                  	MOV	EAX,DWORD [-892+EBP]
   468 000004ED 83 C4 24                        	ADD	ESP,36
   469 000004F0 83 C0 08                        	ADD	EAX,8
   470 000004F3 6A 2C                           	PUSH	44
   471 000004F5 50                              	PUSH	EAX
   472 000004F6 6A 1C                           	PUSH	28
   473 000004F8 FF B5 FFFFFC84                  	PUSH	DWORD [-892+EBP]
   474 000004FE 57                              	PUSH	EDI
   475 000004FF E8 [00000000]                   	CALL	_sheet_refresh
   476 00000504 83 C4 14                        	ADD	ESP,20
   477 00000507 E9 FFFFFF3F                     	JMP	L2
   478 0000050C                                 L27:
   479 0000050C 6A 01                           	PUSH	1
   480 0000050E 53                              	PUSH	EBX
   481 0000050F FF B5 FFFFFC60                  	PUSH	DWORD [-928+EBP]
   482 00000515 E8 [00000000]                   	CALL	_timer_init
   483 0000051A C7 85 FFFFFC80 00000007         	MOV	DWORD [-896+EBP],7
   484 00000524 EB 8D                           	JMP	L30
   485 00000526                                 L33:
   486 00000526 89 F3                           	MOV	EBX,ESI
   487 00000528 0F B6 C3                        	MOVZX	EAX,BL
   488 0000052B 50                              	PUSH	EAX
   489 0000052C 8D 85 FFFFFD94                  	LEA	EAX,DWORD [-620+EBP]
   490 00000532 50                              	PUSH	EAX
   491 00000533 E8 [00000000]                   	CALL	_mouse_decode
   492 00000538 5A                              	POP	EDX
   493 00000539 59                              	POP	ECX
   494 0000053A 85 C0                           	TEST	EAX,EAX
   495 0000053C 0F 84 FFFFFF09                  	JE	L2
   496 00000542 FF B5 FFFFFD9C                  	PUSH	DWORD [-612+EBP]
   497 00000548 FF B5 FFFFFD98                  	PUSH	DWORD [-616+EBP]
   498 0000054E 68 [00000088]                   	PUSH	LC6
   499 00000553 8D 5D A4                        	LEA	EBX,DWORD [-92+EBP]
   500 00000556 53                              	PUSH	EBX
   501 00000557 E8 [00000000]                   	CALL	_sprintf
   502 0000055C 83 C4 10                        	ADD	ESP,16
   503 0000055F 8B 85 FFFFFDA0                  	MOV	EAX,DWORD [-608+EBP]
   504 00000565 A9 00000001                     	TEST	EAX,1
   505 0000056A 74 04                           	JE	L17
   506 0000056C C6 45 A5 4C                     	MOV	BYTE [-91+EBP],76
   507 00000570                                 L17:
   508 00000570 A9 00000002                     	TEST	EAX,2
   509 00000575 74 04                           	JE	L18
   510 00000577 C6 45 A7 52                     	MOV	BYTE [-89+EBP],82
   511 0000057B                                 L18:
   512 0000057B 83 E0 04                        	AND	EAX,4
   513 0000057E 74 04                           	JE	L19
   514 00000580 C6 45 A6 43                     	MOV	BYTE [-90+EBP],67
   515 00000584                                 L19:
   516 00000584 6A 0F                           	PUSH	15
   517 00000586 53                              	PUSH	EBX
   518 00000587 6A 0E                           	PUSH	14
   519 00000589 6A 07                           	PUSH	7
   520 0000058B 6A 10                           	PUSH	16
   521 0000058D 6A 20                           	PUSH	32
   522 0000058F FF B5 FFFFFC70                  	PUSH	DWORD [-912+EBP]
   523 00000595 E8 00000445                     	CALL	_putfonts8_asc_sht
   524 0000059A 8B 95 FFFFFD98                  	MOV	EDX,DWORD [-616+EBP]
   525 000005A0 8B 85 FFFFFD9C                  	MOV	EAX,DWORD [-612+EBP]
   526 000005A6 83 C4 1C                        	ADD	ESP,28
   527 000005A9 01 85 FFFFFC88                  	ADD	DWORD [-888+EBP],EAX
   528 000005AF 01 95 FFFFFC8C                  	ADD	DWORD [-884+EBP],EDX
   529 000005B5 0F 88 000000C4                  	JS	L34
   530 000005BB                                 L20:
   531 000005BB 83 BD FFFFFC88 00               	CMP	DWORD [-888+EBP],0
   532 000005C2 0F 88 000000A8                  	JS	L35
   533 000005C8                                 L21:
   534 000005C8 0F BF 05 00000FF4               	MOVSX	EAX,WORD [4084]
   535 000005CF 48                              	DEC	EAX
   536 000005D0 39 85 FFFFFC8C                  	CMP	DWORD [-884+EBP],EAX
   537 000005D6 7E 06                           	JLE	L22
   538 000005D8 89 85 FFFFFC8C                  	MOV	DWORD [-884+EBP],EAX
   539 000005DE                                 L22:
   540 000005DE 0F BF 05 00000FF6               	MOVSX	EAX,WORD [4086]
   541 000005E5 48                              	DEC	EAX
   542 000005E6 39 85 FFFFFC88                  	CMP	DWORD [-888+EBP],EAX
   543 000005EC 7E 06                           	JLE	L23
   544 000005EE 89 85 FFFFFC88                  	MOV	DWORD [-888+EBP],EAX
   545 000005F4                                 L23:
   546 000005F4 FF B5 FFFFFC88                  	PUSH	DWORD [-888+EBP]
   547 000005FA FF B5 FFFFFC8C                  	PUSH	DWORD [-884+EBP]
   548 00000600 68 [00000063]                   	PUSH	LC2
   549 00000605 53                              	PUSH	EBX
   550 00000606 E8 [00000000]                   	CALL	_sprintf
   551 0000060B 6A 0A                           	PUSH	10
   552 0000060D 53                              	PUSH	EBX
   553 0000060E 6A 0E                           	PUSH	14
   554 00000610 6A 07                           	PUSH	7
   555 00000612 6A 00                           	PUSH	0
   556 00000614 6A 00                           	PUSH	0
   557 00000616 FF B5 FFFFFC70                  	PUSH	DWORD [-912+EBP]
   558 0000061C E8 000003BE                     	CALL	_putfonts8_asc_sht
   559 00000621 83 C4 2C                        	ADD	ESP,44
   560 00000624 FF B5 FFFFFC88                  	PUSH	DWORD [-888+EBP]
   561 0000062A FF B5 FFFFFC8C                  	PUSH	DWORD [-884+EBP]
   562 00000630 FF B5 FFFFFC6C                  	PUSH	DWORD [-916+EBP]
   563 00000636 E8 [00000000]                   	CALL	_sheet_slide
   564 0000063B 83 C4 0C                        	ADD	ESP,12
   565 0000063E F7 85 FFFFFDA0 00000001         	TEST	DWORD [-608+EBP],1
   566 00000648 0F 84 FFFFFDFD                  	JE	L2
   567 0000064E 8B 85 FFFFFC88                  	MOV	EAX,DWORD [-888+EBP]
   568 00000654 83 E8 08                        	SUB	EAX,8
   569 00000657 50                              	PUSH	EAX
   570 00000658 8B 85 FFFFFC8C                  	MOV	EAX,DWORD [-884+EBP]
   571 0000065E 83 E8 50                        	SUB	EAX,80
   572 00000661 50                              	PUSH	EAX
   573 00000662 57                              	PUSH	EDI
   574 00000663 E8 [00000000]                   	CALL	_sheet_slide
   575 00000668 83 C4 0C                        	ADD	ESP,12
   576 0000066B E9 FFFFFDDB                     	JMP	L2
   577 00000670                                 L35:
   578 00000670 C7 85 FFFFFC88 00000000         	MOV	DWORD [-888+EBP],0
   579 0000067A E9 FFFFFF49                     	JMP	L21
   580 0000067F                                 L34:
   581 0000067F C7 85 FFFFFC8C 00000000         	MOV	DWORD [-884+EBP],0
   582 00000689 E9 FFFFFF2D                     	JMP	L20
   583 0000068E                                 L32:
   584 0000068E 50                              	PUSH	EAX
   585 0000068F 8D 5D A4                        	LEA	EBX,DWORD [-92+EBP]
   586 00000692 68 [00000096]                   	PUSH	LC4
   587 00000697 53                              	PUSH	EBX
   588 00000698 E8 [00000000]                   	CALL	_sprintf
   589 0000069D 6A 02                           	PUSH	2
   590 0000069F 53                              	PUSH	EBX
   591 000006A0 6A 0E                           	PUSH	14
   592 000006A2 6A 07                           	PUSH	7
   593 000006A4 6A 10                           	PUSH	16
   594 000006A6 6A 00                           	PUSH	0
   595 000006A8 FF B5 FFFFFC70                  	PUSH	DWORD [-912+EBP]
   596 000006AE E8 0000032C                     	CALL	_putfonts8_asc_sht
   597 000006B3 83 C4 28                        	ADD	ESP,40
   598 000006B6 81 FE 00000153                  	CMP	ESI,339
   599 000006BC 7F 39                           	JG	L8
   600 000006BE 8A 86 [FFFFFF00]                	MOV	AL,BYTE [_keytable.0-256+ESI]
   601 000006C4 84 C0                           	TEST	AL,AL
   602 000006C6 74 2F                           	JE	L8
   603 000006C8 83 BD FFFFFC84 7F               	CMP	DWORD [-892+EBP],127
   604 000006CF 7F 26                           	JG	L8
   605 000006D1 6A 01                           	PUSH	1
   606 000006D3 88 45 A4                        	MOV	BYTE [-92+EBP],AL
   607 000006D6 53                              	PUSH	EBX
   608 000006D7 6A 07                           	PUSH	7
   609 000006D9 6A 00                           	PUSH	0
   610 000006DB 6A 1C                           	PUSH	28
   611 000006DD FF B5 FFFFFC84                  	PUSH	DWORD [-892+EBP]
   612 000006E3 57                              	PUSH	EDI
   613 000006E4 C6 45 A5 00                     	MOV	BYTE [-91+EBP],0
   614 000006E8 E8 000002F2                     	CALL	_putfonts8_asc_sht
   615 000006ED 83 C4 1C                        	ADD	ESP,28
   616 000006F0 83 85 FFFFFC84 08               	ADD	DWORD [-892+EBP],8
   617 000006F7                                 L8:
   618 000006F7 81 FE 0000010E                  	CMP	ESI,270
   619 000006FD 0F 84 000000F1                  	JE	L36
   620 00000703                                 L10:
   621 00000703 81 FE 0000010F                  	CMP	ESI,271
   622 00000709 74 46                           	JE	L37
   623 0000070B                                 L11:
   624 0000070B 8B 85 FFFFFC84                  	MOV	EAX,DWORD [-892+EBP]
   625 00000711 6A 2B                           	PUSH	43
   626 00000713 83 C0 07                        	ADD	EAX,7
   627 00000716 50                              	PUSH	EAX
   628 00000717 6A 1C                           	PUSH	28
   629 00000719 FF B5 FFFFFC84                  	PUSH	DWORD [-892+EBP]
   630 0000071F FF B5 FFFFFC80                  	PUSH	DWORD [-896+EBP]
   631 00000725 FF 77 04                        	PUSH	DWORD [4+EDI]
   632 00000728 FF 37                           	PUSH	DWORD [EDI]
   633 0000072A E8 [00000000]                   	CALL	_boxfill8
   634 0000072F 8B 85 FFFFFC84                  	MOV	EAX,DWORD [-892+EBP]
   635 00000735 6A 2C                           	PUSH	44
   636 00000737 83 C0 08                        	ADD	EAX,8
   637 0000073A 50                              	PUSH	EAX
   638 0000073B 6A 1C                           	PUSH	28
   639 0000073D FF B5 FFFFFC84                  	PUSH	DWORD [-892+EBP]
   640 00000743 57                              	PUSH	EDI
   641 00000744 E8 [00000000]                   	CALL	_sheet_refresh
   642 00000749 83 C4 30                        	ADD	ESP,48
   643 0000074C E9 FFFFFCFA                     	JMP	L2
   644 00000751                                 L37:
   645 00000751 83 BD FFFFFC5C 00               	CMP	DWORD [-932+EBP],0
   646 00000758 75 69                           	JNE	L12
   647 0000075A 6A 00                           	PUSH	0
   648 0000075C 68 [0000005C]                   	PUSH	LC1
   649 00000761 FF 77 04                        	PUSH	DWORD [4+EDI]
   650 00000764 FF B5 FFFFFC78                  	PUSH	DWORD [-904+EBP]
   651 0000076A C7 85 FFFFFC5C 00000001         	MOV	DWORD [-932+EBP],1
   652 00000774 E8 000001B5                     	CALL	_make_wtitle8
   653 00000779 8B 9D FFFFFC68                  	MOV	EBX,DWORD [-920+EBP]
   654 0000077F 6A 01                           	PUSH	1
   655 00000781 68 [00000054]                   	PUSH	LC0
   656 00000786 FF 73 04                        	PUSH	DWORD [4+EBX]
   657 00000789                                 L29:
   658 00000789 FF B5 FFFFFC74                  	PUSH	DWORD [-908+EBP]
   659 0000078F E8 0000019A                     	CALL	_make_wtitle8
   660 00000794 83 C4 20                        	ADD	ESP,32
   661 00000797 6A 15                           	PUSH	21
   662 00000799 FF 77 04                        	PUSH	DWORD [4+EDI]
   663 0000079C 6A 00                           	PUSH	0
   664 0000079E 6A 00                           	PUSH	0
   665 000007A0 57                              	PUSH	EDI
   666 000007A1 E8 [00000000]                   	CALL	_sheet_refresh
   667 000007A6 8B 95 FFFFFC68                  	MOV	EDX,DWORD [-920+EBP]
   668 000007AC 6A 15                           	PUSH	21
   669 000007AE FF 72 04                        	PUSH	DWORD [4+EDX]
   670 000007B1 6A 00                           	PUSH	0
   671 000007B3 6A 00                           	PUSH	0
   672 000007B5 52                              	PUSH	EDX
   673 000007B6 E8 [00000000]                   	CALL	_sheet_refresh
   674 000007BB 83 C4 28                        	ADD	ESP,40
   675 000007BE E9 FFFFFF48                     	JMP	L11
   676 000007C3                                 L12:
   677 000007C3 6A 01                           	PUSH	1
   678 000007C5 68 [0000005C]                   	PUSH	LC1
   679 000007CA FF 77 04                        	PUSH	DWORD [4+EDI]
   680 000007CD FF B5 FFFFFC78                  	PUSH	DWORD [-904+EBP]
   681 000007D3 C7 85 FFFFFC5C 00000000         	MOV	DWORD [-932+EBP],0
   682 000007DD E8 0000014C                     	CALL	_make_wtitle8
   683 000007E2 8B 85 FFFFFC68                  	MOV	EAX,DWORD [-920+EBP]
   684 000007E8 6A 00                           	PUSH	0
   685 000007EA 68 [00000054]                   	PUSH	LC0
   686 000007EF FF 70 04                        	PUSH	DWORD [4+EAX]
   687 000007F2 EB 95                           	JMP	L29
   688 000007F4                                 L36:
   689 000007F4 83 BD FFFFFC84 08               	CMP	DWORD [-892+EBP],8
   690 000007FB 0F 8E FFFFFF02                  	JLE	L10
   691 00000801 6A 01                           	PUSH	1
   692 00000803 68 [0000009B]                   	PUSH	LC5
   693 00000808 6A 07                           	PUSH	7
   694 0000080A 6A 00                           	PUSH	0
   695 0000080C 6A 1C                           	PUSH	28
   696 0000080E FF B5 FFFFFC84                  	PUSH	DWORD [-892+EBP]
   697 00000814 57                              	PUSH	EDI
   698 00000815 E8 000001C5                     	CALL	_putfonts8_asc_sht
   699 0000081A 83 C4 1C                        	ADD	ESP,28
   700 0000081D 83 AD FFFFFC84 08               	SUB	DWORD [-892+EBP],8
   701 00000824 E9 FFFFFEDA                     	JMP	L10
   702 00000829                                 L31:
   703 00000829 FF B5 FFFFFC64                  	PUSH	DWORD [-924+EBP]
   704 0000082F E8 [00000000]                   	CALL	_task_sleep
   705 00000834 E8 [00000000]                   	CALL	_io_sti
   706 00000839 59                              	POP	ECX
   707 0000083A E9 FFFFFC0C                     	JMP	L2
   708 0000083F                                 	GLOBAL	_make_window8
   709 0000083F                                 _make_window8:
   710 0000083F 55                              	PUSH	EBP
   711 00000840 89 E5                           	MOV	EBP,ESP
   712 00000842 57                              	PUSH	EDI
   713 00000843 56                              	PUSH	ESI
   714 00000844 53                              	PUSH	EBX
   715 00000845 57                              	PUSH	EDI
   716 00000846 8B 45 0C                        	MOV	EAX,DWORD [12+EBP]
   717 00000849 6A 00                           	PUSH	0
   718 0000084B 48                              	DEC	EAX
   719 0000084C 50                              	PUSH	EAX
   720 0000084D 89 45 F0                        	MOV	DWORD [-16+EBP],EAX
   721 00000850 6A 00                           	PUSH	0
   722 00000852 6A 00                           	PUSH	0
   723 00000854 6A 08                           	PUSH	8
   724 00000856 FF 75 0C                        	PUSH	DWORD [12+EBP]
   725 00000859 FF 75 08                        	PUSH	DWORD [8+EBP]
   726 0000085C E8 [00000000]                   	CALL	_boxfill8
   727 00000861 8B 75 0C                        	MOV	ESI,DWORD [12+EBP]
   728 00000864 6A 01                           	PUSH	1
   729 00000866 83 EE 02                        	SUB	ESI,2
   730 00000869 56                              	PUSH	ESI
   731 0000086A 6A 01                           	PUSH	1
   732 0000086C 6A 01                           	PUSH	1
   733 0000086E 6A 07                           	PUSH	7
   734 00000870 FF 75 0C                        	PUSH	DWORD [12+EBP]
   735 00000873 FF 75 08                        	PUSH	DWORD [8+EBP]
   736 00000876 E8 [00000000]                   	CALL	_boxfill8
   737 0000087B 8B 5D 10                        	MOV	EBX,DWORD [16+EBP]
   738 0000087E 83 C4 38                        	ADD	ESP,56
   739 00000881 4B                              	DEC	EBX
   740 00000882 53                              	PUSH	EBX
   741 00000883 6A 00                           	PUSH	0
   742 00000885 6A 00                           	PUSH	0
   743 00000887 6A 00                           	PUSH	0
   744 00000889 6A 08                           	PUSH	8
   745 0000088B FF 75 0C                        	PUSH	DWORD [12+EBP]
   746 0000088E FF 75 08                        	PUSH	DWORD [8+EBP]
   747 00000891 E8 [00000000]                   	CALL	_boxfill8
   748 00000896 8B 7D 10                        	MOV	EDI,DWORD [16+EBP]
   749 00000899 83 EF 02                        	SUB	EDI,2
   750 0000089C 57                              	PUSH	EDI
   751 0000089D 6A 01                           	PUSH	1
   752 0000089F 6A 01                           	PUSH	1
   753 000008A1 6A 01                           	PUSH	1
   754 000008A3 6A 07                           	PUSH	7
   755 000008A5 FF 75 0C                        	PUSH	DWORD [12+EBP]
   756 000008A8 FF 75 08                        	PUSH	DWORD [8+EBP]
   757 000008AB E8 [00000000]                   	CALL	_boxfill8
   758 000008B0 83 C4 38                        	ADD	ESP,56
   759 000008B3 57                              	PUSH	EDI
   760 000008B4 56                              	PUSH	ESI
   761 000008B5 6A 01                           	PUSH	1
   762 000008B7 56                              	PUSH	ESI
   763 000008B8 6A 0F                           	PUSH	15
   764 000008BA FF 75 0C                        	PUSH	DWORD [12+EBP]
   765 000008BD FF 75 08                        	PUSH	DWORD [8+EBP]
   766 000008C0 E8 [00000000]                   	CALL	_boxfill8
   767 000008C5 53                              	PUSH	EBX
   768 000008C6 FF 75 F0                        	PUSH	DWORD [-16+EBP]
   769 000008C9 6A 00                           	PUSH	0
   770 000008CB FF 75 F0                        	PUSH	DWORD [-16+EBP]
   771 000008CE 6A 00                           	PUSH	0
   772 000008D0 FF 75 0C                        	PUSH	DWORD [12+EBP]
   773 000008D3 FF 75 08                        	PUSH	DWORD [8+EBP]
   774 000008D6 E8 [00000000]                   	CALL	_boxfill8
   775 000008DB 8B 45 10                        	MOV	EAX,DWORD [16+EBP]
   776 000008DE 83 C4 38                        	ADD	ESP,56
   777 000008E1 83 E8 03                        	SUB	EAX,3
   778 000008E4 50                              	PUSH	EAX
   779 000008E5 8B 45 0C                        	MOV	EAX,DWORD [12+EBP]
   780 000008E8 83 E8 03                        	SUB	EAX,3
   781 000008EB 50                              	PUSH	EAX
   782 000008EC 6A 02                           	PUSH	2
   783 000008EE 6A 02                           	PUSH	2
   784 000008F0 6A 08                           	PUSH	8
   785 000008F2 FF 75 0C                        	PUSH	DWORD [12+EBP]
   786 000008F5 FF 75 08                        	PUSH	DWORD [8+EBP]
   787 000008F8 E8 [00000000]                   	CALL	_boxfill8
   788 000008FD 57                              	PUSH	EDI
   789 000008FE 56                              	PUSH	ESI
   790 000008FF 57                              	PUSH	EDI
   791 00000900 6A 01                           	PUSH	1
   792 00000902 6A 0F                           	PUSH	15
   793 00000904 FF 75 0C                        	PUSH	DWORD [12+EBP]
   794 00000907 FF 75 08                        	PUSH	DWORD [8+EBP]
   795 0000090A E8 [00000000]                   	CALL	_boxfill8
   796 0000090F 83 C4 38                        	ADD	ESP,56
   797 00000912 53                              	PUSH	EBX
   798 00000913 FF 75 F0                        	PUSH	DWORD [-16+EBP]
   799 00000916 53                              	PUSH	EBX
   800 00000917 6A 00                           	PUSH	0
   801 00000919 6A 00                           	PUSH	0
   802 0000091B FF 75 0C                        	PUSH	DWORD [12+EBP]
   803 0000091E FF 75 08                        	PUSH	DWORD [8+EBP]
   804 00000921 E8 [00000000]                   	CALL	_boxfill8
   805 00000926 8D 65 F4                        	LEA	ESP,DWORD [-12+EBP]
   806 00000929 5B                              	POP	EBX
   807 0000092A 5E                              	POP	ESI
   808 0000092B 5F                              	POP	EDI
   809 0000092C 5D                              	POP	EBP
   810 0000092D C3                              	RET
   811                                          [SECTION .data]
   812 0000009D                                 _closebtn.1:
   813 0000009D 4F 4F 4F 4F 4F 4F 4F 4F 4F 4F   	DB	"OOOOOOOOOOOOOOO@"
       000000A7 4F 4F 4F 4F 4F 40 
   814 000000AD 4F 51 51 51 51 51 51 51 51 51   	DB	"OQQQQQQQQQQQQQ$@"
       000000B7 51 51 51 51 24 40 
   815 000000BD 4F 51 51 51 51 51 51 51 51 51   	DB	"OQQQQQQQQQQQQQ$@"
       000000C7 51 51 51 51 24 40 
   816 000000CD 4F 51 51 51 40 40 51 51 51 51   	DB	"OQQQ@@QQQQ@@QQ$@"
       000000D7 40 40 51 51 24 40 
   817 000000DD 4F 51 51 51 51 40 40 51 51 40   	DB	"OQQQQ@@QQ@@QQQ$@"
       000000E7 40 51 51 51 24 40 
   818 000000ED 4F 51 51 51 51 51 40 40 40 40   	DB	"OQQQQQ@@@@QQQQ$@"
       000000F7 51 51 51 51 24 40 
   819 000000FD 4F 51 51 51 51 51 51 40 40 51   	DB	"OQQQQQQ@@QQQQQ$@"
       00000107 51 51 51 51 24 40 
   820 0000010D 4F 51 51 51 51 51 40 40 40 40   	DB	"OQQQQQ@@@@QQQQ$@"
       00000117 51 51 51 51 24 40 
   821 0000011D 4F 51 51 51 51 40 40 51 51 40   	DB	"OQQQQ@@QQ@@QQQ$@"
       00000127 40 51 51 51 24 40 
   822 0000012D 4F 51 51 51 40 40 51 51 51 51   	DB	"OQQQ@@QQQQ@@QQ$@"
       00000137 40 40 51 51 24 40 
   823 0000013D 4F 51 51 51 51 51 51 51 51 51   	DB	"OQQQQQQQQQQQQQ$@"
       00000147 51 51 51 51 24 40 
   824 0000014D 4F 51 51 51 51 51 51 51 51 51   	DB	"OQQQQQQQQQQQQQ$@"
       00000157 51 51 51 51 24 40 
   825 0000015D 4F 24 24 24 24 24 24 24 24 24   	DB	"O$$$$$$$$$$$$$$@"
       00000167 24 24 24 24 24 40 
   826 0000016D 40 40 40 40 40 40 40 40 40 40   	DB	"@@@@@@@@@@@@@@@@"
       00000177 40 40 40 40 40 40 
   827                                          [SECTION .text]
   828 0000092E                                 	GLOBAL	_make_wtitle8
   829 0000092E                                 _make_wtitle8:
   830 0000092E 55                              	PUSH	EBP
   831 0000092F 89 E5                           	MOV	EBP,ESP
   832 00000931 57                              	PUSH	EDI
   833 00000932 56                              	PUSH	ESI
   834 00000933 53                              	PUSH	EBX
   835 00000934 50                              	PUSH	EAX
   836 00000935 80 7D 14 00                     	CMP	BYTE [20+EBP],0
   837 00000939 0F 84 00000097                  	JE	L40
   838 0000093F B3 07                           	MOV	BL,7
   839 00000941 B2 0C                           	MOV	DL,12
   840 00000943                                 L41:
   841 00000943 8B 45 0C                        	MOV	EAX,DWORD [12+EBP]
   842 00000946 6A 14                           	PUSH	20
   843 00000948 83 E8 04                        	SUB	EAX,4
   844 0000094B 31 FF                           	XOR	EDI,EDI
   845 0000094D 50                              	PUSH	EAX
   846 0000094E 6A 03                           	PUSH	3
   847 00000950 6A 03                           	PUSH	3
   848 00000952 0F B6 C2                        	MOVZX	EAX,DL
   849 00000955 50                              	PUSH	EAX
   850 00000956 FF 75 0C                        	PUSH	DWORD [12+EBP]
   851 00000959 FF 75 08                        	PUSH	DWORD [8+EBP]
   852 0000095C E8 [00000000]                   	CALL	_boxfill8
   853 00000961 FF 75 10                        	PUSH	DWORD [16+EBP]
   854 00000964 0F BE C3                        	MOVSX	EAX,BL
   855 00000967 50                              	PUSH	EAX
   856 00000968 6A 04                           	PUSH	4
   857 0000096A 6A 18                           	PUSH	24
   858 0000096C FF 75 0C                        	PUSH	DWORD [12+EBP]
   859 0000096F FF 75 08                        	PUSH	DWORD [8+EBP]
   860 00000972 E8 [00000000]                   	CALL	_putfonts8_asc
   861 00000977 83 C4 34                        	ADD	ESP,52
   862 0000097A 6B 5D 0C 05                     	IMUL	EBX,DWORD [12+EBP],5
   863 0000097E C7 45 F0 00000000               	MOV	DWORD [-16+EBP],0
   864 00000985                                 L57:
   865 00000985 8B 45 0C                        	MOV	EAX,DWORD [12+EBP]
   866 00000988 8B 55 08                        	MOV	EDX,DWORD [8+EBP]
   867 0000098B 01 D8                           	ADD	EAX,EBX
   868 0000098D 31 F6                           	XOR	ESI,ESI
   869 0000098F 8D 4C 02 EB                     	LEA	ECX,DWORD [-21+EDX+EAX*1]
   870 00000993                                 L56:
   871 00000993 8A 94 3E [0000009D]             	MOV	DL,BYTE [_closebtn.1+ESI+EDI*1]
   872 0000099A 80 FA 40                        	CMP	DL,64
   873 0000099D 74 33                           	JE	L62
   874 0000099F 80 FA 24                        	CMP	DL,36
   875 000009A2 74 2A                           	JE	L63
   876 000009A4 80 FA 51                        	CMP	DL,81
   877 000009A7 B2 08                           	MOV	DL,8
   878 000009A9 0F 95 C0                        	SETNE	AL
   879 000009AC 28 C2                           	SUB	DL,AL
   880 000009AE                                 L51:
   881 000009AE 46                              	INC	ESI
   882 000009AF 88 11                           	MOV	BYTE [ECX],DL
   883 000009B1 41                              	INC	ECX
   884 000009B2 83 FE 0F                        	CMP	ESI,15
   885 000009B5 7E DC                           	JLE	L56
   886 000009B7 FF 45 F0                        	INC	DWORD [-16+EBP]
   887 000009BA 83 C7 10                        	ADD	EDI,16
   888 000009BD 03 5D 0C                        	ADD	EBX,DWORD [12+EBP]
   889 000009C0 83 7D F0 0D                     	CMP	DWORD [-16+EBP],13
   890 000009C4 7E BF                           	JLE	L57
   891 000009C6 8D 65 F4                        	LEA	ESP,DWORD [-12+EBP]
   892 000009C9 5B                              	POP	EBX
   893 000009CA 5E                              	POP	ESI
   894 000009CB 5F                              	POP	EDI
   895 000009CC 5D                              	POP	EBP
   896 000009CD C3                              	RET
   897 000009CE                                 L63:
   898 000009CE B2 0F                           	MOV	DL,15
   899 000009D0 EB DC                           	JMP	L51
   900 000009D2                                 L62:
   901 000009D2 31 D2                           	XOR	EDX,EDX
   902 000009D4 EB D8                           	JMP	L51
   903 000009D6                                 L40:
   904 000009D6 B3 08                           	MOV	BL,8
   905 000009D8 B2 0F                           	MOV	DL,15
   906 000009DA E9 FFFFFF64                     	JMP	L41
   907 000009DF                                 	GLOBAL	_putfonts8_asc_sht
   908 000009DF                                 _putfonts8_asc_sht:
   909 000009DF 55                              	PUSH	EBP
   910 000009E0 89 E5                           	MOV	EBP,ESP
   911 000009E2 57                              	PUSH	EDI
   912 000009E3 56                              	PUSH	ESI
   913 000009E4 53                              	PUSH	EBX
   914 000009E5 83 EC 0C                        	SUB	ESP,12
   915 000009E8 8B 45 08                        	MOV	EAX,DWORD [8+EBP]
   916 000009EB 8B 7D 10                        	MOV	EDI,DWORD [16+EBP]
   917 000009EE 89 45 F0                        	MOV	DWORD [-16+EBP],EAX
   918 000009F1 8B 5D 14                        	MOV	EBX,DWORD [20+EBP]
   919 000009F4 8B 45 0C                        	MOV	EAX,DWORD [12+EBP]
   920 000009F7 89 45 EC                        	MOV	DWORD [-20+EBP],EAX
   921 000009FA 8B 45 1C                        	MOV	EAX,DWORD [28+EBP]
   922 000009FD 89 45 E8                        	MOV	DWORD [-24+EBP],EAX
   923 00000A00 8D 47 0F                        	LEA	EAX,DWORD [15+EDI]
   924 00000A03 50                              	PUSH	EAX
   925 00000A04 8B 45 EC                        	MOV	EAX,DWORD [-20+EBP]
   926 00000A07 8B 75 20                        	MOV	ESI,DWORD [32+EBP]
   927 00000A0A 0F BE DB                        	MOVSX	EBX,BL
   928 00000A0D 8D 34 F0                        	LEA	ESI,DWORD [EAX+ESI*8]
   929 00000A10 8D 46 FF                        	LEA	EAX,DWORD [-1+ESI]
   930 00000A13 50                              	PUSH	EAX
   931 00000A14 57                              	PUSH	EDI
   932 00000A15 FF 75 EC                        	PUSH	DWORD [-20+EBP]
   933 00000A18 0F B6 45 18                     	MOVZX	EAX,BYTE [24+EBP]
   934 00000A1C 50                              	PUSH	EAX
   935 00000A1D 8B 45 F0                        	MOV	EAX,DWORD [-16+EBP]
   936 00000A20 FF 70 04                        	PUSH	DWORD [4+EAX]
   937 00000A23 FF 30                           	PUSH	DWORD [EAX]
   938 00000A25 E8 [00000000]                   	CALL	_boxfill8
   939 00000A2A FF 75 E8                        	PUSH	DWORD [-24+EBP]
   940 00000A2D 53                              	PUSH	EBX
   941 00000A2E 57                              	PUSH	EDI
   942 00000A2F FF 75 EC                        	PUSH	DWORD [-20+EBP]
   943 00000A32 8B 45 F0                        	MOV	EAX,DWORD [-16+EBP]
   944 00000A35 FF 70 04                        	PUSH	DWORD [4+EAX]
   945 00000A38 FF 30                           	PUSH	DWORD [EAX]
   946 00000A3A E8 [00000000]                   	CALL	_putfonts8_asc
   947 00000A3F 89 7D 10                        	MOV	DWORD [16+EBP],EDI
   948 00000A42 8D 47 10                        	LEA	EAX,DWORD [16+EDI]
   949 00000A45 89 75 14                        	MOV	DWORD [20+EBP],ESI
   950 00000A48 89 45 18                        	MOV	DWORD [24+EBP],EAX
   951 00000A4B 83 C4 34                        	ADD	ESP,52
   952 00000A4E 8B 45 EC                        	MOV	EAX,DWORD [-20+EBP]
   953 00000A51 89 45 0C                        	MOV	DWORD [12+EBP],EAX
   954 00000A54 8B 45 F0                        	MOV	EAX,DWORD [-16+EBP]
   955 00000A57 89 45 08                        	MOV	DWORD [8+EBP],EAX
   956 00000A5A 8D 65 F4                        	LEA	ESP,DWORD [-12+EBP]
   957 00000A5D 5B                              	POP	EBX
   958 00000A5E 5E                              	POP	ESI
   959 00000A5F 5F                              	POP	EDI
   960 00000A60 5D                              	POP	EBP
   961 00000A61 E9 [00000000]                   	JMP	_sheet_refresh
   962 00000A66                                 	GLOBAL	_make_textbox8
   963 00000A66                                 _make_textbox8:
   964 00000A66 55                              	PUSH	EBP
   965 00000A67 89 E5                           	MOV	EBP,ESP
   966 00000A69 57                              	PUSH	EDI
   967 00000A6A 56                              	PUSH	ESI
   968 00000A6B 53                              	PUSH	EBX
   969 00000A6C 83 EC 14                        	SUB	ESP,20
   970 00000A6F 8B 45 0C                        	MOV	EAX,DWORD [12+EBP]
   971 00000A72 8B 75 10                        	MOV	ESI,DWORD [16+EBP]
   972 00000A75 03 45 14                        	ADD	EAX,DWORD [20+EBP]
   973 00000A78 83 EE 03                        	SUB	ESI,3
   974 00000A7B 56                              	PUSH	ESI
   975 00000A7C 89 45 F0                        	MOV	DWORD [-16+EBP],EAX
   976 00000A7F 8B 45 10                        	MOV	EAX,DWORD [16+EBP]
   977 00000A82 03 45 18                        	ADD	EAX,DWORD [24+EBP]
   978 00000A85 89 45 EC                        	MOV	DWORD [-20+EBP],EAX
   979 00000A88 8B 45 F0                        	MOV	EAX,DWORD [-16+EBP]
   980 00000A8B 40                              	INC	EAX
   981 00000A8C 50                              	PUSH	EAX
   982 00000A8D 89 45 E8                        	MOV	DWORD [-24+EBP],EAX
   983 00000A90 8B 45 0C                        	MOV	EAX,DWORD [12+EBP]
   984 00000A93 56                              	PUSH	ESI
   985 00000A94 83 E8 02                        	SUB	EAX,2
   986 00000A97 50                              	PUSH	EAX
   987 00000A98 89 45 E4                        	MOV	DWORD [-28+EBP],EAX
   988 00000A9B 8B 45 08                        	MOV	EAX,DWORD [8+EBP]
   989 00000A9E 6A 0F                           	PUSH	15
   990 00000AA0 FF 70 04                        	PUSH	DWORD [4+EAX]
   991 00000AA3 FF 30                           	PUSH	DWORD [EAX]
   992 00000AA5 E8 [00000000]                   	CALL	_boxfill8
   993 00000AAA 8B 7D 0C                        	MOV	EDI,DWORD [12+EBP]
   994 00000AAD 8B 45 EC                        	MOV	EAX,DWORD [-20+EBP]
   995 00000AB0 83 EF 03                        	SUB	EDI,3
   996 00000AB3 40                              	INC	EAX
   997 00000AB4 50                              	PUSH	EAX
   998 00000AB5 89 45 E0                        	MOV	DWORD [-32+EBP],EAX
   999 00000AB8 57                              	PUSH	EDI
  1000 00000AB9 8B 45 08                        	MOV	EAX,DWORD [8+EBP]
  1001 00000ABC 56                              	PUSH	ESI
  1002 00000ABD 57                              	PUSH	EDI
  1003 00000ABE 6A 0F                           	PUSH	15
  1004 00000AC0 FF 70 04                        	PUSH	DWORD [4+EAX]
  1005 00000AC3 FF 30                           	PUSH	DWORD [EAX]
  1006 00000AC5 E8 [00000000]                   	CALL	_boxfill8
  1007 00000ACA 8B 45 08                        	MOV	EAX,DWORD [8+EBP]
  1008 00000ACD 83 C4 38                        	ADD	ESP,56
  1009 00000AD0 8B 5D EC                        	MOV	EBX,DWORD [-20+EBP]
  1010 00000AD3 83 C3 02                        	ADD	EBX,2
  1011 00000AD6 53                              	PUSH	EBX
  1012 00000AD7 FF 75 E8                        	PUSH	DWORD [-24+EBP]
  1013 00000ADA 53                              	PUSH	EBX
  1014 00000ADB 57                              	PUSH	EDI
  1015 00000ADC 6A 07                           	PUSH	7
  1016 00000ADE FF 70 04                        	PUSH	DWORD [4+EAX]
  1017 00000AE1 FF 30                           	PUSH	DWORD [EAX]
  1018 00000AE3 E8 [00000000]                   	CALL	_boxfill8
  1019 00000AE8 8B 45 F0                        	MOV	EAX,DWORD [-16+EBP]
  1020 00000AEB 53                              	PUSH	EBX
  1021 00000AEC 83 C0 02                        	ADD	EAX,2
  1022 00000AEF 50                              	PUSH	EAX
  1023 00000AF0 56                              	PUSH	ESI
  1024 00000AF1 50                              	PUSH	EAX
  1025 00000AF2 8B 45 08                        	MOV	EAX,DWORD [8+EBP]
  1026 00000AF5 6A 07                           	PUSH	7
  1027 00000AF7 FF 70 04                        	PUSH	DWORD [4+EAX]
  1028 00000AFA FF 30                           	PUSH	DWORD [EAX]
  1029 00000AFC E8 [00000000]                   	CALL	_boxfill8
  1030 00000B01 8B 45 08                        	MOV	EAX,DWORD [8+EBP]
  1031 00000B04 83 C4 38                        	ADD	ESP,56
  1032 00000B07 8B 5D 10                        	MOV	EBX,DWORD [16+EBP]
  1033 00000B0A 83 EB 02                        	SUB	EBX,2
  1034 00000B0D 8B 7D 0C                        	MOV	EDI,DWORD [12+EBP]
  1035 00000B10 53                              	PUSH	EBX
  1036 00000B11 4F                              	DEC	EDI
  1037 00000B12 FF 75 F0                        	PUSH	DWORD [-16+EBP]
  1038 00000B15 53                              	PUSH	EBX
  1039 00000B16 57                              	PUSH	EDI
  1040 00000B17 6A 00                           	PUSH	0
  1041 00000B19 FF 70 04                        	PUSH	DWORD [4+EAX]
  1042 00000B1C FF 30                           	PUSH	DWORD [EAX]
  1043 00000B1E E8 [00000000]                   	CALL	_boxfill8
  1044 00000B23 8B 45 08                        	MOV	EAX,DWORD [8+EBP]
  1045 00000B26 FF 75 EC                        	PUSH	DWORD [-20+EBP]
  1046 00000B29 FF 75 E4                        	PUSH	DWORD [-28+EBP]
  1047 00000B2C 53                              	PUSH	EBX
  1048 00000B2D FF 75 E4                        	PUSH	DWORD [-28+EBP]
  1049 00000B30 6A 00                           	PUSH	0
  1050 00000B32 FF 70 04                        	PUSH	DWORD [4+EAX]
  1051 00000B35 FF 30                           	PUSH	DWORD [EAX]
  1052 00000B37 E8 [00000000]                   	CALL	_boxfill8
  1053 00000B3C 8B 45 08                        	MOV	EAX,DWORD [8+EBP]
  1054 00000B3F 83 C4 38                        	ADD	ESP,56
  1055 00000B42 FF 75 E0                        	PUSH	DWORD [-32+EBP]
  1056 00000B45 FF 75 F0                        	PUSH	DWORD [-16+EBP]
  1057 00000B48 FF 75 E0                        	PUSH	DWORD [-32+EBP]
  1058 00000B4B FF 75 E4                        	PUSH	DWORD [-28+EBP]
  1059 00000B4E 6A 08                           	PUSH	8
  1060 00000B50 FF 70 04                        	PUSH	DWORD [4+EAX]
  1061 00000B53 FF 30                           	PUSH	DWORD [EAX]
  1062 00000B55 E8 [00000000]                   	CALL	_boxfill8
  1063 00000B5A 8B 45 08                        	MOV	EAX,DWORD [8+EBP]
  1064 00000B5D FF 75 E0                        	PUSH	DWORD [-32+EBP]
  1065 00000B60 FF 75 E8                        	PUSH	DWORD [-24+EBP]
  1066 00000B63 53                              	PUSH	EBX
  1067 00000B64 FF 75 E8                        	PUSH	DWORD [-24+EBP]
  1068 00000B67 6A 08                           	PUSH	8
  1069 00000B69 FF 70 04                        	PUSH	DWORD [4+EAX]
  1070 00000B6C FF 30                           	PUSH	DWORD [EAX]
  1071 00000B6E E8 [00000000]                   	CALL	_boxfill8
  1072 00000B73 8B 45 10                        	MOV	EAX,DWORD [16+EBP]
  1073 00000B76 83 C4 38                        	ADD	ESP,56
  1074 00000B79 48                              	DEC	EAX
  1075 00000B7A FF 75 EC                        	PUSH	DWORD [-20+EBP]
  1076 00000B7D FF 75 F0                        	PUSH	DWORD [-16+EBP]
  1077 00000B80 50                              	PUSH	EAX
  1078 00000B81 57                              	PUSH	EDI
  1079 00000B82 0F B6 45 1C                     	MOVZX	EAX,BYTE [28+EBP]
  1080 00000B86 50                              	PUSH	EAX
  1081 00000B87 8B 45 08                        	MOV	EAX,DWORD [8+EBP]
  1082 00000B8A FF 70 04                        	PUSH	DWORD [4+EAX]
  1083 00000B8D FF 30                           	PUSH	DWORD [EAX]
  1084 00000B8F E8 [00000000]                   	CALL	_boxfill8
  1085 00000B94 8D 65 F4                        	LEA	ESP,DWORD [-12+EBP]
  1086 00000B97 5B                              	POP	EBX
  1087 00000B98 5E                              	POP	ESI
  1088 00000B99 5F                              	POP	EDI
  1089 00000B9A 5D                              	POP	EBP
  1090 00000B9B C3                              	RET
  1091 00000B9C                                 	GLOBAL	_console_task
  1092 00000B9C                                 _console_task:
  1093 00000B9C 55                              	PUSH	EBP
  1094 00000B9D 89 E5                           	MOV	EBP,ESP
  1095 00000B9F 57                              	PUSH	EDI
  1096 00000BA0 56                              	PUSH	ESI
  1097 00000BA1 53                              	PUSH	EBX
  1098 00000BA2 8D 5D D4                        	LEA	EBX,DWORD [-44+EBP]
  1099 00000BA5 81 EC 00000224                  	SUB	ESP,548
  1100 00000BAB E8 [00000000]                   	CALL	_task_now
  1101 00000BB0 50                              	PUSH	EAX
  1102 00000BB1 89 85 FFFFFDD0                  	MOV	DWORD [-560+EBP],EAX
  1103 00000BB7 8D 85 FFFFFDD4                  	LEA	EAX,DWORD [-556+EBP]
  1104 00000BBD 50                              	PUSH	EAX
  1105 00000BBE 68 00000080                     	PUSH	128
  1106 00000BC3 53                              	PUSH	EBX
  1107 00000BC4 E8 [00000000]                   	CALL	_fifo32_init
  1108 00000BC9 E8 [00000000]                   	CALL	_timer_alloc
  1109 00000BCE 6A 01                           	PUSH	1
  1110 00000BD0 53                              	PUSH	EBX
  1111 00000BD1 89 C7                           	MOV	EDI,EAX
  1112 00000BD3 50                              	PUSH	EAX
  1113 00000BD4 E8 [00000000]                   	CALL	_timer_init
  1114 00000BD9 6A 32                           	PUSH	50
  1115 00000BDB 57                              	PUSH	EDI
  1116 00000BDC E8 [00000000]                   	CALL	_timer_settime
  1117 00000BE1 83 C4 24                        	ADD	ESP,36
  1118 00000BE4                                 L67:
  1119 00000BE4 8D 75 D4                        	LEA	ESI,DWORD [-44+EBP]
  1120 00000BE7 E8 [00000000]                   	CALL	_io_cli
  1121 00000BEC 56                              	PUSH	ESI
  1122 00000BED E8 [00000000]                   	CALL	_fifo32_status
  1123 00000BF2 5A                              	POP	EDX
  1124 00000BF3 85 C0                           	TEST	EAX,EAX
  1125 00000BF5 74 6B                           	JE	L76
  1126 00000BF7 56                              	PUSH	ESI
  1127 00000BF8 E8 [00000000]                   	CALL	_fifo32_get
  1128 00000BFD 89 C3                           	MOV	EBX,EAX
  1129 00000BFF E8 [00000000]                   	CALL	_io_sti
  1130 00000C04 58                              	POP	EAX
  1131 00000C05 83 FB 01                        	CMP	EBX,1
  1132 00000C08 74 DA                           	JE	L67
  1133 00000C0A 85 DB                           	TEST	EBX,EBX
  1134 00000C0C 74 47                           	JE	L73
  1135 00000C0E 6A 00                           	PUSH	0
  1136 00000C10 BB 00000007                     	MOV	EBX,7
  1137 00000C15 56                              	PUSH	ESI
  1138 00000C16 57                              	PUSH	EDI
  1139 00000C17 E8 [00000000]                   	CALL	_timer_init
  1140 00000C1C                                 L75:
  1141 00000C1C 83 C4 0C                        	ADD	ESP,12
  1142 00000C1F 6A 32                           	PUSH	50
  1143 00000C21 57                              	PUSH	EDI
  1144 00000C22 E8 [00000000]                   	CALL	_timer_settime
  1145 00000C27 8B 45 08                        	MOV	EAX,DWORD [8+EBP]
  1146 00000C2A 6A 2B                           	PUSH	43
  1147 00000C2C 6A 0F                           	PUSH	15
  1148 00000C2E 6A 1C                           	PUSH	28
  1149 00000C30 6A 08                           	PUSH	8
  1150 00000C32 53                              	PUSH	EBX
  1151 00000C33 FF 70 04                        	PUSH	DWORD [4+EAX]
  1152 00000C36 FF 30                           	PUSH	DWORD [EAX]
  1153 00000C38 E8 [00000000]                   	CALL	_boxfill8
  1154 00000C3D 83 C4 24                        	ADD	ESP,36
  1155 00000C40 6A 2C                           	PUSH	44
  1156 00000C42 6A 10                           	PUSH	16
  1157 00000C44 6A 1C                           	PUSH	28
  1158 00000C46 6A 08                           	PUSH	8
  1159 00000C48 FF 75 08                        	PUSH	DWORD [8+EBP]
  1160 00000C4B E8 [00000000]                   	CALL	_sheet_refresh
  1161 00000C50 83 C4 14                        	ADD	ESP,20
  1162 00000C53 EB 8F                           	JMP	L67
  1163 00000C55                                 L73:
  1164 00000C55 6A 01                           	PUSH	1
  1165 00000C57 31 DB                           	XOR	EBX,EBX
  1166 00000C59 56                              	PUSH	ESI
  1167 00000C5A 57                              	PUSH	EDI
  1168 00000C5B E8 [00000000]                   	CALL	_timer_init
  1169 00000C60 EB BA                           	JMP	L75
  1170 00000C62                                 L76:
  1171 00000C62 FF B5 FFFFFDD0                  	PUSH	DWORD [-560+EBP]
  1172 00000C68 E8 [00000000]                   	CALL	_task_sleep
  1173 00000C6D E8 [00000000]                   	CALL	_io_sti
  1174 00000C72 58                              	POP	EAX
  1175 00000C73 E9 FFFFFF6C                     	JMP	L67
